Apsim version = 7.8
Title = HICKS.B_CC_ConvTill_MRTN_FreeDrained
 
year date sum_subsurface_drain sum_subsurface_drain_no3 sum_subsurface_drainerror sum_subsurface_drain_no3error
() (mm/dd/yyyy) () () () ()
2011 01/01/2011 0 0 0 0
2011 01/02/2011 0 0 0 0
2011 01/03/2011 0 0 0 0
2011 01/04/2011 0 0 0 0
2011 01/05/2011 0 0 0 0
2011 01/06/2011 0 0 0 0
2011 01/07/2011 0 0 0 0
2011 01/08/2011 0 0 0 0
2011 01/09/2011 0 0 0 0
2011 01/10/2011 0 0 0 0
2011 01/11/2011 0 0 0 0
2011 01/12/2011 0 0 0 0
2011 01/13/2011 0 0 0 0
2011 01/14/2011 0 0 0 0
2011 01/15/2011 0 0 0 0
2011 01/16/2011 0 0 0 0
2011 01/17/2011 0 0 0 0
2011 01/18/2011 0 0 0 0
2011 01/19/2011 0 0 0 0
2011 01/20/2011 0 0 0 0
2011 01/21/2011 0 0 0 0
2011 01/22/2011 0 0 0 0
2011 01/23/2011 0 0 0 0
2011 01/24/2011 0 0 0 0
2011 01/25/2011 0 0 0 0
2011 01/26/2011 0 0 0 0
2011 01/27/2011 0 0 0 0
2011 01/28/2011 0 0 0 0
2011 01/29/2011 0 0 0 0
2011 01/30/2011 0 0 0 0
2011 01/31/2011 0 0 0 0
2011 02/01/2011 0 0 0 0
2011 02/02/2011 0 0 0 0
2011 02/03/2011 0 0 0 0
2011 02/04/2011 0 0 0 0
2011 02/05/2011 0 0 0 0
2011 02/06/2011 0 0 0 0
2011 02/07/2011 0 0 0 0
2011 02/08/2011 0 0 0 0
2011 02/09/2011 0 0 0 0
2011 02/10/2011 0 0 0 0
2011 02/11/2011 0 0 0 0
2011 02/12/2011 0 0 0 0
2011 02/13/2011 0 0 0 0
2011 02/14/2011 0 0 0 0
2011 02/15/2011 0 0 0 0
2011 02/16/2011 0 0 0 0
2011 02/17/2011 0 0 0 0
2011 02/18/2011 0 0 0 0
2011 02/19/2011 0 0 0 0
2011 02/20/2011 0 0 0 0
2011 02/21/2011 0 0 0 0
2011 02/22/2011 0 0 0 0
2011 02/23/2011 0 0 0 0
2011 02/24/2011 0 0 0 0
2011 02/25/2011 0 0 0 0
2011 02/26/2011 0 0 0 0
2011 02/27/2011 0 0 0 0
2011 02/28/2011 0 0 0 0
2011 03/01/2011 0 0 0 0
2011 03/02/2011 0 0 0 0
2011 03/03/2011 0 0 0 0
2011 03/04/2011 0 0 0 0
2011 03/05/2011 0 0 0 0
2011 03/06/2011 0 0 0 0
2011 03/07/2011 0 0 0 0
2011 03/08/2011 0 0 0 0
2011 03/09/2011 0 0 0 0
2011 03/10/2011 0 0 0 0
2011 03/11/2011 0 0 0 0
2011 03/12/2011 0 0 0 0
2011 03/13/2011 0 0 0 0
2011 03/14/2011 0 0 0 0
2011 03/15/2011 0 0 0 0
2011 03/16/2011 0 0 0 0
2011 03/17/2011 0 0 0 0
2011 03/18/2011 0 0 0 0
2011 03/19/2011 0 0 0 0
2011 03/20/2011 0 0 0 0
2011 03/21/2011 0 0 0 0
2011 03/22/2011 0 0 0 0
2011 03/23/2011 0 0 0 0
2011 03/24/2011 0 0 0 0
2011 03/25/2011 0 0 0 0
2011 03/26/2011 0 0 0 0
2011 03/27/2011 0 0 0 0
2011 03/28/2011 0 0 0 0
2011 03/29/2011 0 0 0 0
2011 03/30/2011 0 0 0 0
2011 03/31/2011 0 0 0 0
2011 04/01/2011 0 0 0 0
2011 04/02/2011 0 0 0 0
2011 04/03/2011 0 0 0 0
2011 04/04/2011 0 0 0 0
2011 04/05/2011 0 0 0 0
2011 04/06/2011 0 0 0 0
2011 04/07/2011 0 0 0 0
2011 04/08/2011 0 0 0 0
2011 04/09/2011 0 0 0 0
2011 04/10/2011 0 0 0 0
2011 04/11/2011 0 0 0 0
2011 04/12/2011 0 0 0 0
2011 04/13/2011 0 0 0 0
2011 04/14/2011 0 0 0 0
2011 04/15/2011 0 0 0 0
2011 04/16/2011 0 0 0 0
2011 04/17/2011 0 0 0 0
2011 04/18/2011 0 0 0 0
2011 04/19/2011 0 0 0 0
2011 04/20/2011 0 0 0 0
2011 04/21/2011 0 0 0 0
2011 04/22/2011 0 0 0 0
2011 04/23/2011 0 0 0 0
2011 04/24/2011 0 0 0 0
2011 04/25/2011 0 0 0 0
2011 04/26/2011 0 0 0 0
2011 04/27/2011 0 0 0 0
2011 04/28/2011 0 0 0 0
2011 04/29/2011 0 0 0 0
2011 04/30/2011 0 0 0 0
2011 05/01/2011 0 0 0 0
2011 05/02/2011 0 0 0 0
2011 05/03/2011 0 0 0 0
2011 05/04/2011 0 0 0 0
2011 05/05/2011 0 0 0 0
2011 05/06/2011 0 0 0 0
2011 05/07/2011 0 0 0 0
2011 05/08/2011 0 0 0 0
2011 05/09/2011 0 0 0 0
2011 05/10/2011 0 0 0 0
2011 05/11/2011 0 0 0 0
2011 05/12/2011 0 0 0 0
2011 05/13/2011 0 0 0 0
2011 05/14/2011 0 0 0 0
2011 05/15/2011 0 0 0 0
2011 05/16/2011 0 0 0 0
2011 05/17/2011 0 0 0 0
2011 05/18/2011 0 0 0 0
2011 05/19/2011 0 0 0 0
2011 05/20/2011 0 0 0 0
2011 05/21/2011 0 0 0 0
2011 05/22/2011 0 0 0 0
2011 05/23/2011 0 0 0 0
2011 05/24/2011 0 0 0 0
2011 05/25/2011 0 0 0 0
2011 05/26/2011 0 0 0 0
2011 05/27/2011 0 0 0 0
2011 05/28/2011 0 0 0 0
2011 05/29/2011 0 0 0 0
2011 05/30/2011 0 0 0 0
2011 05/31/2011 0 0 0 0
2011 06/01/2011 0 0 0 0
2011 06/02/2011 0 0 0 0
2011 06/03/2011 0 0 0 0
2011 06/04/2011 0 0 0 0
2011 06/05/2011 0 0 0 0
2011 06/06/2011 0 0 0 0
2011 06/07/2011 0 0 0 0
2011 06/08/2011 0 0 0 0
2011 06/09/2011 0 0 0 0
2011 06/10/2011 0 0 0 0
2011 06/11/2011 0 0 0 0
2011 06/12/2011 0 0 0 0
2011 06/13/2011 0 0 0 0
2011 06/14/2011 0 0 0 0
2011 06/15/2011 0 0 0 0
2011 06/16/2011 0 0 0 0
2011 06/17/2011 0 0 0 0
2011 06/18/2011 0 0 0 0
2011 06/19/2011 0 0 0 0
2011 06/20/2011 0 0 0 0
2011 06/21/2011 0 0 0 0
2011 06/22/2011 0 0 0 0
2011 06/23/2011 0 0 0 0
2011 06/24/2011 0 0 0 0
2011 06/25/2011 0 0 0 0
2011 06/26/2011 0 0 0 0
2011 06/27/2011 0 0 0 0
2011 06/28/2011 0 0 0 0
2011 06/29/2011 0 0 0 0
2011 06/30/2011 0 0 0 0
2011 07/01/2011 0 0 0 0
2011 07/02/2011 0 0 0 0
2011 07/03/2011 0 0 0 0
2011 07/04/2011 0 0 0 0
2011 07/05/2011 0 0 0 0
2011 07/06/2011 0 0 0 0
2011 07/07/2011 0 0 0 0
2011 07/08/2011 0 0 0 0
2011 07/09/2011 0 0 0 0
2011 07/10/2011 0 0 0 0
2011 07/11/2011 0 0 0 0
2011 07/12/2011 0 0 0 0
2011 07/13/2011 0 0 0 0
2011 07/14/2011 0 0 0 0
2011 07/15/2011 0 0 0 0
2011 07/16/2011 0 0 0 0
2011 07/17/2011 0 0 0 0
2011 07/18/2011 0 0 0 0
2011 07/19/2011 0 0 0 0
2011 07/20/2011 0 0 0 0
2011 07/21/2011 0 0 0 0
2011 07/22/2011 0 0 0 0
2011 07/23/2011 0 0 0 0
2011 07/24/2011 0 0 0 0
2011 07/25/2011 0 0 0 0
2011 07/26/2011 0 0 0 0
2011 07/27/2011 0 0 0 0
2011 07/28/2011 0 0 0 0
2011 07/29/2011 0 0 0 0
2011 07/30/2011 0 0 0 0
2011 07/31/2011 0 0 0 0
2011 08/01/2011 0 0 0 0
2011 08/02/2011 0 0 0 0
2011 08/03/2011 0 0 0 0
2011 08/04/2011 0 0 0 0
2011 08/05/2011 0 0 0 0
2011 08/06/2011 0 0 0 0
2011 08/07/2011 0 0 0 0
2011 08/08/2011 0 0 0 0
2011 08/09/2011 0 0 0 0
2011 08/10/2011 0 0 0 0
2011 08/11/2011 0 0 0 0
2011 08/12/2011 0 0 0 0
2011 08/13/2011 0 0 0 0
2011 08/14/2011 0 0 0 0
2011 08/15/2011 0 0 0 0
2011 08/16/2011 0 0 0 0
2011 08/17/2011 0 0 0 0
2011 08/18/2011 0 0 0 0
2011 08/19/2011 0 0 0 0
2011 08/20/2011 0 0 0 0
2011 08/21/2011 0 0 0 0
2011 08/22/2011 0 0 0 0
2011 08/23/2011 0 0 0 0
2011 08/24/2011 0 0 0 0
2011 08/25/2011 0 0 0 0
2011 08/26/2011 0 0 0 0
2011 08/27/2011 0 0 0 0
2011 08/28/2011 0 0 0 0
2011 08/29/2011 0 0 0 0
2011 08/30/2011 0 0 0 0
2011 08/31/2011 0 0 0 0
2011 09/01/2011 0 0 0 0
2011 09/02/2011 0 0 0 0
2011 09/03/2011 0 0 0 0
2011 09/04/2011 0 0 0 0
2011 09/05/2011 0 0 0 0
2011 09/06/2011 0 0 0 0
2011 09/07/2011 0 0 0 0
2011 09/08/2011 0 0 0 0
2011 09/09/2011 0 0 0 0
2011 09/10/2011 0 0 0 0
2011 09/11/2011 0 0 0 0
2011 09/12/2011 0 0 0 0
2011 09/13/2011 0 0 0 0
2011 09/14/2011 0 0 0 0
2011 09/15/2011 0 0 0 0
2011 09/16/2011 0 0 0 0
2011 09/17/2011 0 0 0 0
2011 09/18/2011 0 0 0 0
2011 09/19/2011 0 0 0 0
2011 09/20/2011 0 0 0 0
2011 09/21/2011 0 0 0 0
2011 09/22/2011 0 0 0 0
2011 09/23/2011 0 0 0 0
2011 09/24/2011 0 0 0 0
2011 09/25/2011 0 0 0 0
2011 09/26/2011 0 0 0 0
2011 09/27/2011 0 0 0 0
2011 09/28/2011 0 0 0 0
2011 09/29/2011 0 0 0 0
2011 09/30/2011 0 0 0 0
2011 10/01/2011 0 0 0 0
2011 10/02/2011 0 0 0 0
2011 10/03/2011 0 0 0 0
2011 10/04/2011 0 0 0 0
2011 10/05/2011 0 0 0 0
2011 10/06/2011 0 0 0 0
2011 10/07/2011 0 0 0 0
2011 10/08/2011 0 0 0 0
2011 10/09/2011 0 0 0 0
2011 10/10/2011 0 0 0 0
2011 10/11/2011 0 0 0 0
2011 10/12/2011 0 0 0 0
2011 10/13/2011 0 0 0 0
2011 10/14/2011 0 0 0 0
2011 10/15/2011 0 0 0 0
2011 10/16/2011 0 0 0 0
2011 10/17/2011 0 0 0 0
2011 10/18/2011 0 0 0 0
2011 10/19/2011 0 0 0 0
2011 10/20/2011 0 0 0 0
2011 10/21/2011 0 0 0 0
2011 10/22/2011 0 0 0 0
2011 10/23/2011 0 0 0 0
2011 10/24/2011 0 0 0 0
2011 10/25/2011 0 0 0 0
2011 10/26/2011 0 0 0 0
2011 10/27/2011 0 0 0 0
2011 10/28/2011 0 0 0 0
2011 10/29/2011 0 0 0 0
2011 10/30/2011 0 0 0 0
2011 10/31/2011 0 0 0 0
2011 11/01/2011 0 0 0 0
2011 11/02/2011 0 0 0 0
2011 11/03/2011 0 0 0 0
2011 11/04/2011 0 0 0 0
2011 11/05/2011 0 0 0 0
2011 11/06/2011 0 0 0 0
2011 11/07/2011 0 0 0 0
2011 11/08/2011 0 0 0 0
2011 11/09/2011 0 0 0 0
2011 11/10/2011 0 0 0 0
2011 11/11/2011 0 0 0 0
2011 11/12/2011 0 0 0 0
2011 11/13/2011 0 0 0 0
2011 11/14/2011 0 0 0 0
2011 11/15/2011 0 0 0 0
2011 11/16/2011 0 0 0 0
2011 11/17/2011 0 0 0 0
2011 11/18/2011 0 0 0 0
2011 11/19/2011 0 0 0 0
2011 11/20/2011 0 0 0 0
2011 11/21/2011 0 0 0 0
2011 11/22/2011 0 0 0 0
2011 11/23/2011 0 0 0 0
2011 11/24/2011 0 0 0 0
2011 11/25/2011 0 0 0 0
2011 11/26/2011 0 0 0 0
2011 11/27/2011 0 0 0 0
2011 11/28/2011 0 0 0 0
2011 11/29/2011 0 0 0 0
2011 11/30/2011 0 0 0 0
2011 12/01/2011 0 0 0 0
2011 12/02/2011 0 0 0 0
2011 12/03/2011 0 0 0 0
2011 12/04/2011 0 0 0 0
2011 12/05/2011 0 0 0 0
2011 12/06/2011 0 0 0 0
2011 12/07/2011 0 0 0 0
2011 12/08/2011 0 0 0 0
2011 12/09/2011 0 0 0 0
2011 12/10/2011 0 0 0 0
2011 12/11/2011 0 0 0 0
2011 12/12/2011 0 0 0 0
2011 12/13/2011 0 0 0 0
2011 12/14/2011 0 0 0 0
2011 12/15/2011 0 0 0 0
2011 12/16/2011 0 0 0 0
2011 12/17/2011 0 0 0 0
2011 12/18/2011 0 0 0 0
2011 12/19/2011 0 0 0 0
2011 12/20/2011 0 0 0 0
2011 12/21/2011 0 0 0 0
2011 12/22/2011 0 0 0 0
2011 12/23/2011 0 0 0 0
2011 12/24/2011 0 0 0 0
2011 12/25/2011 0 0 0 0
2011 12/26/2011 0 0 0 0
2011 12/27/2011 0 0 0 0
2011 12/28/2011 0 0 0 0
2011 12/29/2011 0 0 0 0
2011 12/30/2011 0 0 0 0
2011 12/31/2011 0 0 0 0
2012 01/01/2012 0 0 0 0
2012 01/02/2012 0 0 0 0
2012 01/03/2012 0 0 0 0
2012 01/04/2012 0 0 0 0
2012 01/05/2012 0 0 0 0
2012 01/06/2012 0 0 0 0
2012 01/07/2012 0 0 0 0
2012 01/08/2012 0 0 0 0
2012 01/09/2012 0 0 0 0
2012 01/10/2012 0 0 0 0
2012 01/11/2012 0 0 0 0
2012 01/12/2012 0 0 0 0
2012 01/13/2012 0 0 0 0
2012 01/14/2012 0 0 0 0
2012 01/15/2012 0 0 0 0
2012 01/16/2012 0 0 0 0
2012 01/17/2012 0 0 0 0
2012 01/18/2012 0 0 0 0
2012 01/19/2012 0 0 0 0
2012 01/20/2012 0 0 0 0
2012 01/21/2012 0 0 0 0
2012 01/22/2012 0 0 0 0
2012 01/23/2012 0 0 0 0
2012 01/24/2012 0 0 0 0
2012 01/25/2012 0 0 0 0
2012 01/26/2012 0 0 0 0
2012 01/27/2012 0 0 0 0
2012 01/28/2012 0 0 0 0
2012 01/29/2012 0 0 0 0
2012 01/30/2012 0 0 0 0
2012 01/31/2012 0 0 0 0
2012 02/01/2012 0 0 0 0
2012 02/02/2012 0 0 0 0
2012 02/03/2012 0 0 0 0
2012 02/04/2012 0 0 0 0
2012 02/05/2012 0 0 0 0
2012 02/06/2012 0 0 0 0
2012 02/07/2012 0 0 0 0
2012 02/08/2012 0 0 0 0
2012 02/09/2012 0 0 0 0
2012 02/10/2012 0 0 0 0
2012 02/11/2012 0 0 0 0
2012 02/12/2012 0 0 0 0
2012 02/13/2012 0 0 0 0
2012 02/14/2012 0 0 0 0
2012 02/15/2012 0 0 0 0
2012 02/16/2012 0 0 0 0
2012 02/17/2012 0 0 0 0
2012 02/18/2012 0 0 0 0
2012 02/19/2012 0 0 0 0
2012 02/20/2012 0 0 0 0
2012 02/21/2012 0 0 0 0
2012 02/22/2012 0 0 0 0
2012 02/23/2012 0 0 0 0
2012 02/24/2012 0 0 0 0
2012 02/25/2012 0 0 0 0
2012 02/26/2012 0 0 0 0
2012 02/27/2012 0 0 0 0
2012 02/28/2012 0 0 0 0
2012 02/29/2012 0 0 0 0
2012 03/01/2012 0 0 0 0
2012 03/02/2012 0 0 0 0
2012 03/03/2012 0 0 0 0
2012 03/04/2012 0 0 0 0
2012 03/05/2012 0 0 0 0
2012 03/06/2012 0 0 0 0
2012 03/07/2012 0 0 0 0
2012 03/08/2012 0 0 0 0
2012 03/09/2012 0 0 0 0
2012 03/10/2012 0 0 0 0
2012 03/11/2012 0 0 0 0
2012 03/12/2012 0 0 0 0
2012 03/13/2012 0 0 0 0
2012 03/14/2012 0 0 0 0
2012 03/15/2012 0 0 0 0
2012 03/16/2012 0 0 0 0
2012 03/17/2012 0 0 0 0
2012 03/18/2012 0 0 0 0
2012 03/19/2012 0 0 0 0
2012 03/20/2012 0 0 0 0
2012 03/21/2012 0 0 0 0
2012 03/22/2012 0 0 0 0
2012 03/23/2012 0 0 0 0
2012 03/24/2012 0 0 0 0
2012 03/25/2012 0 0 0 0
2012 03/26/2012 0 0 0 0
2012 03/27/2012 0 0 0 0
2012 03/28/2012 0 0 0 0
2012 03/29/2012 0 0 0 0
2012 03/30/2012 0 0 0 0
2012 03/31/2012 0 0 0 0
2012 04/01/2012 0 0 0 0
2012 04/02/2012 0 0 0 0
2012 04/03/2012 0 0 0 0
2012 04/04/2012 0 0 0 0
2012 04/05/2012 0 0 0 0
2012 04/06/2012 0 0 0 0
2012 04/07/2012 0 0 0 0
2012 04/08/2012 0 0 0 0
2012 04/09/2012 0 0 0 0
2012 04/10/2012 0 0 0 0
2012 04/11/2012 0 0 0 0
2012 04/12/2012 0 0 0 0
2012 04/13/2012 0 0 0 0
2012 04/14/2012 0 0 0 0
2012 04/15/2012 0 0 0 0
2012 04/16/2012 0 0 0 0
2012 04/17/2012 0 0 0 0
2012 04/18/2012 0 0 0 0
2012 04/19/2012 0 0 0 0
2012 04/20/2012 0 0 0 0
2012 04/21/2012 0 0 0 0
2012 04/22/2012 0 0 0 0
2012 04/23/2012 0 0 0 0
2012 04/24/2012 0 0 0 0
2012 04/25/2012 0 0 0 0
2012 04/26/2012 0 0 0 0
2012 04/27/2012 0 0 0 0
2012 04/28/2012 0 0 0 0
2012 04/29/2012 0 0 0 0
2012 04/30/2012 0 0 0 0
2012 05/01/2012 0 0 0 0
2012 05/02/2012 0 0 0 0
2012 05/03/2012 0 0 0 0
2012 05/04/2012 0 0 0 0
2012 05/05/2012 0 0 0 0
2012 05/06/2012 1.2273322 0.012899261422 0 0
2012 05/07/2012 2.3292919 0.024480857869 0 0
2012 05/08/2012 3.1392261 0.037334513623 0 0
2012 05/09/2012 3.8327402 0.04834058239 0 0
2012 05/10/2012 4.4375225 0.057938477491 0 0
2012 05/11/2012 4.77550441 0.0633022504027 0 0
2012 05/12/2012 4.98574027 0.0666386935009 0 0
2012 05/13/2012 5.15636755 0.0693465484345 0 0
2012 05/14/2012 5.28929942 0.0714561772114 0 0
2012 05/15/2012 5.384710866 0.07297035685942 0 0
2012 05/16/2012 5.4070820083 0.073325386887721 0 0
2012 05/17/2012 5.5440024583 0.075498314429221 0 0
2012 05/18/2012 5.6435988303 0.077078908852861 0 0
2012 05/19/2012 5.6725573363 0.077538480343081 0 0
2012 05/20/2012 5.6834441703 0.077711254398661 0 0
2012 05/21/2012 5.6870460143 0.077768415662941 0 0
2012 05/22/2012 5.7747618133 0.079160465393071 0 0
2012 05/23/2012 5.7921403385 0.079436262587995 0 0
2012 05/24/2012 7.3177304785 0.103647378109795 0 0
2012 05/25/2012 9.4632340785 0.137696520241795 0 0
2012 05/26/2012 14.9033817785 0.224031664240795 0 0
2012 05/27/2012 21.1097297785 0.322526407000795 0 0
2012 05/28/2012 36.0157087785 0.559084293730795 0 0
2012 05/29/2012 44.4807667785 0.711370687150795 0 0
2012 05/30/2012 50.2988837785 1.52433617556079 0 0
2012 05/31/2012 56.1214757785 2.33792695572079 0 0
2012 06/01/2012 61.3113017785 3.03180669192079 0 0
2012 06/02/2012 65.5465817785 3.5980636279208 0 0
2012 06/03/2012 69.1040967785 4.07370338342079 0 0
2012 06/04/2012 71.9635787785 4.45601612682079 0 0
2012 06/05/2012 73.1227007785 4.61099073822079 0 0
2012 06/06/2012 73.1227007785 4.61099073822079 0 0
2012 06/07/2012 73.1227007785 4.61099073822079 0 0
2012 06/08/2012 73.6154510785 4.6768714533308 0 0
2012 06/09/2012 74.1654910785 4.7504118013308 0 0
2012 06/10/2012 74.5255086785 4.7985461544508 0 0
2012 06/11/2012 74.7099508385 4.82320607124279 0 0
2012 06/12/2012 74.8241450285 4.83847383444579 0 0
2012 06/13/2012 74.9542153785 4.85586424024079 0 0
2012 06/14/2012 75.0045236345 4.86259045406799 0 0
2012 06/15/2012 75.0045236345 4.86259045406799 0 0
2012 06/16/2012 75.0045236345 4.86259045406799 0 0
2012 06/17/2012 75.0047643078 4.8626226320882 0 0
2012 06/18/2012 75.0047643078 4.8626226320882 0 0
2012 06/19/2012 75.0047643078 4.8626226320882 0 0
2012 06/20/2012 75.0047643078 4.8626226320882 0 0
2012 06/21/2012 75.0047643078 4.8626226320882 0 0
2012 06/22/2012 75.0047643078 4.8626226320882 0 0
2012 06/23/2012 75.0047643078 4.8626226320882 0 0
2012 06/24/2012 75.0047643078 4.8626226320882 0 0
2012 06/25/2012 75.0047643078 4.8626226320882 0 0
2012 06/26/2012 75.0047643078 4.8626226320882 0 0
2012 06/27/2012 75.0047643078 4.8626226320882 0 0
2012 06/28/2012 75.0047643078 4.8626226320882 0 0
2012 06/29/2012 75.0047643078 4.8626226320882 0 0
2012 06/30/2012 75.0047643078 4.8626226320882 0 0
2012 07/01/2012 75.0047643078 4.8626226320882 0 0
2012 07/02/2012 75.0047643078 4.8626226320882 0 0
2012 07/03/2012 75.0047643078 4.8626226320882 0 0
2012 07/04/2012 75.0047643078 4.8626226320882 0 0
2012 07/05/2012 75.0047643078 4.8626226320882 0 0
2012 07/06/2012 75.0047643078 4.8626226320882 0 0
2012 07/07/2012 75.0047643078 4.8626226320882 0 0
2012 07/08/2012 75.0047643078 4.8626226320882 0 0
2012 07/09/2012 75.0047643078 4.8626226320882 0 0
2012 07/10/2012 75.0047643078 4.8626226320882 0 0
2012 07/11/2012 75.0047643078 4.8626226320882 0 0
2012 07/12/2012 75.0047643078 4.8626226320882 0 0
2012 07/13/2012 75.0047643078 4.8626226320882 0 0
2012 07/14/2012 75.0047643078 4.8626226320882 0 0
2012 07/15/2012 75.0047643078 4.8626226320882 0 0
2012 07/16/2012 75.0047643078 4.8626226320882 0 0
2012 07/17/2012 75.0047643078 4.8626226320882 0 0
2012 07/18/2012 75.0047643078 4.8626226320882 0 0
2012 07/19/2012 75.0047643078 4.8626226320882 0 0
2012 07/20/2012 75.0047643078 4.8626226320882 0 0
2012 07/21/2012 75.0047643078 4.8626226320882 0 0
2012 07/22/2012 75.0047643078 4.8626226320882 0 0
2012 07/23/2012 75.0047643078 4.8626226320882 0 0
2012 07/24/2012 75.0047643078 4.8626226320882 0 0
2012 07/25/2012 75.0047643078 4.8626226320882 0 0
2012 07/26/2012 75.0047643078 4.8626226320882 0 0
2012 07/27/2012 75.0047643078 4.8626226320882 0 0
2012 07/28/2012 75.0047643078 4.8626226320882 0 0
2012 07/29/2012 75.0047643078 4.8626226320882 0 0
2012 07/30/2012 75.0047643078 4.8626226320882 0 0
2012 07/31/2012 75.0047643078 4.8626226320882 0 0
2012 08/01/2012 75.0047643078 4.8626226320882 0 0
2012 08/02/2012 75.0047643078 4.8626226320882 0 0
2012 08/03/2012 75.0047643078 4.8626226320882 0 0
2012 08/04/2012 75.0047643078 4.8626226320882 0 0
2012 08/05/2012 75.0047643078 4.8626226320882 0 0
2012 08/06/2012 75.0047643078 4.8626226320882 0 0
2012 08/07/2012 75.0047643078 4.8626226320882 0 0
2012 08/08/2012 75.0047643078 4.8626226320882 0 0
2012 08/09/2012 75.0047643078 4.8626226320882 0 0
2012 08/10/2012 75.0047643078 4.8626226320882 0 0
2012 08/11/2012 75.0047643078 4.8626226320882 0 0
2012 08/12/2012 75.0047643078 4.8626226320882 0 0
2012 08/13/2012 75.0047643078 4.8626226320882 0 0
2012 08/14/2012 75.0047643078 4.8626226320882 0 0
2012 08/15/2012 75.0047643078 4.8626226320882 0 0
2012 08/16/2012 75.0047643078 4.8626226320882 0 0
2012 08/17/2012 75.0047643078 4.8626226320882 0 0
2012 08/18/2012 75.0047643078 4.8626226320882 0 0
2012 08/19/2012 75.0047643078 4.8626226320882 0 0
2012 08/20/2012 75.0047643078 4.8626226320882 0 0
2012 08/21/2012 75.0047643078 4.8626226320882 0 0
2012 08/22/2012 75.0047643078 4.8626226320882 0 0
2012 08/23/2012 75.0047643078 4.8626226320882 0 0
2012 08/24/2012 75.0047643078 4.8626226320882 0 0
2012 08/25/2012 75.0047643078 4.8626226320882 0 0
2012 08/26/2012 75.0047643078 4.8626226320882 0 0
2012 08/27/2012 75.0047643078 4.8626226320882 0 0
2012 08/28/2012 75.0047643078 4.8626226320882 0 0
2012 08/29/2012 75.0047643078 4.8626226320882 0 0
2012 08/30/2012 75.0047643078 4.8626226320882 0 0
2012 08/31/2012 75.0047643078 4.8626226320882 0 0
2012 09/01/2012 75.0047643078 4.8626226320882 0 0
2012 09/02/2012 75.0047643078 4.8626226320882 0 0
2012 09/03/2012 75.0047643078 4.8626226320882 0 0
2012 09/04/2012 75.0047643078 4.8626226320882 0 0
2012 09/05/2012 75.0047643078 4.8626226320882 0 0
2012 09/06/2012 75.0047643078 4.8626226320882 0 0
2012 09/07/2012 75.0047643078 4.8626226320882 0 0
2012 09/08/2012 75.0047643078 4.8626226320882 0 0
2012 09/09/2012 75.0047643078 4.8626226320882 0 0
2012 09/10/2012 75.0047643078 4.8626226320882 0 0
2012 09/11/2012 75.0047643078 4.8626226320882 0 0
2012 09/12/2012 75.0047643078 4.8626226320882 0 0
2012 09/13/2012 75.0047643078 4.8626226320882 0 0
2012 09/14/2012 75.0047643078 4.8626226320882 0 0
2012 09/15/2012 75.0047643078 4.8626226320882 0 0
2012 09/16/2012 75.0047643078 4.8626226320882 0 0
2012 09/17/2012 75.0047643078 4.8626226320882 0 0
2012 09/18/2012 75.0047643078 4.8626226320882 0 0
2012 09/19/2012 75.0047643078 4.8626226320882 0 0
2012 09/20/2012 75.0047643078 4.8626226320882 0 0
2012 09/21/2012 75.0047643078 4.8626226320882 0 0
2012 09/22/2012 75.0047643078 4.8626226320882 0 0
2012 09/23/2012 75.0047643078 4.8626226320882 0 0
2012 09/24/2012 75.0047643078 4.8626226320882 0 0
2012 09/25/2012 75.0047643078 4.8626226320882 0 0
2012 09/26/2012 75.0047643078 4.8626226320882 0 0
2012 09/27/2012 75.0047643078 4.8626226320882 0 0
2012 09/28/2012 75.0047643078 4.8626226320882 0 0
2012 09/29/2012 75.0047643078 4.8626226320882 0 0
2012 09/30/2012 75.0047643078 4.8626226320882 0 0
2012 10/01/2012 75.0047643078 4.8626226320882 0 0
2012 10/02/2012 75.0047643078 4.8626226320882 0 0
2012 10/03/2012 75.0047643078 4.8626226320882 0 0
2012 10/04/2012 75.0047643078 4.8626226320882 0 0
2012 10/05/2012 75.0047643078 4.8626226320882 0 0
2012 10/06/2012 75.0047643078 4.8626226320882 0 0
2012 10/07/2012 75.0047643078 4.8626226320882 0 0
2012 10/08/2012 75.0047643078 4.8626226320882 0 0
2012 10/09/2012 75.0047643078 4.8626226320882 0 0
2012 10/10/2012 75.0047643078 4.8626226320882 0 0
2012 10/11/2012 75.0047643078 4.8626226320882 0 0
2012 10/12/2012 75.0047643078 4.8626226320882 0 0
2012 10/13/2012 75.0047643078 4.8626226320882 0 0
2012 10/14/2012 75.0047643078 4.8626226320882 0 0
2012 10/15/2012 75.0047643078 4.8626226320882 0 0
2012 10/16/2012 75.0047643078 4.8626226320882 0 0
2012 10/17/2012 75.0047643078 4.8626226320882 0 0
2012 10/18/2012 75.0047643078 4.8626226320882 0 0
2012 10/19/2012 75.0047643078 4.8626226320882 0 0
2012 10/20/2012 75.0047643078 4.8626226320882 0 0
2012 10/21/2012 75.0047643078 4.8626226320882 0 0
2012 10/22/2012 75.0047643078 4.8626226320882 0 0
2012 10/23/2012 75.0047643078 4.8626226320882 0 0
2012 10/24/2012 75.0047643078 4.8626226320882 0 0
2012 10/25/2012 75.0047643078 4.8626226320882 0 0
2012 10/26/2012 75.0047643078 4.8626226320882 0 0
2012 10/27/2012 75.0047643078 4.8626226320882 0 0
2012 10/28/2012 75.0047643078 4.8626226320882 0 0
2012 10/29/2012 75.0047643078 4.8626226320882 0 0
2012 10/30/2012 75.0047643078 4.8626226320882 0 0
2012 10/31/2012 75.0047643078 4.8626226320882 0 0
2012 11/01/2012 75.0047643078 4.8626226320882 0 0
2012 11/02/2012 75.0047643078 4.8626226320882 0 0
2012 11/03/2012 75.0047643078 4.8626226320882 0 0
2012 11/04/2012 75.0047643078 4.8626226320882 0 0
2012 11/05/2012 75.0047643078 4.8626226320882 0 0
2012 11/06/2012 75.0047643078 4.8626226320882 0 0
2012 11/07/2012 75.0047643078 4.8626226320882 0 0
2012 11/08/2012 75.0047643078 4.8626226320882 0 0
2012 11/09/2012 75.0047643078 4.8626226320882 0 0
2012 11/10/2012 75.0047643078 4.8626226320882 0 0
2012 11/11/2012 75.0047643078 4.8626226320882 0 0
2012 11/12/2012 75.0047643078 4.8626226320882 0 0
2012 11/13/2012 75.0047643078 4.8626226320882 0 0
2012 11/14/2012 75.0047643078 4.8626226320882 0 0
2012 11/15/2012 75.0047643078 4.8626226320882 0 0
2012 11/16/2012 75.0047643078 4.8626226320882 0 0
2012 11/17/2012 75.0047643078 4.8626226320882 0 0
2012 11/18/2012 75.0047643078 4.8626226320882 0 0
2012 11/19/2012 75.0047643078 4.8626226320882 0 0
2012 11/20/2012 75.0047643078 4.8626226320882 0 0
2012 11/21/2012 75.0047643078 4.8626226320882 0 0
2012 11/22/2012 75.0047643078 4.8626226320882 0 0
2012 11/23/2012 75.0047643078 4.8626226320882 0 0
2012 11/24/2012 75.0047643078 4.8626226320882 0 0
2012 11/25/2012 75.0047643078 4.8626226320882 0 0
2012 11/26/2012 75.0047643078 4.8626226320882 0 0
2012 11/27/2012 75.0047643078 4.8626226320882 0 0
2012 11/28/2012 75.0047643078 4.8626226320882 0 0
2012 11/29/2012 75.0047643078 4.8626226320882 0 0
2012 11/30/2012 75.0047643078 4.8626226320882 0 0
2012 12/01/2012 75.0047643078 4.8626226320882 0 0
2012 12/02/2012 75.0047643078 4.8626226320882 0 0
2012 12/03/2012 75.0047643078 4.8626226320882 0 0
2012 12/04/2012 75.0047643078 4.8626226320882 0 0
2012 12/05/2012 75.0047643078 4.8626226320882 0 0
2012 12/06/2012 75.0047643078 4.8626226320882 0 0
2012 12/07/2012 75.0047643078 4.8626226320882 0 0
2012 12/08/2012 75.0047643078 4.8626226320882 0 0
2012 12/09/2012 75.0047643078 4.8626226320882 0 0
2012 12/10/2012 75.0047643078 4.8626226320882 0 0
2012 12/11/2012 75.0047643078 4.8626226320882 0 0
2012 12/12/2012 75.0047643078 4.8626226320882 0 0
2012 12/13/2012 75.0047643078 4.8626226320882 0 0
2012 12/14/2012 75.0047643078 4.8626226320882 0 0
2012 12/15/2012 75.0047643078 4.8626226320882 0 0
2012 12/16/2012 75.0047643078 4.8626226320882 0 0
2012 12/17/2012 75.0047643078 4.8626226320882 0 0
2012 12/18/2012 75.0047643078 4.8626226320882 0 0
2012 12/19/2012 75.0047643078 4.8626226320882 0 0
2012 12/20/2012 75.0047643078 4.8626226320882 0 0
2012 12/21/2012 75.0047643078 4.8626226320882 0 0
2012 12/22/2012 75.0047643078 4.8626226320882 0 0
2012 12/23/2012 75.0047643078 4.8626226320882 0 0
2012 12/24/2012 75.0047643078 4.8626226320882 0 0
2012 12/25/2012 75.0047643078 4.8626226320882 0 0
2012 12/26/2012 75.0047643078 4.8626226320882 0 0
2012 12/27/2012 75.0047643078 4.8626226320882 0 0
2012 12/28/2012 75.0047643078 4.8626226320882 0 0
2012 12/29/2012 75.0047643078 4.8626226320882 0 0
2012 12/30/2012 75.0047643078 4.8626226320882 0 0
2012 12/31/2012 75.0047643078 4.8626226320882 0 0
2013 01/01/2013 0 0 0 0
2013 01/02/2013 0 0 0 0
2013 01/03/2013 0 0 0 0
2013 01/04/2013 0 0 0 0
2013 01/05/2013 0 0 0 0
2013 01/06/2013 0 0 0 0
2013 01/07/2013 0 0 0 0
2013 01/08/2013 0 0 0 0
2013 01/09/2013 0 0 0 0
2013 01/10/2013 0 0 0 0
2013 01/11/2013 0 0 0 0
2013 01/12/2013 0 0 0 0
2013 01/13/2013 0 0 0 0
2013 01/14/2013 0 0 0 0
2013 01/15/2013 0 0 0 0
2013 01/16/2013 0 0 0 0
2013 01/17/2013 0 0 0 0
2013 01/18/2013 0 0 0 0
2013 01/19/2013 0 0 0 0
2013 01/20/2013 0 0 0 0
2013 01/21/2013 0 0 0 0
2013 01/22/2013 0 0 0 0
2013 01/23/2013 0 0 0 0
2013 01/24/2013 0 0 0 0
2013 01/25/2013 0 0 0 0
2013 01/26/2013 0 0 0 0
2013 01/27/2013 0 0 0 0
2013 01/28/2013 0 0 0 0
2013 01/29/2013 0 0 0 0
2013 01/30/2013 0 0 0 0
2013 01/31/2013 0 0 0 0
2013 02/01/2013 0 0 0 0
2013 02/02/2013 0 0 0 0
2013 02/03/2013 0 0 0 0
2013 02/04/2013 0 0 0 0
2013 02/05/2013 0 0 0 0
2013 02/06/2013 0 0 0 0
2013 02/07/2013 0 0 0 0
2013 02/08/2013 0 0 0 0
2013 02/09/2013 0 0 0 0
2013 02/10/2013 0 0 0 0
2013 02/11/2013 0 0 0 0
2013 02/12/2013 0 0 0 0
2013 02/13/2013 0 0 0 0
2013 02/14/2013 0 0 0 0
2013 02/15/2013 0 0 0 0
2013 02/16/2013 0 0 0 0
2013 02/17/2013 0 0 0 0
2013 02/18/2013 0 0 0 0
2013 02/19/2013 0 0 0 0
2013 02/20/2013 0 0 0 0
2013 02/21/2013 0 0 0 0
2013 02/22/2013 0 0 0 0
2013 02/23/2013 0 0 0 0
2013 02/24/2013 0 0 0 0
2013 02/25/2013 0 0 0 0
2013 02/26/2013 0 0 0 0
2013 02/27/2013 0 0 0 0
2013 02/28/2013 0 0 0 0
2013 03/01/2013 0 0 0 0
2013 03/02/2013 0 0 0 0
2013 03/03/2013 0 0 0 0
2013 03/04/2013 0 0 0 0
2013 03/05/2013 0 0 0 0
2013 03/06/2013 0 0 0 0
2013 03/07/2013 0 0 0 0
2013 03/08/2013 0 0 0 0
2013 03/09/2013 0 0 0 0
2013 03/10/2013 0 0 0 0
2013 03/11/2013 0 0 0 0
2013 03/12/2013 0 0 0 0
2013 03/13/2013 0 0 0 0
2013 03/14/2013 0 0 0 0
2013 03/15/2013 0 0 0 0
2013 03/16/2013 0 0 0 0
2013 03/17/2013 0 0 0 0
2013 03/18/2013 0 0 0 0
2013 03/19/2013 0 0 0 0
2013 03/20/2013 0 0 0 0
2013 03/21/2013 0 0 0 0
2013 03/22/2013 0 0 0 0
2013 03/23/2013 0 0 0 0
2013 03/24/2013 0 0 0 0
2013 03/25/2013 0 0 0 0
2013 03/26/2013 0 0 0 0
2013 03/27/2013 0 0 0 0
2013 03/28/2013 0 0 0 0
2013 03/29/2013 0 0 0 0
2013 03/30/2013 0 0 0 0
2013 03/31/2013 0 0 0 0
2013 04/01/2013 0 0 0 0
2013 04/02/2013 0 0 0 0
2013 04/03/2013 0 0 0 0
2013 04/04/2013 0 0 0 0
2013 04/05/2013 0 0 0 0
2013 04/06/2013 0 0 0 0
2013 04/07/2013 0 0 0 0
2013 04/08/2013 0 0 0 0
2013 04/09/2013 0 0 0 0
2013 04/10/2013 0 0 0 0
2013 04/11/2013 0 0 0 0
2013 04/12/2013 0 0 0 0
2013 04/13/2013 0 0 0 0
2013 04/14/2013 0 0 0 0
2013 04/15/2013 0 0 0 0
2013 04/16/2013 0 0 0 0
2013 04/17/2013 0 0 0 0
2013 04/18/2013 0 0 0 0
2013 04/19/2013 0 0 0 0
2013 04/20/2013 0 0 0 0
2013 04/21/2013 0 0 0 0
2013 04/22/2013 0 0 0 0
2013 04/23/2013 0 0 0 0
2013 04/24/2013 0 0 0 0
2013 04/25/2013 0 0 0 0
2013 04/26/2013 0 0 0 0
2013 04/27/2013 0 0 0 0
2013 04/28/2013 0 0 0 0
2013 04/29/2013 0 0 0 0
2013 04/30/2013 0 0 0 0
2013 05/01/2013 0 0 0 0
2013 05/02/2013 0 0 0 0
2013 05/03/2013 0 0 0 0
2013 05/04/2013 0 0 0 0
2013 05/05/2013 0 0 0 0
2013 05/06/2013 0 0 0 0
2013 05/07/2013 0 0 0 0
2013 05/08/2013 0 0 0 0
2013 05/09/2013 0 0 0 0
2013 05/10/2013 0 0 0 0
2013 05/11/2013 0 0 0 0
2013 05/12/2013 0 0 0 0
2013 05/13/2013 0 0 0 0
2013 05/14/2013 0 0 0 0
2013 05/15/2013 0 0 0 0
2013 05/16/2013 0 0 0 0
2013 05/17/2013 0.001417067 0.000192721112 0 0
2013 05/18/2013 0.062828303 0.008544649208 0 0
2013 05/19/2013 0.064261197 0.008739522792 0 0
2013 05/20/2013 0.064261197 0.008739522792 0 0
2013 05/21/2013 0.064261197 0.008739522792 0 0
2013 05/22/2013 0.064261197 0.008739522792 0 0
2013 05/23/2013 0.064261197 0.008739522792 0 0
2013 05/24/2013 0.064261197 0.008739522792 0 0
2013 05/25/2013 0.064261197 0.008739522792 0 0
2013 05/26/2013 0.064261197 0.008739522792 0 0
2013 05/27/2013 0.064261197 0.008739522792 0 0
2013 05/28/2013 0.064261197 0.008739522792 0 0
2013 05/29/2013 0.064261197 0.008739522792 0 0
2013 05/30/2013 0.064261197 0.008739522792 0 0
2013 05/31/2013 0.064261197 0.008739522792 0 0
2013 06/01/2013 0.064261197 0.008739522792 0 0
2013 06/02/2013 0.064261197 0.008739522792 0 0
2013 06/03/2013 0.064261197 0.008739522792 0 0
2013 06/04/2013 0.064261197 0.008739522792 0 0
2013 06/05/2013 0.064261197 0.008739522792 0 0
2013 06/06/2013 0.064261197 0.008739522792 0 0
2013 06/07/2013 0.064261197 0.008739522792 0 0
2013 06/08/2013 0.064261197 0.008739522792 0 0
2013 06/09/2013 0.342946357 0.108926837812 0 0
2013 06/10/2013 1.252300257 0.435839564862 0 0
2013 06/11/2013 1.547643977 0.542015632202 0 0
2013 06/12/2013 2.1053618077 0.74251519233865 0 0
2013 06/13/2013 4.3468089077 1.54831542478865 0 0
2013 06/14/2013 5.8280474077 2.08082066553865 0 0
2013 06/15/2013 6.5213845077 2.33007535298865 0 0
2013 06/16/2013 6.7765780877 2.42181744499865 0 0
2013 06/17/2013 6.7792538507 2.42277938179715 0 0
2013 06/18/2013 6.7792538507 2.42277938179715 0 0
2013 06/19/2013 6.7792538507 2.42277938179715 0 0
2013 06/20/2013 6.7792538507 2.42277938179715 0 0
2013 06/21/2013 11.0725052507 3.96620326009715 0 0
2013 06/22/2013 32.6173182507 11.7115635335972 0 0
2013 06/23/2013 187.6670382507 59.3382371412895 83.9609742503958 23.8464847874016
2013 06/24/2013 464.5415382507 137.458732283597 77.547458706208 21.0523484688519
2013 06/25/2013 611.3022087507 175.993812722097 9.10529981221917 2.28543025286702
2013 06/26/2013 636.9257902507 182.182969026597 0 0
2013 06/27/2013 644.9472412507 183.963731148597 0 0
2013 06/28/2013 648.6017072507 184.745786872597 0 0
2013 06/29/2013 650.1156099507 185.069762050397 0 0
2013 06/30/2013 650.1156099507 185.069762050397 0 0
2013 07/01/2013 650.2181500507 185.091705631797 0 0
2013 07/02/2013 650.2458748667 185.097638742421 0 0
2013 07/03/2013 650.2458748667 185.097638742421 0 0
2013 07/04/2013 650.2458748667 185.097638742421 0 0
2013 07/05/2013 650.2458748667 185.097638742421 0 0
2013 07/06/2013 650.2458748667 185.097638742421 0 0
2013 07/07/2013 650.2458748667 185.097638742421 0 0
2013 07/08/2013 650.2458748667 185.097638742421 0 0
2013 07/09/2013 650.2458748667 185.097638742421 0 0
2013 07/10/2013 650.2458748667 185.097638742421 0 0
2013 07/11/2013 650.2458748667 185.097638742421 0 0
2013 07/12/2013 650.2458748667 185.097638742421 0 0
2013 07/13/2013 650.2458748667 185.097638742421 0 0
2013 07/14/2013 650.2458748667 185.097638742421 0 0
2013 07/15/2013 650.2458748667 185.097638742421 0 0
2013 07/16/2013 650.2458748667 185.097638742421 0 0
2013 07/17/2013 650.2458748667 185.097638742421 0 0
2013 07/18/2013 650.2458748667 185.097638742421 0 0
2013 07/19/2013 650.2458748667 185.097638742421 0 0
2013 07/20/2013 650.2458748667 185.097638742421 0 0
2013 07/21/2013 650.2458748667 185.097638742421 0 0
2013 07/22/2013 650.2458748667 185.097638742421 0 0
2013 07/23/2013 650.2458748667 185.097638742421 0 0
2013 07/24/2013 650.2458748667 185.097638742421 0 0
2013 07/25/2013 650.2458748667 185.097638742421 0 0
2013 07/26/2013 650.2458748667 185.097638742421 0 0
2013 07/27/2013 650.2458748667 185.097638742421 0 0
2013 07/28/2013 650.2458748667 185.097638742421 0 0
2013 07/29/2013 650.2458748667 185.097638742421 0 0
2013 07/30/2013 650.2458748667 185.097638742421 0 0
2013 07/31/2013 650.2458748667 185.097638742421 0 0
2013 08/01/2013 650.2458748667 185.097638742421 0 0
2013 08/02/2013 650.2458748667 185.097638742421 0 0
2013 08/03/2013 650.2458748667 185.097638742421 0 0
2013 08/04/2013 650.2458748667 185.097638742421 0 0
2013 08/05/2013 650.2458748667 185.097638742421 0 0
2013 08/06/2013 650.2458748667 185.097638742421 0 0
2013 08/07/2013 650.2458748667 185.097638742421 0 0
2013 08/08/2013 650.2458748667 185.097638742421 0 0
2013 08/09/2013 650.2458748667 185.097638742421 0 0
2013 08/10/2013 650.2458748667 185.097638742421 0 0
2013 08/11/2013 650.2458748667 185.097638742421 0 0
2013 08/12/2013 650.2458748667 185.097638742421 0 0
2013 08/13/2013 650.2458748667 185.097638742421 0 0
2013 08/14/2013 650.2458748667 185.097638742421 0 0
2013 08/15/2013 650.2458748667 185.097638742421 0 0
2013 08/16/2013 650.2458748667 185.097638742421 0 0
2013 08/17/2013 650.2458748667 185.097638742421 0 0
2013 08/18/2013 650.2458748667 185.097638742421 0 0
2013 08/19/2013 650.2458748667 185.097638742421 0 0
2013 08/20/2013 650.2458748667 185.097638742421 0 0
2013 08/21/2013 650.2458748667 185.097638742421 0 0
2013 08/22/2013 650.2458748667 185.097638742421 0 0
2013 08/23/2013 650.2458748667 185.097638742421 0 0
2013 08/24/2013 650.2458748667 185.097638742421 0 0
2013 08/25/2013 650.2458748667 185.097638742421 0 0
2013 08/26/2013 650.2458748667 185.097638742421 0 0
2013 08/27/2013 650.2458748667 185.097638742421 0 0
2013 08/28/2013 650.2458748667 185.097638742421 0 0
2013 08/29/2013 650.2458748667 185.097638742421 0 0
2013 08/30/2013 650.2458748667 185.097638742421 0 0
2013 08/31/2013 650.2458748667 185.097638742421 0 0
2013 09/01/2013 650.2458748667 185.097638742421 0 0
2013 09/02/2013 650.2458748667 185.097638742421 0 0
2013 09/03/2013 650.2458748667 185.097638742421 0 0
2013 09/04/2013 650.2458748667 185.097638742421 0 0
2013 09/05/2013 650.2458748667 185.097638742421 0 0
2013 09/06/2013 650.2458748667 185.097638742421 0 0
2013 09/07/2013 650.2458748667 185.097638742421 0 0
2013 09/08/2013 650.2458748667 185.097638742421 0 0
2013 09/09/2013 650.2458748667 185.097638742421 0 0
2013 09/10/2013 650.2458748667 185.097638742421 0 0
2013 09/11/2013 650.2458748667 185.097638742421 0 0
2013 09/12/2013 650.2458748667 185.097638742421 0 0
2013 09/13/2013 650.2458748667 185.097638742421 0 0
2013 09/14/2013 650.2458748667 185.097638742421 0 0
2013 09/15/2013 650.2458748667 185.097638742421 0 0
2013 09/16/2013 650.2458748667 185.097638742421 0 0
2013 09/17/2013 650.2458748667 185.097638742421 0 0
2013 09/18/2013 650.2458748667 185.097638742421 0 0
2013 09/19/2013 650.2458748667 185.097638742421 0 0
2013 09/20/2013 650.2458748667 185.097638742421 0 0
2013 09/21/2013 650.2458748667 185.097638742421 0 0
2013 09/22/2013 650.2458748667 185.097638742421 0 0
2013 09/23/2013 650.2458748667 185.097638742421 0 0
2013 09/24/2013 650.2458748667 185.097638742421 0 0
2013 09/25/2013 650.2458748667 185.097638742421 0 0
2013 09/26/2013 650.2458748667 185.097638742421 0 0
2013 09/27/2013 650.2458748667 185.097638742421 0 0
2013 09/28/2013 650.2458748667 185.097638742421 0 0
2013 09/29/2013 650.2458748667 185.097638742421 0 0
2013 09/30/2013 650.2458748667 185.097638742421 0 0
2013 10/01/2013 650.2458748667 185.097638742421 0 0
2013 10/02/2013 650.2458748667 185.097638742421 0 0
2013 10/03/2013 650.2458748667 185.097638742421 0 0
2013 10/04/2013 650.2458748667 185.097638742421 0 0
2013 10/05/2013 650.2458748667 185.097638742421 0 0
2013 10/06/2013 650.2458748667 185.097638742421 0 0
2013 10/07/2013 650.2458748667 185.097638742421 0 0
2013 10/08/2013 650.2458748667 185.097638742421 0 0
2013 10/09/2013 650.2458748667 185.097638742421 0 0
2013 10/10/2013 650.2458748667 185.097638742421 0 0
2013 10/11/2013 650.2458748667 185.097638742421 0 0
2013 10/12/2013 650.2458748667 185.097638742421 0 0
2013 10/13/2013 650.2458748667 185.097638742421 0 0
2013 10/14/2013 650.2458748667 185.097638742421 0 0
2013 10/15/2013 650.2458748667 185.097638742421 0 0
2013 10/16/2013 650.2458748667 185.097638742421 0 0
2013 10/17/2013 650.2458748667 185.097638742421 0 0
2013 10/18/2013 650.2458748667 185.097638742421 0 0
2013 10/19/2013 650.2458748667 185.097638742421 0 0
2013 10/20/2013 650.2458748667 185.097638742421 0 0
2013 10/21/2013 650.2458748667 185.097638742421 0 0
2013 10/22/2013 650.2458748667 185.097638742421 0 0
2013 10/23/2013 650.2458748667 185.097638742421 0 0
2013 10/24/2013 650.2458748667 185.097638742421 0 0
2013 10/25/2013 650.2458748667 185.097638742421 0 0
2013 10/26/2013 650.2458748667 185.097638742421 0 0
2013 10/27/2013 650.2458748667 185.097638742421 0 0
2013 10/28/2013 650.2458748667 185.097638742421 0 0
2013 10/29/2013 650.2458748667 185.097638742421 0 0
2013 10/30/2013 650.2458748667 185.097638742421 0 0
2013 10/31/2013 650.2458748667 185.097638742421 0 0
2013 11/01/2013 650.2458748667 185.097638742421 0 0
2013 11/02/2013 650.2458748667 185.097638742421 0 0
2013 11/03/2013 650.2458748667 185.097638742421 0 0
2013 11/04/2013 650.2458748667 185.097638742421 0 0
2013 11/05/2013 650.2458748667 185.097638742421 0 0
2013 11/06/2013 650.2458748667 185.097638742421 0 0
2013 11/07/2013 650.2458748667 185.097638742421 0 0
2013 11/08/2013 650.2458748667 185.097638742421 0 0
2013 11/09/2013 650.2458748667 185.097638742421 0 0
2013 11/10/2013 650.2458748667 185.097638742421 0 0
2013 11/11/2013 650.2458748667 185.097638742421 0 0
2013 11/12/2013 650.2458748667 185.097638742421 0 0
2013 11/13/2013 650.2458748667 185.097638742421 0 0
2013 11/14/2013 650.2458748667 185.097638742421 0 0
2013 11/15/2013 650.2458748667 185.097638742421 0 0
2013 11/16/2013 650.2458748667 185.097638742421 0 0
2013 11/17/2013 650.2458748667 185.097638742421 0 0
2013 11/18/2013 650.2458748667 185.097638742421 0 0
2013 11/19/2013 650.2458748667 185.097638742421 0 0
2013 11/20/2013 650.2458748667 185.097638742421 0 0
2013 11/21/2013 650.2458748667 185.097638742421 0 0
2013 11/22/2013 650.2458748667 185.097638742421 0 0
2013 11/23/2013 650.2458748667 185.097638742421 0 0
2013 11/24/2013 650.2458748667 185.097638742421 0 0
2013 11/25/2013 650.2458748667 185.097638742421 0 0
2013 11/26/2013 650.2458748667 185.097638742421 0 0
2013 11/27/2013 650.2458748667 185.097638742421 0 0
2013 11/28/2013 650.2458748667 185.097638742421 0 0
2013 11/29/2013 650.2458748667 185.097638742421 0 0
2013 11/30/2013 650.2458748667 185.097638742421 0 0
2013 12/01/2013 650.2458748667 185.097638742421 0 0
2013 12/02/2013 650.2458748667 185.097638742421 0 0
2013 12/03/2013 650.2458748667 185.097638742421 0 0
2013 12/04/2013 650.2458748667 185.097638742421 0 0
2013 12/05/2013 650.2458748667 185.097638742421 0 0
2013 12/06/2013 650.2458748667 185.097638742421 0 0
2013 12/07/2013 650.2458748667 185.097638742421 0 0
2013 12/08/2013 650.2458748667 185.097638742421 0 0
2013 12/09/2013 650.2458748667 185.097638742421 0 0
2013 12/10/2013 650.2458748667 185.097638742421 0 0
2013 12/11/2013 650.2458748667 185.097638742421 0 0
2013 12/12/2013 650.2458748667 185.097638742421 0 0
2013 12/13/2013 650.2458748667 185.097638742421 0 0
2013 12/14/2013 650.2458748667 185.097638742421 0 0
2013 12/15/2013 650.2458748667 185.097638742421 0 0
2013 12/16/2013 650.2458748667 185.097638742421 0 0
2013 12/17/2013 650.2458748667 185.097638742421 0 0
2013 12/18/2013 650.2458748667 185.097638742421 0 0
2013 12/19/2013 650.2458748667 185.097638742421 0 0
2013 12/20/2013 650.2458748667 185.097638742421 0 0
2013 12/21/2013 650.2458748667 185.097638742421 0 0
2013 12/22/2013 650.2458748667 185.097638742421 0 0
2013 12/23/2013 650.2458748667 185.097638742421 0 0
2013 12/24/2013 650.2458748667 185.097638742421 0 0
2013 12/25/2013 650.2458748667 185.097638742421 0 0
2013 12/26/2013 650.2458748667 185.097638742421 0 0
2013 12/27/2013 650.2458748667 185.097638742421 0 0
2013 12/28/2013 650.2458748667 185.097638742421 0 0
2013 12/29/2013 650.2458748667 185.097638742421 0 0
2013 12/30/2013 650.2458748667 185.097638742421 0 0
2013 12/31/2013 650.2458748667 185.097638742421 0 0
2014 01/01/2014 0 0 0 0
2014 01/02/2014 0 0 0 0
2014 01/03/2014 0 0 0 0
2014 01/04/2014 0 0 0 0
2014 01/05/2014 0 0 0 0
2014 01/06/2014 0 0 0 0
2014 01/07/2014 0 0 0 0
2014 01/08/2014 0 0 0 0
2014 01/09/2014 0 0 0 0
2014 01/10/2014 0 0 0 0
2014 01/11/2014 0 0 0 0
2014 01/12/2014 0 0 0 0
2014 01/13/2014 0 0 0 0
2014 01/14/2014 0 0 0 0
2014 01/15/2014 0 0 0 0
2014 01/16/2014 0 0 0 0
2014 01/17/2014 0 0 0 0
2014 01/18/2014 0 0 0 0
2014 01/19/2014 0 0 0 0
2014 01/20/2014 0 0 0 0
2014 01/21/2014 0 0 0 0
2014 01/22/2014 0 0 0 0
2014 01/23/2014 0 0 0 0
2014 01/24/2014 0 0 0 0
2014 01/25/2014 0 0 0 0
2014 01/26/2014 0 0 0 0
2014 01/27/2014 0 0 0 0
2014 01/28/2014 0 0 0 0
2014 01/29/2014 0 0 0 0
2014 01/30/2014 0 0 0 0
2014 01/31/2014 0 0 0 0
2014 02/01/2014 0 0 0 0
2014 02/02/2014 0 0 0 0
2014 02/03/2014 0 0 0 0
2014 02/04/2014 0 0 0 0
2014 02/05/2014 0 0 0 0
2014 02/06/2014 0 0 0 0
2014 02/07/2014 0 0 0 0
2014 02/08/2014 0 0 0 0
2014 02/09/2014 0 0 0 0
2014 02/10/2014 0 0 0 0
2014 02/11/2014 0 0 0 0
2014 02/12/2014 0 0 0 0
2014 02/13/2014 0 0 0 0
2014 02/14/2014 0 0 0 0
2014 02/15/2014 0 0 0 0
2014 02/16/2014 0 0 0 0
2014 02/17/2014 0 0 0 0
2014 02/18/2014 0 0 0 0
2014 02/19/2014 0 0 0 0
2014 02/20/2014 0 0 0 0
2014 02/21/2014 0 0 0 0
2014 02/22/2014 0 0 0 0
2014 02/23/2014 0 0 0 0
2014 02/24/2014 0 0 0 0
2014 02/25/2014 0 0 0 0
2014 02/26/2014 0 0 0 0
2014 02/27/2014 0 0 0 0
2014 02/28/2014 0 0 0 0
2014 03/01/2014 0 0 0 0
2014 03/02/2014 0 0 0 0
2014 03/03/2014 0 0 0 0
2014 03/04/2014 0 0 0 0
2014 03/05/2014 0 0 0 0
2014 03/06/2014 0 0 0 0
2014 03/07/2014 0 0 0 0
2014 03/08/2014 0 0 0 0
2014 03/09/2014 0 0 0 0
2014 03/10/2014 0 0 0 0
2014 03/11/2014 0 0 0 0
2014 03/12/2014 0 0 0 0
2014 03/13/2014 0 0 0 0
2014 03/14/2014 0 0 0 0
2014 03/15/2014 0 0 0 0
2014 03/16/2014 0 0 0 0
2014 03/17/2014 0 0 0 0
2014 03/18/2014 0 0 0 0
2014 03/19/2014 0 0 0 0
2014 03/20/2014 0 0 0 0
2014 03/21/2014 0 0 0 0
2014 03/22/2014 0 0 0 0
2014 03/23/2014 0 0 0 0
2014 03/24/2014 0 0 0 0
2014 03/25/2014 0 0 0 0
2014 03/26/2014 0 0 0 0
2014 03/27/2014 0 0 0 0
2014 03/28/2014 0 0 0 0
2014 03/29/2014 0 0 0 0
2014 03/30/2014 0 0 0 0
2014 03/31/2014 0 0 0 0
2014 04/01/2014 0 0 0 0
2014 04/02/2014 0 0 0 0
2014 04/03/2014 0 0 0 0
2014 04/04/2014 0 0 0 0
2014 04/05/2014 0 0 0 0
2014 04/06/2014 0 0 0 0
2014 04/07/2014 0 0 0 0
2014 04/08/2014 0 0 0 0
2014 04/09/2014 0 0 0 0
2014 04/10/2014 0 0 0 0
2014 04/11/2014 0 0 0 0
2014 04/12/2014 0 0 0 0
2014 04/13/2014 0 0 0 0
2014 04/14/2014 0 0 0 0
2014 04/15/2014 0 0 0 0
2014 04/16/2014 0 0 0 0
2014 04/17/2014 0 0 0 0
2014 04/18/2014 0 0 0 0
2014 04/19/2014 0 0 0 0
2014 04/20/2014 0 0 0 0
2014 04/21/2014 0 0 0 0
2014 04/22/2014 0 0 0 0
2014 04/23/2014 0 0 0 0
2014 04/24/2014 0 0 0 0
2014 04/25/2014 0 0 0 0
2014 04/26/2014 0 0 0 0
2014 04/27/2014 0 0 0 0
2014 04/28/2014 0 0 0 0
2014 04/29/2014 0 0 0 0
2014 04/30/2014 0 0 0 0
2014 05/01/2014 0 0 0 0
2014 05/02/2014 0 0 0 0
2014 05/03/2014 0 0 0 0
2014 05/04/2014 0 0 0 0
2014 05/05/2014 0 0 0 0
2014 05/06/2014 0 0 0 0
2014 05/07/2014 0 0 0 0
2014 05/08/2014 0 0 0 0
2014 05/09/2014 0 0 0 0
2014 05/10/2014 0 0 0 0
2014 05/11/2014 0 0 0 0
2014 05/12/2014 0 0 0 0
2014 05/13/2014 0 0 0 0
2014 05/14/2014 0 0 0 0
2014 05/15/2014 0 0 0 0
2014 05/16/2014 0 0 0 0
2014 05/17/2014 0 0 0 0
2014 05/18/2014 0 0 0 0
2014 05/19/2014 0 0 0 0
2014 05/20/2014 0 0 0 0
2014 05/21/2014 0 0 0 0
2014 05/22/2014 0 0 0 0
2014 05/23/2014 0 0 0 0
2014 05/24/2014 0 0 0 0
2014 05/25/2014 0 0 0 0
2014 05/26/2014 0 0 0 0
2014 05/27/2014 0 0 0 0
2014 05/28/2014 0 0 0 0
2014 05/29/2014 0 0 0 0
2014 05/30/2014 0 0 0 0
2014 05/31/2014 0 0 0 0
2014 06/01/2014 0 0 0 0
2014 06/02/2014 0 0 0 0
2014 06/03/2014 0 0 0 0
2014 06/04/2014 0 0 0 0
2014 06/05/2014 2.90419909 0.65054059616 0 0
2014 06/06/2014 9.55398909 2.14009355616 0 0
2014 06/07/2014 12.84337209 2.87691534816 0 0
2014 06/08/2014 14.80762939 3.31690898336 0 0
2014 06/09/2014 16.03527459 3.59190150816 0 0
2014 06/10/2014 16.79403819 3.76186455456 0 0
2014 06/11/2014 17.19810703 3.85237597472 0 0
2014 06/12/2014 17.213886833 3.855910650592 0 0
2014 06/13/2014 17.213886833 3.855910650592 0 0
2014 06/14/2014 25.707494233 5.758478708192 0 0
2014 06/15/2014 47.751593233 10.696356884192 0 0
2014 06/16/2014 80.782383733 18.084243692692 12.0611393660516 2.6896340786295
2014 06/17/2014 202.542447233 44.4737947865253 58.2804001359898 12.41509374474
2014 06/18/2014 308.274045233 66.518205879192 6.2556335375464 1.19482600567136
2014 06/19/2014 342.697616233 72.624129185192 10.4844997185383 1.27910896566167
2014 06/20/2014 360.939215233 75.577934999192 0 0
2014 06/21/2014 365.650693233 76.548499467192 0 0
2014 06/22/2014 369.009791233 77.186728087192 0 0
2014 06/23/2014 371.592454733 77.677434152192 0 0
2014 06/24/2014 373.588869233 78.056752907192 0 0
2014 06/25/2014 375.112991333 78.346336106192 0 0
2014 06/26/2014 376.310167533 78.573799584192 0 0
2014 06/27/2014 377.134238233 78.730373017192 0 0
2014 06/28/2014 377.589413233 78.816856267192 0 0
2014 06/29/2014 377.769752543 78.851120736092 0 0
2014 06/30/2014 377.807007906 78.858199255062 0 0
2014 07/01/2014 377.807007906 78.858199255062 0 0
2014 07/02/2014 377.807007906 78.858199255062 0 0
2014 07/03/2014 377.807007906 78.858199255062 0 0
2014 07/04/2014 377.807007906 78.858199255062 0 0
2014 07/05/2014 377.807007906 78.858199255062 0 0
2014 07/06/2014 377.807007906 78.858199255062 0 0
2014 07/07/2014 377.807007906 78.858199255062 0 0
2014 07/08/2014 377.807007906 78.858199255062 0 0
2014 07/09/2014 377.807007906 78.858199255062 0 0
2014 07/10/2014 377.807007906 78.858199255062 0 0
2014 07/11/2014 377.807007906 78.858199255062 0 0
2014 07/12/2014 377.807007906 78.858199255062 0 0
2014 07/13/2014 377.807007906 78.858199255062 0 0
2014 07/14/2014 377.807007906 78.858199255062 0 0
2014 07/15/2014 377.807007906 78.858199255062 0 0
2014 07/16/2014 377.807007906 78.858199255062 0 0
2014 07/17/2014 377.807007906 78.858199255062 0 0
2014 07/18/2014 377.807007906 78.858199255062 0 0
2014 07/19/2014 377.807007906 78.858199255062 0 0
2014 07/20/2014 377.807007906 78.858199255062 0 0
2014 07/21/2014 377.807007906 78.858199255062 0 0
2014 07/22/2014 377.807007906 78.858199255062 0 0
2014 07/23/2014 377.807007906 78.858199255062 0 0
2014 07/24/2014 377.807007906 78.858199255062 0 0
2014 07/25/2014 377.807007906 78.858199255062 0 0
2014 07/26/2014 377.807007906 78.858199255062 0 0
2014 07/27/2014 377.807007906 78.858199255062 0 0
2014 07/28/2014 377.807007906 78.858199255062 0 0
2014 07/29/2014 377.807007906 78.858199255062 0 0
2014 07/30/2014 377.807007906 78.858199255062 0 0
2014 07/31/2014 377.807007906 78.858199255062 0 0
2014 08/01/2014 377.807007906 78.858199255062 0 0
2014 08/02/2014 377.807007906 78.858199255062 0 0
2014 08/03/2014 377.807007906 78.858199255062 0 0
2014 08/04/2014 377.807007906 78.858199255062 0 0
2014 08/05/2014 377.807007906 78.858199255062 0 0
2014 08/06/2014 377.807007906 78.858199255062 0 0
2014 08/07/2014 377.807007906 78.858199255062 0 0
2014 08/08/2014 377.807007906 78.858199255062 0 0
2014 08/09/2014 377.807007906 78.858199255062 0 0
2014 08/10/2014 377.807007906 78.858199255062 0 0
2014 08/11/2014 377.807007906 78.858199255062 0 0
2014 08/12/2014 377.807007906 78.858199255062 0 0
2014 08/13/2014 377.807007906 78.858199255062 0 0
2014 08/14/2014 377.807007906 78.858199255062 0 0
2014 08/15/2014 377.807007906 78.858199255062 0 0
2014 08/16/2014 377.807007906 78.858199255062 0 0
2014 08/17/2014 377.807007906 78.858199255062 0 0
2014 08/18/2014 377.807007906 78.858199255062 0 0
2014 08/19/2014 377.807007906 78.858199255062 0 0
2014 08/20/2014 377.807007906 78.858199255062 0 0
2014 08/21/2014 377.807007906 78.858199255062 0 0
2014 08/22/2014 377.807007906 78.858199255062 0 0
2014 08/23/2014 377.807007906 78.858199255062 0 0
2014 08/24/2014 377.807007906 78.858199255062 0 0
2014 08/25/2014 377.807007906 78.858199255062 0 0
2014 08/26/2014 377.807007906 78.858199255062 0 0
2014 08/27/2014 377.807007906 78.858199255062 0 0
2014 08/28/2014 377.807007906 78.858199255062 0 0
2014 08/29/2014 377.807007906 78.858199255062 0 0
2014 08/30/2014 377.807007906 78.858199255062 0 0
2014 08/31/2014 377.807007906 78.858199255062 0 0
2014 09/01/2014 377.807007906 78.858199255062 0 0
2014 09/02/2014 377.807007906 78.858199255062 0 0
2014 09/03/2014 377.807007906 78.858199255062 0 0
2014 09/04/2014 377.807007906 78.858199255062 0 0
2014 09/05/2014 377.807007906 78.858199255062 0 0
2014 09/06/2014 377.807007906 78.858199255062 0 0
2014 09/07/2014 377.807007906 78.858199255062 0 0
2014 09/08/2014 377.807007906 78.858199255062 0 0
2014 09/09/2014 377.807007906 78.858199255062 0 0
2014 09/10/2014 377.807007906 78.858199255062 0 0
2014 09/11/2014 377.807007906 78.858199255062 0 0
2014 09/12/2014 377.807007906 78.858199255062 0 0
2014 09/13/2014 377.807007906 78.858199255062 0 0
2014 09/14/2014 377.807007906 78.858199255062 0 0
2014 09/15/2014 377.807007906 78.858199255062 0 0
2014 09/16/2014 377.807007906 78.858199255062 0 0
2014 09/17/2014 377.807007906 78.858199255062 0 0
2014 09/18/2014 377.807007906 78.858199255062 0 0
2014 09/19/2014 377.807007906 78.858199255062 0 0
2014 09/20/2014 377.807007906 78.858199255062 0 0
2014 09/21/2014 377.807007906 78.858199255062 0 0
2014 09/22/2014 377.807007906 78.858199255062 0 0
2014 09/23/2014 377.807007906 78.858199255062 0 0
2014 09/24/2014 377.807007906 78.858199255062 0 0
2014 09/25/2014 377.807007906 78.858199255062 0 0
2014 09/26/2014 377.807007906 78.858199255062 0 0
2014 09/27/2014 377.807007906 78.858199255062 0 0
2014 09/28/2014 377.807007906 78.858199255062 0 0
2014 09/29/2014 377.807007906 78.858199255062 0 0
2014 09/30/2014 377.807007906 78.858199255062 0 0
2014 10/01/2014 377.807007906 78.858199255062 0 0
2014 10/02/2014 377.807007906 78.858199255062 0 0
2014 10/03/2014 377.807007906 78.858199255062 0 0
2014 10/04/2014 377.807007906 78.858199255062 0 0
2014 10/05/2014 377.807007906 78.858199255062 0 0
2014 10/06/2014 377.807007906 78.858199255062 0 0
2014 10/07/2014 377.807007906 78.858199255062 0 0
2014 10/08/2014 377.807007906 78.858199255062 0 0
2014 10/09/2014 377.807007906 78.858199255062 0 0
2014 10/10/2014 377.807007906 78.858199255062 0 0
2014 10/11/2014 377.807007906 78.858199255062 0 0
2014 10/12/2014 377.807007906 78.858199255062 0 0
2014 10/13/2014 377.807007906 78.858199255062 0 0
2014 10/14/2014 377.807007906 78.858199255062 0 0
2014 10/15/2014 377.807007906 78.858199255062 0 0
2014 10/16/2014 377.807007906 78.858199255062 0 0
2014 10/17/2014 377.807007906 78.858199255062 0 0
2014 10/18/2014 377.807007906 78.858199255062 0 0
2014 10/19/2014 377.807007906 78.858199255062 0 0
2014 10/20/2014 377.807007906 78.858199255062 0 0
2014 10/21/2014 377.807007906 78.858199255062 0 0
2014 10/22/2014 377.807007906 78.858199255062 0 0
2014 10/23/2014 377.807007906 78.858199255062 0 0
2014 10/24/2014 377.807007906 78.858199255062 0 0
2014 10/25/2014 377.807007906 78.858199255062 0 0
2014 10/26/2014 377.807007906 78.858199255062 0 0
2014 10/27/2014 377.807007906 78.858199255062 0 0
2014 10/28/2014 377.807007906 78.858199255062 0 0
2014 10/29/2014 377.807007906 78.858199255062 0 0
2014 10/30/2014 377.807007906 78.858199255062 0 0
2014 10/31/2014 377.807007906 78.858199255062 0 0
2014 11/01/2014 377.807007906 78.858199255062 0 0
2014 11/02/2014 377.807007906 78.858199255062 0 0
2014 11/03/2014 377.807007906 78.858199255062 0 0
2014 11/04/2014 377.807007906 78.858199255062 0 0
2014 11/05/2014 377.807007906 78.858199255062 0 0
2014 11/06/2014 377.807007906 78.858199255062 0 0
2014 11/07/2014 377.807007906 78.858199255062 0 0
2014 11/08/2014 377.807007906 78.858199255062 0 0
2014 11/09/2014 377.807007906 78.858199255062 0 0
2014 11/10/2014 377.807007906 78.858199255062 0 0
2014 11/11/2014 377.807007906 78.858199255062 0 0
2014 11/12/2014 377.807007906 78.858199255062 0 0
2014 11/13/2014 377.807007906 78.858199255062 0 0
2014 11/14/2014 377.807007906 78.858199255062 0 0
2014 11/15/2014 377.807007906 78.858199255062 0 0
2014 11/16/2014 377.807007906 78.858199255062 0 0
2014 11/17/2014 377.807007906 78.858199255062 0 0
2014 11/18/2014 377.807007906 78.858199255062 0 0
2014 11/19/2014 377.807007906 78.858199255062 0 0
2014 11/20/2014 377.807007906 78.858199255062 0 0
2014 11/21/2014 377.807007906 78.858199255062 0 0
2014 11/22/2014 377.807007906 78.858199255062 0 0
2014 11/23/2014 377.807007906 78.858199255062 0 0
2014 11/24/2014 377.807007906 78.858199255062 0 0
2014 11/25/2014 377.807007906 78.858199255062 0 0
2014 11/26/2014 377.807007906 78.858199255062 0 0
2014 11/27/2014 377.807007906 78.858199255062 0 0
2014 11/28/2014 377.807007906 78.858199255062 0 0
2014 11/29/2014 377.807007906 78.858199255062 0 0
2014 11/30/2014 377.807007906 78.858199255062 0 0
2014 12/01/2014 377.807007906 78.858199255062 0 0
2014 12/02/2014 377.807007906 78.858199255062 0 0
2014 12/03/2014 377.807007906 78.858199255062 0 0
2014 12/04/2014 377.807007906 78.858199255062 0 0
2014 12/05/2014 377.807007906 78.858199255062 0 0
2014 12/06/2014 377.807007906 78.858199255062 0 0
2014 12/07/2014 377.807007906 78.858199255062 0 0
2014 12/08/2014 377.807007906 78.858199255062 0 0
2014 12/09/2014 377.807007906 78.858199255062 0 0
2014 12/10/2014 377.807007906 78.858199255062 0 0
2014 12/11/2014 377.807007906 78.858199255062 0 0
2014 12/12/2014 377.807007906 78.858199255062 0 0
2014 12/13/2014 377.807007906 78.858199255062 0 0
2014 12/14/2014 377.807007906 78.858199255062 0 0
2014 12/15/2014 377.807007906 78.858199255062 0 0
2014 12/16/2014 377.807007906 78.858199255062 0 0
2014 12/17/2014 377.807007906 78.858199255062 0 0
2014 12/18/2014 377.807007906 78.858199255062 0 0
2014 12/19/2014 377.807007906 78.858199255062 0 0
2014 12/20/2014 377.807007906 78.858199255062 0 0
2014 12/21/2014 377.807007906 78.858199255062 0 0
2014 12/22/2014 377.807007906 78.858199255062 0 0
2014 12/23/2014 377.807007906 78.858199255062 0 0
2014 12/24/2014 377.807007906 78.858199255062 0 0
2014 12/25/2014 377.807007906 78.858199255062 0 0
2014 12/26/2014 377.807007906 78.858199255062 0 0
2014 12/27/2014 377.807007906 78.858199255062 0 0
2014 12/28/2014 377.807007906 78.858199255062 0 0
2014 12/29/2014 377.807007906 78.858199255062 0 0
2014 12/30/2014 377.807007906 78.858199255062 0 0
2014 12/31/2014 377.807007906 78.858199255062 0 0
2015 01/01/2015 0 0 0 0
2015 01/02/2015 0 0 0 0
2015 01/03/2015 0 0 0 0
2015 01/04/2015 0 0 0 0
2015 01/05/2015 0 0 0 0
2015 01/06/2015 0 0 0 0
2015 01/07/2015 0 0 0 0
2015 01/08/2015 0 0 0 0
2015 01/09/2015 0 0 0 0
2015 01/10/2015 0 0 0 0
2015 01/11/2015 0 0 0 0
2015 01/12/2015 0 0 0 0
2015 01/13/2015 0 0 0 0
2015 01/14/2015 0 0 0 0
2015 01/15/2015 0 0 0 0
2015 01/16/2015 0 0 0 0
2015 01/17/2015 0 0 0 0
2015 01/18/2015 0 0 0 0
2015 01/19/2015 0 0 0 0
2015 01/20/2015 0 0 0 0
2015 01/21/2015 0 0 0 0
2015 01/22/2015 0 0 0 0
2015 01/23/2015 0 0 0 0
2015 01/24/2015 0 0 0 0
2015 01/25/2015 0 0 0 0
2015 01/26/2015 0 0 0 0
2015 01/27/2015 0 0 0 0
2015 01/28/2015 0 0 0 0
2015 01/29/2015 0 0 0 0
2015 01/30/2015 0 0 0 0
2015 01/31/2015 0 0 0 0
2015 02/01/2015 0 0 0 0
2015 02/02/2015 0 0 0 0
2015 02/03/2015 0 0 0 0
2015 02/04/2015 0 0 0 0
2015 02/05/2015 0 0 0 0
2015 02/06/2015 0 0 0 0
2015 02/07/2015 0 0 0 0
2015 02/08/2015 0 0 0 0
2015 02/09/2015 0 0 0 0
2015 02/10/2015 0 0 0 0
2015 02/11/2015 0 0 0 0
2015 02/12/2015 0 0 0 0
2015 02/13/2015 0 0 0 0
2015 02/14/2015 0 0 0 0
2015 02/15/2015 0 0 0 0
2015 02/16/2015 0 0 0 0
2015 02/17/2015 0 0 0 0
2015 02/18/2015 0 0 0 0
2015 02/19/2015 0 0 0 0
2015 02/20/2015 0 0 0 0
2015 02/21/2015 0 0 0 0
2015 02/22/2015 0 0 0 0
2015 02/23/2015 0 0 0 0
2015 02/24/2015 0 0 0 0
2015 02/25/2015 0 0 0 0
2015 02/26/2015 0 0 0 0
2015 02/27/2015 0 0 0 0
2015 02/28/2015 0 0 0 0
2015 03/01/2015 0 0 0 0
2015 03/02/2015 0 0 0 0
2015 03/03/2015 0 0 0 0
2015 03/04/2015 0 0 0 0
2015 03/05/2015 0 0 0 0
2015 03/06/2015 0 0 0 0
2015 03/07/2015 0 0 0 0
2015 03/08/2015 0 0 0 0
2015 03/09/2015 0 0 0 0
2015 03/10/2015 0 0 0 0
2015 03/11/2015 0 0 0 0
2015 03/12/2015 0 0 0 0
2015 03/13/2015 0 0 0 0
2015 03/14/2015 0 0 0 0
2015 03/15/2015 0 0 0 0
2015 03/16/2015 0 0 0 0
2015 03/17/2015 0 0 0 0
2015 03/18/2015 0 0 0 0
2015 03/19/2015 0 0 0 0
2015 03/20/2015 0 0 0 0
2015 03/21/2015 0 0 0 0
2015 03/22/2015 0 0 0 0
2015 03/23/2015 0 0 0 0
2015 03/24/2015 0 0 0 0
2015 03/25/2015 0 0 0 0
2015 03/26/2015 0 0 0 0
2015 03/27/2015 0 0 0 0
2015 03/28/2015 0 0 0 0
2015 03/29/2015 0 0 0 0
2015 03/30/2015 0 0 0 0
2015 03/31/2015 0 0 0 0
2015 04/01/2015 0 0 0 0
2015 04/02/2015 0 0 0 0
2015 04/03/2015 0 0 0 0
2015 04/04/2015 0 0 0 0
2015 04/05/2015 0 0 0 0
2015 04/06/2015 0 0 0 0
2015 04/07/2015 0 0 0 0
2015 04/08/2015 0 0 0 0
2015 04/09/2015 0 0 0 0
2015 04/10/2015 0 0 0 0
2015 04/11/2015 0 0 0 0
2015 04/12/2015 0 0 0 0
2015 04/13/2015 0 0 0 0
2015 04/14/2015 0 0 0 0
2015 04/15/2015 0 0 0 0
2015 04/16/2015 0 0 0 0
2015 04/17/2015 0 0 0 0
2015 04/18/2015 0 0 0 0
2015 04/19/2015 0 0 0 0
2015 04/20/2015 0 0 0 0
2015 04/21/2015 0 0 0 0
2015 04/22/2015 0 0 0 0
2015 04/23/2015 0 0 0 0
2015 04/24/2015 0 0 0 0
2015 04/25/2015 0 0 0 0
2015 04/26/2015 0 0 0 0
2015 04/27/2015 0 0 0 0
2015 04/28/2015 0 0 0 0
2015 04/29/2015 0 0 0 0
2015 04/30/2015 0 0 0 0
2015 05/01/2015 0 0 0 0
2015 05/02/2015 0 0 0 0
2015 05/03/2015 0 0 0 0
2015 05/04/2015 0 0 0 0
2015 05/05/2015 0 0 0 0
2015 05/06/2015 0 0 0 0
2015 05/07/2015 0 0 0 0
2015 05/08/2015 0 0 0 0
2015 05/09/2015 0 0 0 0
2015 05/10/2015 0 0 0 0
2015 05/11/2015 0 0 0 0
2015 05/12/2015 0 0 0 0
2015 05/13/2015 0 0 0 0
2015 05/14/2015 0 0 0 0
2015 05/15/2015 0 0 0 0
2015 05/16/2015 0 0 0 0
2015 05/17/2015 0 0 0 0
2015 05/18/2015 0 0 0 0
2015 05/19/2015 0 0 0 0
2015 05/20/2015 0 0 0 0
2015 05/21/2015 0 0 0 0
2015 05/22/2015 0 0 0 0
2015 05/23/2015 0 0 0 0
2015 05/24/2015 0 0 0 0
2015 05/25/2015 0 0 0 0
2015 05/26/2015 0 0 0 0
2015 05/27/2015 0 0 0 0
2015 05/28/2015 0 0 0 0
2015 05/29/2015 0 0 0 0
2015 05/30/2015 0 0 0 0
2015 05/31/2015 0 0 0 0
2015 06/01/2015 0 0 0 0
2015 06/02/2015 0 0 0 0
2015 06/03/2015 0 0 0 0
2015 06/04/2015 0 0 0 0
2015 06/05/2015 0 0 0 0
2015 06/06/2015 0 0 0 0
2015 06/07/2015 0 0 0 0
2015 06/08/2015 0 0 0 0
2015 06/09/2015 0 0 0 0
2015 06/10/2015 0 0 0 0
2015 06/11/2015 0 0 0 0
2015 06/12/2015 0 0 0 0
2015 06/13/2015 0 0 0 0
2015 06/14/2015 0 0 0 0
2015 06/15/2015 0 0 0 0
2015 06/16/2015 0 0 0 0
2015 06/17/2015 0 0 0 0
2015 06/18/2015 0 0 0 0
2015 06/19/2015 0 0 0 0
2015 06/20/2015 0 0 0 0
2015 06/21/2015 0 0 0 0
2015 06/22/2015 4.2005312 1.0375312064 0 0
2015 06/23/2015 6.8969798 1.7035540106 0 0
2015 06/24/2015 8.3519164 2.0396443652 0 0
2015 06/25/2015 9.0144479 2.1926891417 0 0
2015 06/26/2015 9.23035974 2.24256477674 0 0
2015 06/27/2015 9.272713194 2.250993114086 0 0
2015 06/28/2015 9.272713194 2.250993114086 0 0
2015 06/29/2015 9.272713194 2.250993114086 0 0
2015 06/30/2015 9.272713194 2.250993114086 0 0
2015 07/01/2015 9.272713194 2.250993114086 0 0
2015 07/02/2015 9.272713194 2.250993114086 0 0
2015 07/03/2015 9.272713194 2.250993114086 0 0
2015 07/04/2015 9.272713194 2.250993114086 0 0
2015 07/05/2015 9.272713194 2.250993114086 0 0
2015 07/06/2015 10.826674434 2.563339323326 0 0
2015 07/07/2015 12.046657834 2.795136169326 0 0
2015 07/08/2015 12.667641834 2.913123129326 0 0
2015 07/09/2015 12.881427384 2.953742383826 0 0
2015 07/10/2015 12.8932181332 2.955982626174 0 0
2015 07/11/2015 12.8932181332 2.955982626174 0 0
2015 07/12/2015 12.8932181332 2.955982626174 0 0
2015 07/13/2015 12.8932181332 2.955982626174 0 0
2015 07/14/2015 12.8932181332 2.955982626174 0 0
2015 07/15/2015 12.8932181332 2.955982626174 0 0
2015 07/16/2015 12.8932181332 2.955982626174 0 0
2015 07/17/2015 12.8932181332 2.955982626174 0 0
2015 07/18/2015 12.8932181332 2.955982626174 0 0
2015 07/19/2015 12.8932181332 2.955982626174 0 0
2015 07/20/2015 12.8932181332 2.955982626174 0 0
2015 07/21/2015 12.8932181332 2.955982626174 0 0
2015 07/22/2015 12.8932181332 2.955982626174 0 0
2015 07/23/2015 12.8932181332 2.955982626174 0 0
2015 07/24/2015 12.8932181332 2.955982626174 0 0
2015 07/25/2015 12.8932181332 2.955982626174 0 0
2015 07/26/2015 12.8932181332 2.955982626174 0 0
2015 07/27/2015 12.8932181332 2.955982626174 0 0
2015 07/28/2015 12.8932181332 2.955982626174 0 0
2015 07/29/2015 12.8932181332 2.955982626174 0 0
2015 07/30/2015 12.8932181332 2.955982626174 0 0
2015 07/31/2015 12.8932181332 2.955982626174 0 0
2015 08/01/2015 12.8932181332 2.955982626174 0 0
2015 08/02/2015 12.8932181332 2.955982626174 0 0
2015 08/03/2015 12.8932181332 2.955982626174 0 0
2015 08/04/2015 12.8932181332 2.955982626174 0 0
2015 08/05/2015 12.8932181332 2.955982626174 0 0
2015 08/06/2015 12.8932181332 2.955982626174 0 0
2015 08/07/2015 12.8932181332 2.955982626174 0 0
2015 08/08/2015 12.8932181332 2.955982626174 0 0
2015 08/09/2015 12.8932181332 2.955982626174 0 0
2015 08/10/2015 12.8932181332 2.955982626174 0 0
2015 08/11/2015 12.8932181332 2.955982626174 0 0
2015 08/12/2015 12.8932181332 2.955982626174 0 0
2015 08/13/2015 12.8932181332 2.955982626174 0 0
2015 08/14/2015 12.8932181332 2.955982626174 0 0
2015 08/15/2015 12.8932181332 2.955982626174 0 0
2015 08/16/2015 12.8932181332 2.955982626174 0 0
2015 08/17/2015 12.8932181332 2.955982626174 0 0
2015 08/18/2015 12.8932181332 2.955982626174 0 0
2015 08/19/2015 12.8932181332 2.955982626174 0 0
2015 08/20/2015 12.8932181332 2.955982626174 0 0
2015 08/21/2015 12.8932181332 2.955982626174 0 0
2015 08/22/2015 12.8932181332 2.955982626174 0 0
2015 08/23/2015 12.8933527382 2.956000932454 0 0
2015 08/24/2015 12.8933527382 2.956000932454 0 0
2015 08/25/2015 12.8933527382 2.956000932454 0 0
2015 08/26/2015 12.8933527382 2.956000932454 0 0
2015 08/27/2015 12.8933527382 2.956000932454 0 0
2015 08/28/2015 12.8933527382 2.956000932454 0 0
2015 08/29/2015 12.8933527382 2.956000932454 0 0
2015 08/30/2015 12.8933527382 2.956000932454 0 0
2015 08/31/2015 12.8933527382 2.956000932454 0 0
2015 09/01/2015 12.8933527382 2.956000932454 0 0
2015 09/02/2015 12.894952578 2.9562185106668 0 0
2015 09/03/2015 12.9059446603 2.9577134338596 0 0
2015 09/04/2015 12.9225866396 2.9599767430444 0 0
2015 09/05/2015 12.943180423 2.9627774975868 0 0
2015 09/06/2015 12.9609408808 2.9651929198476 0 0
2015 09/07/2015 12.9810429138 2.9679267963356 0 0
2015 09/08/2015 13.0111654838 2.9720234658556 0 0
2015 09/09/2015 13.0529611741 2.9777076797364 0 0
2015 09/10/2015 13.1015061151 2.9843097917124 0 0
2015 09/11/2015 13.1256457776 2.9875927858124 0 0
2015 09/12/2015 13.1515674256 2.9911181299404 0 0
2015 09/13/2015 13.1719073356 2.9938843577004 0 0
2015 09/14/2015 13.1719592033 2.9938914117076 0 0
2015 09/15/2015 13.1719592033 2.9938914117076 0 0
2015 09/16/2015 13.1719592033 2.9938914117076 0 0
2015 09/17/2015 13.1719592033 2.9938914117076 0 0
2015 09/18/2015 13.1719592033 2.9938914117076 0 0
2015 09/19/2015 13.1719592033 2.9938914117076 0 0
2015 09/20/2015 13.1719592033 2.9938914117076 0 0
2015 09/21/2015 13.1719592033 2.9938914117076 0 0
2015 09/22/2015 13.1719592033 2.9938914117076 0 0
2015 09/23/2015 13.1719592033 2.9938914117076 0 0
2015 09/24/2015 13.1719592033 2.9938914117076 0 0
2015 09/25/2015 13.1719592033 2.9938914117076 0 0
2015 09/26/2015 13.3409444743 3.0168734085636 0 0
2015 09/27/2015 13.5539508943 3.0458422816836 0 0
2015 09/28/2015 13.7644696443 3.0744728316836 0 0
2015 09/29/2015 13.9699051043 3.1024120542436 0 0
2015 09/30/2015 14.1590416043 3.1281346182436 0 0
2015 10/01/2015 14.3495792643 3.1540477400036 0 0
2015 10/02/2015 14.5389839143 3.1798067724036 0 0
2015 10/03/2015 14.7293963143 3.2057028588036 0 0
2015 10/04/2015 14.9365660943 3.2338779488836 0 0
2015 10/05/2015 15.1398443743 3.2615237949636 0 0
2015 10/06/2015 15.3412600643 3.2889163288036 0 0
2015 10/07/2015 15.5384125643 3.3157290688036 0 0
2015 10/08/2015 15.7613629843 3.3460503259236 0 0
2015 10/09/2015 15.9347320743 3.3696285221636 0 0
2015 10/10/2015 16.1424854143 3.3978829764036 0 0
2015 10/11/2015 16.3691808043 3.4287135494436 0 0
2015 10/12/2015 16.5614586893 3.4548633418036 0 0
2015 10/13/2015 16.575150161 3.4567253819548 0 0
2015 10/14/2015 16.575150161 3.4567253819548 0 0
2015 10/15/2015 16.575150161 3.4567253819548 0 0
2015 10/16/2015 16.575150161 3.4567253819548 0 0
2015 10/17/2015 16.575150161 3.4567253819548 0 0
2015 10/18/2015 16.575150161 3.4567253819548 0 0
2015 10/19/2015 16.575150161 3.4567253819548 0 0
2015 10/20/2015 16.575150161 3.4567253819548 0 0
2015 10/21/2015 16.575150161 3.4567253819548 0 0
2015 10/22/2015 16.575150161 3.4567253819548 0 0
2015 10/23/2015 16.575150161 3.4567253819548 0 0
2015 10/24/2015 16.575150161 3.4567253819548 0 0
2015 10/25/2015 16.575150161 3.4567253819548 0 0
2015 10/26/2015 16.6059940375 3.4609201491588 0 0
2015 10/27/2015 16.7599813075 3.4818624178788 0 0
2015 10/28/2015 16.9951111975 3.5138400829188 0 0
2015 10/29/2015 17.1698336875 3.5376023415588 0 0
2015 10/30/2015 17.3159439175 3.5574733328388 0 0
2015 10/31/2015 17.4788122275 3.5796234229988 0 0
2015 11/01/2015 17.6237143875 3.5993301167588 0 0
2015 11/02/2015 17.7688710475 3.6190714225188 0 0
2015 11/03/2015 17.9038776275 3.6374323173988 0 0
2015 11/04/2015 18.0392364975 3.6558411237188 0 0
2015 11/05/2015 18.1724528575 3.6739585486788 0 0
2015 11/06/2015 18.2726881675 3.6875905508388 0 0
2015 11/07/2015 18.3568477175 3.6990362496388 0 0
2015 11/08/2015 18.4397608175 3.7103124312388 0 0
2015 11/09/2015 18.5140313975 3.7204132301188 0 0
2015 11/10/2015 18.5874457175 3.7303975776388 0 0
2015 11/11/2015 18.7292830675 3.7496874572388 0 0
2015 11/12/2015 18.7898234225 3.7579209455188 0 0
2015 11/13/2015 18.7898234225 3.7579209455188 0 0
2015 11/14/2015 18.7898234225 3.7579209455188 0 0
2015 11/15/2015 18.7898234225 3.7579209455188 0 0
2015 11/16/2015 18.7898234225 3.7579209455188 0 0
2015 11/17/2015 18.7898234225 3.7579209455188 0 0
2015 11/18/2015 18.7898234225 3.7579209455188 0 0
2015 11/19/2015 18.7898234225 3.7579209455188 0 0
2015 11/20/2015 18.7898234225 3.7579209455188 0 0
2015 11/21/2015 18.7898234225 3.7579209455188 0 0
2015 11/22/2015 18.7898234225 3.7579209455188 0 0
2015 11/23/2015 18.7898234225 3.7579209455188 0 0
2015 11/24/2015 18.7898234225 3.7579209455188 0 0
2015 11/25/2015 18.7898234225 3.7579209455188 0 0
2015 11/26/2015 18.7898234225 3.7579209455188 0 0
2015 11/27/2015 18.7898234225 3.7579209455188 0 0
2015 11/28/2015 18.7898234225 3.7579209455188 0 0
2015 11/29/2015 18.7898234225 3.7579209455188 0 0
2015 11/30/2015 18.7898234225 3.7579209455188 0 0
2015 12/01/2015 18.7898234225 3.7579209455188 0 0
2015 12/02/2015 18.7898234225 3.7579209455188 0 0
2015 12/03/2015 18.7898234225 3.7579209455188 0 0
2015 12/04/2015 18.7898234225 3.7579209455188 0 0
2015 12/05/2015 18.7898234225 3.7579209455188 0 0
2015 12/06/2015 18.7898234225 3.7579209455188 0 0
2015 12/07/2015 18.7898234225 3.7579209455188 0 0
2015 12/08/2015 18.7898234225 3.7579209455188 0 0
2015 12/09/2015 18.7898234225 3.7579209455188 0 0
2015 12/10/2015 18.7898234225 3.7579209455188 0 0
2015 12/11/2015 18.7898234225 3.7579209455188 0 0
2015 12/12/2015 18.7898234225 3.7579209455188 0 0
2015 12/13/2015 18.7898234225 3.7579209455188 0 0
2015 12/14/2015 18.7898234225 3.7579209455188 0 0
2015 12/15/2015 18.7898234225 3.7579209455188 0 0
2015 12/16/2015 18.7898234225 3.7579209455188 0 0
2015 12/17/2015 18.7898234225 3.7579209455188 0 0
2015 12/18/2015 18.7898234225 3.7579209455188 0 0
2015 12/19/2015 18.7898234225 3.7579209455188 0 0
2015 12/20/2015 18.7898234225 3.7579209455188 0 0
2015 12/21/2015 18.7898234225 3.7579209455188 0 0
2015 12/22/2015 18.7898234225 3.7579209455188 0 0
2015 12/23/2015 18.7898234225 3.7579209455188 0 0
2015 12/24/2015 18.7898234225 3.7579209455188 0 0
2015 12/25/2015 18.7898234225 3.7579209455188 0 0
2015 12/26/2015 18.7898234225 3.7579209455188 0 0
2015 12/27/2015 18.7898234225 3.7579209455188 0 0
2015 12/28/2015 18.7898234225 3.7579209455188 0 0
2015 12/29/2015 18.7898234225 3.7579209455188 0 0
2015 12/30/2015 18.7898234225 3.7579209455188 0 0
2015 12/31/2015 18.7898234225 3.7579209455188 0 0
