Apsim version = 7.8
Title = STJOHNS_CS_ConvTill_MRTN_ControlDrained
 
year date sum_subsurface_drain sum_subsurface_drain_no3 sum_subsurface_drainerror sum_subsurface_drain_no3error
() (mm/dd/yyyy) () () () ()
2011 01/01/2011 13.944601 1.560372962698 0 0
2011 01/02/2011 20.8162935 2.329301610063 0 0
2011 01/03/2011 22.9649335 2.569730128783 0 0
2011 01/04/2011 24.6501597 2.7583035701106 0 0
2011 01/05/2011 25.9420843 2.9028673490014 0 0
2011 01/06/2011 27.3295741 3.0581246826418 0 0
2011 01/07/2011 28.5693253 3.1968503624194 0 0
2011 01/08/2011 29.4174346 3.2917520968708 0 0
2011 01/09/2011 29.9887112 3.3556768058576 0 0
2011 01/10/2011 30.5190058 3.4150157110084 0 0
2011 01/11/2011 31.0997122 3.4799955957556 0 0
2011 01/12/2011 31.63338472 3.53971248339856 0 0
2011 01/13/2011 31.93157596 3.57307948677208 0 0
2011 01/14/2011 31.93157596 3.57307948677208 0 0
2011 01/15/2011 31.93157596 3.57307948677208 0 0
2011 01/16/2011 31.93157596 3.57307948677208 0 0
2011 01/17/2011 31.93157596 3.57307948677208 0 0
2011 01/18/2011 31.93157596 3.57307948677208 0 0
2011 01/19/2011 31.93157596 3.57307948677208 0 0
2011 01/20/2011 31.93157596 3.57307948677208 0 0
2011 01/21/2011 32.62241436 3.64081204686168 0 0
2011 01/22/2011 33.39634746 3.71669154371808 0 0
2011 01/23/2011 33.97871956 3.77378963389048 0 0
2011 01/24/2011 34.57040146 3.83180049409408 0 0
2011 01/25/2011 35.12957026 3.88662363992128 0 0
2011 01/26/2011 35.72658726 3.94515757466928 0 0
2011 01/27/2011 36.30978586 4.00233669820768 0 0
2011 01/28/2011 36.89406826 4.05962208183328 0 0
2011 01/29/2011 37.44366686 4.11350692697168 0 0
2011 01/30/2011 37.90793509 4.1590256413138 0 0
2011 01/31/2011 38.37462624 4.2047819084244 0 0
2011 02/01/2011 38.89627549 4.2559264874914 0 0
2011 02/02/2011 39.42224211 4.30749435878268 0 0
2011 02/03/2011 39.82346827 4.34683217641372 0 0
2011 02/04/2011 40.28126844 4.3917167362812 0 0
2011 02/05/2011 40.81452134 4.4439989836088 0 0
2011 02/06/2011 41.28014517 4.48965060639732 0 0
2011 02/07/2011 41.73880801 4.53461974588228 0 0
2011 02/08/2011 42.15039787 4.57497366211612 0 0
2011 02/09/2011 42.56527133 4.61564951562836 0 0
2011 02/10/2011 42.9977281 4.65804930718624 0 0
2011 02/11/2011 43.43347887 4.70077205568012 0 0
2011 02/12/2011 43.84286932 4.74091033295992 0 0
2011 02/13/2011 44.31039427 4.78674834915772 0 0
2011 02/14/2011 52.67958917 5.60729769393332 0 0
2011 02/15/2011 61.75316217 6.49690708514532 0 0
2011 02/16/2011 66.69609887 6.98153237096012 0 0
2011 02/17/2011 66.69609887 6.98153237096012 0 0
2011 02/18/2011 66.69609887 6.98153237096012 0 0
2011 02/19/2011 76.90362887 7.98231944228012 0 0
2011 02/20/2011 82.85768497 8.56607891854852 0 0
2011 02/21/2011 92.53428377 9.51481137129572 0 0
2011 02/22/2011 99.68232807 10.2156342266449 0 0
2011 02/23/2011 102.48068017 10.4899958599373 0 0
2011 02/24/2011 107.34742837 10.9671513204581 0 0
2011 02/25/2011 114.38305837 11.6569526281781 0 0
2011 02/26/2011 117.48886537 11.9614583696861 0 0
2011 02/27/2011 122.16936647 12.4203534195345 0 0
2011 02/28/2011 122.16936647 12.4203534195345 0 0
2011 03/01/2011 122.16936647 12.4203534195345 0 0
2011 03/02/2011 122.16936647 12.4203534195345 0 0
2011 03/03/2011 122.16936647 12.4203534195345 0 0
2011 03/04/2011 122.16936647 12.4203534195345 0 0
2011 03/05/2011 122.16936647 12.4203534195345 0 0
2011 03/06/2011 122.16936647 12.4203534195345 0 0
2011 03/07/2011 122.16936647 12.4203534195345 0 0
2011 03/08/2011 122.16936647 12.4203534195345 0 0
2011 03/09/2011 122.16936647 12.4203534195345 0 0
2011 03/10/2011 122.16936647 12.4203534195345 0 0
2011 03/11/2011 122.16936647 12.4203534195345 0 0
2011 03/12/2011 129.46338997 13.3888392718175 0 0
2011 03/13/2011 131.69084617 13.6845964511411 0 0
2011 03/14/2011 133.57538527 13.9348217837609 0 0
2011 03/15/2011 138.56254757 14.5970072196303 0 0
2011 03/16/2011 145.43758377 15.5098607761939 0 0
2011 03/17/2011 148.38241177 15.9008691483779 0 0
2011 03/18/2011 150.19570107 16.1416340750533 0 0
2011 03/19/2011 151.25278347 16.2819913619605 0 0
2011 03/20/2011 152.38871497 16.4328180746675 0 0
2011 03/21/2011 153.51298317 16.5820961577271 0 0
2011 03/22/2011 154.57517357 16.7231316746583 0 0
2011 03/23/2011 155.77969517 16.8830656436631 0 0
2011 03/24/2011 158.31475047 17.2196652162865 0 0
2011 03/25/2011 159.84705757 17.4231218884103 0 0
2011 03/26/2011 161.11754897 17.5918151955195 0 0
2011 03/27/2011 162.22533967 17.7389054290841 0 0
2011 03/28/2011 163.19639977 17.8678408470419 0 0
2011 03/29/2011 164.09580277 17.9872617785759 0 0
2011 03/30/2011 165.08469767 18.1185652656081 0 0
2011 03/31/2011 166.08152517 18.2509220274031 0 0
2011 04/01/2011 167.05410907 18.3689480014198 0 0
2011 04/02/2011 167.89435877 18.4709148232639 0 0
2011 04/03/2011 168.73315117 18.5727047973811 0 0
2011 04/04/2011 169.29797857 18.6412482968533 0 0
2011 04/05/2011 169.29797857 18.6412482968533 0 0
2011 04/06/2011 169.29797857 18.6412482968533 0 0
2011 04/07/2011 170.50624927 18.7878755711104 0 0
2011 04/08/2011 172.40960097 19.0188530099605 0 0
2011 04/09/2011 174.63230957 19.2733864852895 0 0
2011 04/10/2011 176.69280587 19.509344219084 0 0
2011 04/11/2011 178.90567257 19.7627506492345 0 0
2011 04/12/2011 181.32766167 20.040104731021 0 0
2011 04/13/2011 183.05049457 20.2373949405645 0 0
2011 04/14/2011 184.36210257 20.3875937306845 0 0
2011 04/15/2011 185.79099297 20.5512231148405 0 0
2011 04/16/2011 190.09316887 21.043886788029 0 0
2011 04/17/2011 195.81403737 21.6990120443065 0 0
2011 04/18/2011 198.04820217 21.9548574263785 0 0
2011 04/19/2011 200.96571327 22.288956209995 0 0
2011 04/20/2011 200.96571327 22.288956209995 0 0
2011 04/21/2011 200.96571327 22.288956209995 0 0
2011 04/22/2011 208.90759727 23.198421056255 0 0
2011 04/23/2011 211.66008717 23.5136224371535 0 0
2011 04/24/2011 219.84821807 24.451286247167 0 0
2011 04/25/2011 227.14164107 25.286492582012 0 0
2011 04/26/2011 227.14164107 25.286492582012 0 0
2011 04/27/2011 227.14164107 25.286492582012 0 0
2011 04/28/2011 227.14164107 25.286492582012 0 0
2011 04/29/2011 242.41744807 27.035801620617 0 0
2011 04/30/2011 247.23935857 27.5879827015245 0 0
2011 05/01/2011 248.91165547 27.779485781028 0 0
2011 05/02/2011 250.86500887 28.003174045629 0 0
2011 05/03/2011 250.86500887 28.003174045629 0 0
2011 05/04/2011 250.86500887 28.003174045629 0 0
2011 05/05/2011 257.60919087 28.775484047359 0 0
2011 05/06/2011 260.37503217 29.0922143638285 0 0
2011 05/07/2011 262.15598777 29.2961604943625 0 0
2011 05/08/2011 267.57927597 29.9172083425855 0 0
2011 05/09/2011 269.93153837 30.1865776713215 0 0
2011 05/10/2011 271.90190607 30.3973873115445 0 0
2011 05/11/2011 273.39959047 30.5576245655005 0 0
2011 05/12/2011 274.76694547 30.7039178769505 0 0
2011 05/13/2011 276.12234707 30.8489322941345 0 0
2011 05/14/2011 277.31361637 30.9763861965415 0 0
2011 05/15/2011 282.03931147 31.4819883152905 0 0
2011 05/16/2011 290.81293577 32.4206783791475 0 0
2011 05/17/2011 294.65556447 32.8318012237605 0 0
2011 05/18/2011 299.45477247 33.3452684876805 0 0
2011 05/19/2011 301.49270007 33.5633063616045 0 0
2011 05/20/2011 301.49270007 33.5633063616045 0 0
2011 05/21/2011 309.04296407 34.3711091069645 0 0
2011 05/22/2011 311.93410557 34.6804323360495 0 0
2011 05/23/2011 314.89397907 34.9971092018145 0 0
2011 05/24/2011 320.03962647 35.5476420171405 0 0
2011 05/25/2011 322.56372307 35.8176951123745 0 0
2011 05/26/2011 322.56372307 35.8176951123745 0 0
2011 05/27/2011 322.56372307 35.8176951123745 0 0
2011 05/28/2011 322.56372307 35.8176951123745 0 0
2011 05/29/2011 322.56372307 35.8176951123745 0 0
2011 05/30/2011 329.64666867 36.5754994621185 0 0
2011 05/31/2011 331.88551267 36.8150333816785 0 0
2011 06/01/2011 333.60209407 36.9986904256645 0 0
2011 06/02/2011 335.11310997 37.1485892470081 0 0
2011 06/03/2011 336.45833757 37.2820412058385 0 0
2011 06/04/2011 337.77288107 37.4124491792125 0 0
2011 06/05/2011 339.13381047 37.5474588194101 0 0
2011 06/06/2011 340.38809137 37.6718885018137 0 0
2011 06/07/2011 341.56295727 37.7884398985573 0 0
2011 06/08/2011 342.59722737 37.8910436295577 0 0
2011 06/09/2011 343.53532757 37.9841069217985 0 0
2011 06/10/2011 347.56093677 38.3834634568753 0 0
2011 06/11/2011 349.94504727 38.6199767549173 0 0
2011 06/12/2011 351.44168457 38.7684491616265 0 0
2011 06/13/2011 352.54561317 38.8779632944609 0 0
2011 06/14/2011 353.53673677 38.9762867200753 0 0
2011 06/15/2011 354.55856867 39.0776565318829 0 0
2011 06/16/2011 355.44585607 39.1656789911125 0 0
2011 06/17/2011 356.16250657 39.241366600369 0 0
2011 06/18/2011 356.83000607 39.3118632250625 0 0
2011 06/19/2011 357.52701857 39.385476806225 0 0
2011 06/20/2011 358.20269877 39.4568374191876 0 0
2011 06/21/2011 359.03838767 39.5450970309833 0 0
2011 06/22/2011 359.81495937 39.6271130979354 0 0
2011 06/23/2011 360.50705887 39.7002078024289 0 0
2011 06/24/2011 361.06253154 39.7588729375256 0 0
2011 06/25/2011 361.47185792 39.8021031244966 0 0
2011 06/26/2011 361.83952267 39.8409333017383 0 0
2011 06/27/2011 362.24298538 39.8835442089295 0 0
2011 06/28/2011 362.60927524 39.9222291799137 0 0
2011 06/29/2011 362.9048164 39.9534421684448 0 0
2011 06/30/2011 363.19986 39.9846026081716 0 0
2011 07/01/2011 363.47891 40.0140739158216 0 0
2011 07/02/2011 363.74492619 40.0421686836961 0 0
2011 07/03/2011 363.99785058 40.0688807872971 0 0
2011 07/04/2011 364.23488445 40.0939146454095 0 0
2011 07/05/2011 364.415109309 40.112948733443 0 0
2011 07/06/2011 364.570548727 40.1293651566963 0 0
2011 07/07/2011 364.707843256 40.135615490129 0 0
2011 07/08/2011 364.848005907 40.1419963948158 0 0
2011 07/09/2011 364.963492447 40.1472539195493 0 0
2011 07/10/2011 365.055265406 40.1514318835077 0 0
2011 07/11/2011 365.161229817 40.1562559133185 0 0
2011 07/12/2011 365.272003454 40.1612988831429 0 0
2011 07/13/2011 365.350088283 40.1648536949832 0 0
2011 07/14/2011 365.428578812 40.1684269763159 0 0
2011 07/15/2011 365.542034149 40.1735920305328 0 0
2011 07/16/2011 365.61858568 40.1770770389816 0 0
2011 07/17/2011 365.693350692 40.1804807161529 0 0
2011 07/18/2011 365.693350692 40.1804807161529 0 0
2011 07/19/2011 365.693350692 40.1804807161529 0 0
2011 07/20/2011 365.693350692 40.1804807161529 0 0
2011 07/21/2011 365.693350692 40.1804807161529 0 0
2011 07/22/2011 365.693350692 40.1804807161529 0 0
2011 07/23/2011 365.693350692 40.1804807161529 0 0
2011 07/24/2011 365.693350692 40.1804807161529 0 0
2011 07/25/2011 365.693350692 40.1804807161529 0 0
2011 07/26/2011 365.693350692 40.1804807161529 0 0
2011 07/27/2011 365.693350692 40.1804807161529 0 0
2011 07/28/2011 365.693350692 40.1804807161529 0 0
2011 07/29/2011 365.693350692 40.1804807161529 0 0
2011 07/30/2011 365.693350692 40.1804807161529 0 0
2011 07/31/2011 365.693350692 40.1804807161529 0 0
2011 08/01/2011 365.693350692 40.1804807161529 0 0
2011 08/02/2011 365.693350692 40.1804807161529 0 0
2011 08/03/2011 365.693354728845 40.1804816551554 0 0
2011 08/04/2011 365.693354728845 40.1804816551554 0 0
2011 08/05/2011 365.693354728845 40.1804816551554 0 0
2011 08/06/2011 365.693354728845 40.1804816551554 0 0
2011 08/07/2011 365.694371536045 40.1807181726446 0 0
2011 08/08/2011 365.694498113992 40.1807476156876 0 0
2011 08/09/2011 382.798685532992 44.1593184428464 0 0
2011 08/10/2011 397.270945132992 47.5256818038832 0 0
2011 08/11/2011 397.298067719927 47.531990734585 0 0
2011 08/12/2011 397.298067719927 47.531990734585 0 0
2011 08/13/2011 397.298067719927 47.531990734585 0 0
2011 08/14/2011 397.298067719927 47.531990734585 0 0
2011 08/15/2011 397.298067719927 47.531990734585 0 0
2011 08/16/2011 397.298067719927 47.531990734585 0 0
2011 08/17/2011 397.298067719927 47.531990734585 0 0
2011 08/18/2011 397.298067719927 47.531990734585 0 0
2011 08/19/2011 397.298067719927 47.531990734585 0 0
2011 08/20/2011 397.298067719927 47.531990734585 0 0
2011 08/21/2011 397.298067719927 47.531990734585 0 0
2011 08/22/2011 397.298067719927 47.531990734585 0 0
2011 08/23/2011 397.298067719927 47.531990734585 0 0
2011 08/24/2011 397.315047489427 47.5359403648088 0 0
2011 08/25/2011 397.644515746118 47.6125773170611 0 0
2011 08/26/2011 397.644515746118 47.6125773170611 0 0
2011 08/27/2011 397.644515746118 47.6125773170611 0 0
2011 08/28/2011 397.644515746118 47.6125773170611 0 0
2011 08/29/2011 397.644515746118 47.6125773170611 0 0
2011 08/30/2011 397.644515746118 47.6125773170611 0 0
2011 08/31/2011 397.644515746118 47.6125773170611 0 0
2011 09/01/2011 397.644515746118 47.6125773170611 0 0
2011 09/02/2011 397.644515746118 47.6125773170611 0 0
2011 09/03/2011 397.644515746118 47.6125773170611 0 0
2011 09/04/2011 397.644515746118 47.6125773170611 0 0
2011 09/05/2011 397.644515746118 47.6125773170611 0 0
2011 09/06/2011 397.644515746118 47.6125773170611 0 0
2011 09/07/2011 397.644515746118 47.6125773170611 0 0
2011 09/08/2011 400.828087207018 48.3531015074381 0 0
2011 09/09/2011 411.920466407018 50.9332776483917 0 0
2011 09/10/2011 412.028994571518 50.9585221676798 0 0
2011 09/11/2011 412.028994571518 50.9585221676798 0 0
2011 09/12/2011 412.028994571518 50.9585221676798 0 0
2011 09/13/2011 412.028994571518 50.9585221676798 0 0
2011 09/14/2011 412.028994571518 50.9585221676798 0 0
2011 09/15/2011 412.028994571518 50.9585221676798 0 0
2011 09/16/2011 412.028994571518 50.9585221676798 0 0
2011 09/17/2011 412.028994571518 50.9585221676798 0 0
2011 09/18/2011 412.028994571518 50.9585221676798 0 0
2011 09/19/2011 412.028994571518 50.9585221676798 0 0
2011 09/20/2011 412.028994571518 50.9585221676798 0 0
2011 09/21/2011 412.028994571518 50.9585221676798 0 0
2011 09/22/2011 412.028994571518 50.9585221676798 0 0
2011 09/23/2011 416.698341220518 51.1946697051063 0 0
2011 09/24/2011 420.543374520518 51.3891284192205 0 0
2011 09/25/2011 420.54342969028 51.3891312093761 0 0
2011 09/26/2011 420.81105239028 51.4026659598059 0 0
2011 09/27/2011 420.81105239028 51.4026659598059 0 0
2011 09/28/2011 420.81105239028 51.4026659598059 0 0
2011 09/29/2011 420.81105239028 51.4026659598059 0 0
2011 09/30/2011 420.81105239028 51.4026659598059 0 0
2011 10/01/2011 420.81105239028 51.4026659598059 0 0
2011 10/02/2011 420.81105239028 51.4026659598059 0 0
2011 10/03/2011 425.75135339028 51.6525167425798 0 0
2011 10/04/2011 428.90434330028 51.8119760542882 0 0
2011 10/05/2011 428.98530720288 51.815987006023 0 0
2011 10/06/2011 428.985972730429 51.8160199762578 0 0
2011 10/07/2011 428.985977891729 51.8160202319486 0 0
2011 10/08/2011 428.985977891729 51.8160202319486 0 0
2011 10/09/2011 428.985977891729 51.8160202319486 0 0
2011 10/10/2011 428.985977891729 51.8160202319486 0 0
2011 10/11/2011 428.985977891729 51.8160202319486 0 0
2011 10/12/2011 428.985977891729 51.8160202319486 0 0
2011 10/13/2011 428.985980705843 51.8160203713598 0 0
2011 10/14/2011 428.985980705843 51.8160203713598 0 0
2011 10/15/2011 428.985980705843 51.8160203713598 0 0
2011 10/16/2011 428.985980705843 51.8160203713598 0 0
2011 10/17/2011 428.985980705843 51.8160203713598 0 0
2011 10/18/2011 428.985980705843 51.8160203713598 0 0
2011 10/19/2011 429.199859121843 51.8266159080884 0 0
2011 10/20/2011 429.199859121843 51.8266159080884 0 0
2011 10/21/2011 429.199859121843 51.8266159080884 0 0
2011 10/22/2011 429.199859121843 51.8266159080884 0 0
2011 10/23/2011 429.199859121843 51.8266159080884 0 0
2011 10/24/2011 429.199859121843 51.8266159080884 0 0
2011 10/25/2011 429.199859121843 51.8266159080884 0 0
2011 10/26/2011 429.199859121843 51.8266159080884 0 0
2011 10/27/2011 429.199859121843 51.8266159080884 0 0
2011 10/28/2011 429.199859121843 51.8266159080884 0 0
2011 10/29/2011 429.199859121843 51.8266159080884 0 0
2011 10/30/2011 429.199859121843 51.8266159080884 0 0
2011 10/31/2011 437.882335121843 52.2567457691284 0 0
2011 11/01/2011 440.697109721843 52.3961897028124 0 0
2011 11/02/2011 441.041428091843 52.4132472348622 0 0
2011 11/03/2011 441.288166671843 52.4254706641154 0 0
2011 11/04/2011 441.374602221843 52.4297526812624 0 0
2011 11/05/2011 441.440802250843 52.4320996708906 0 0
2011 11/06/2011 441.513398531843 52.4346734268409 0 0
2011 11/07/2011 441.557832504843 52.4362487444856 0 0
2011 11/08/2011 441.639383654843 52.4391399774066 0 0
2011 11/09/2011 441.831902274843 52.4459653400414 0 0
2011 11/10/2011 441.912974934843 52.4488396090564 0 0
2011 11/11/2011 441.985235390843 52.451401459003 0 0
2011 11/12/2011 442.062312074843 52.4541340586808 0 0
2011 11/13/2011 442.190914564843 52.4586934027588 0 0
2011 11/14/2011 444.223467694843 52.5307535088767 0 0
2011 11/15/2011 444.223467694843 52.5307535088767 0 0
2011 11/16/2011 444.223467694843 52.5307535088767 0 0
2011 11/17/2011 444.223467694843 52.5307535088767 0 0
2011 11/18/2011 444.223467694843 52.5307535088767 0 0
2011 11/19/2011 453.281778694843 52.8518978087597 0 0
2011 11/20/2011 454.656836524843 52.9006477340067 0 0
2011 11/21/2011 454.931327284843 52.910379254921 0 0
2011 11/22/2011 455.910394564843 52.9450901271988 0 0
2011 11/23/2011 455.910394564843 52.9450901271988 0 0
2011 11/24/2011 455.910394564843 52.9450901271988 0 0
2011 11/25/2011 463.069016064843 53.1988847352383 0 0
2011 11/26/2011 464.362854864843 53.2447552022147 0 0
2011 11/27/2011 465.779097864843 53.2949652652937 0 0
2011 11/28/2011 465.779097864843 53.2949652652937 0 0
2011 11/29/2011 465.779097864843 53.2949652652937 0 0
2011 11/30/2011 465.779097864843 53.2949652652937 0 0
2011 12/01/2011 465.779097864843 53.2949652652937 0 0
2011 12/02/2011 465.779097864843 53.2949652652937 0 0
2011 12/03/2011 465.779097864843 53.2949652652937 0 0
2011 12/04/2011 465.779097864843 53.2949652652937 0 0
2011 12/05/2011 465.779097864843 53.2949652652937 0 0
2011 12/06/2011 465.779097864843 53.2949652652937 0 0
2011 12/07/2011 465.779097864843 53.2949652652937 0 0
2011 12/08/2011 465.779097864843 53.2949652652937 0 0
2011 12/09/2011 465.779097864843 53.2949652652937 0 0
2011 12/10/2011 465.779097864843 53.2949652652937 0 0
2011 12/11/2011 473.147799864843 53.5562078572997 0 0
2011 12/12/2011 477.192107764843 53.6995907052784 0 0
2011 12/13/2011 478.126514764843 53.7327182366494 0 0
2011 12/14/2011 479.713387664843 53.7889776415731 0 0
2011 12/15/2011 479.713387664843 53.7889776415731 0 0
2011 12/16/2011 479.713387664843 53.7889776415731 0 0
2011 12/17/2011 479.713387664843 53.7889776415731 0 0
2011 12/18/2011 488.250672664843 54.0448400730231 0 0
2011 12/19/2011 492.280668464843 54.1656190471491 0 0
2011 12/20/2011 493.295328764843 54.1960284163401 0 0
2011 12/21/2011 493.295328764843 54.1960284163401 0 0
2011 12/22/2011 493.295328764843 54.1960284163401 0 0
2011 12/23/2011 493.295328764843 54.1960284163401 0 0
2011 12/24/2011 496.182026764843 54.2825427554001 0 0
2011 12/25/2011 502.950909464843 54.4854061699191 0 0
2011 12/26/2011 503.969292664843 54.5159271144231 0 0
2011 12/27/2011 505.812424364843 54.5711657714721 0 0
2011 12/28/2011 505.812424364843 54.5711657714721 0 0
2011 12/29/2011 512.571820264843 54.7737448665951 0 0
2011 12/30/2011 515.414474064843 54.8589392009811 0 0
2011 12/31/2011 517.831557064843 54.9313791784911 0 0
2012 01/01/2012 5.731541 0.191215670842 0 0
2012 01/02/2012 6.8171844 0.2274349059528 0 0
2012 01/03/2012 7.5232498 0.2509906598276 0 0
2012 01/04/2012 8.3416052 0.2782926326824 0 0
2012 01/05/2012 8.9538447 0.2987181668814 0 0
2012 01/06/2012 9.5456522 0.3184620486964 0 0
2012 01/07/2012 9.96467631 0.33244153105422 0 0
2012 01/08/2012 10.22241886 0.34104033800732 0 0
2012 01/09/2012 10.62125322 0.35434624992564 0 0
2012 01/10/2012 11.02395036 0.36778103191032 0 0
2012 01/11/2012 11.60976847 0.38732509569614 0 0
2012 01/12/2012 12.44736207 0.41526889337934 0 0
2012 01/13/2012 13.04383425 0.4351683982485 0 0
2012 01/14/2012 13.41241254 0.44746490715948 0 0
2012 01/15/2012 13.67513842 0.45622996796804 0 0
2012 01/16/2012 14.23735255 0.4749865557731 0 0
2012 01/17/2012 23.94467895 0.7988423791299 0 0
2012 01/18/2012 27.05504985 0.9026105730957 0 0
2012 01/19/2012 29.25284115 0.9759332864463 0 0
2012 01/20/2012 31.01381815 1.0274453856503 0 0
2012 01/21/2012 32.58626412 1.07344257516474 0 0
2012 01/22/2012 33.75774955 1.1077108669631 0 0
2012 01/23/2012 34.45402835 1.1280784144207 0 0
2012 01/24/2012 43.19570295 1.3837898798199 0 0
2012 01/25/2012 46.25299105 1.4868724626876 0 0
2012 01/26/2012 53.25104655 1.7228258999811 0 0
2012 01/27/2012 53.25104655 1.7228258999811 0 0
2012 01/28/2012 63.55322645 2.0701844996694 0 0
2012 01/29/2012 67.90492425 2.216910694392 0 0
2012 01/30/2012 69.75340435 2.2792358979237 0 0
2012 01/31/2012 71.11970924 2.32530359989983 0 0
2012 02/01/2012 72.15657761 2.36026369073112 0 0
2012 02/02/2012 73.02829522 2.38965539338749 0 0
2012 02/03/2012 73.77601439 2.41486624064238 0 0
2012 02/04/2012 78.08751886 2.56023723685737 0 0
2012 02/05/2012 81.22665496 2.66607948874107 0 0
2012 02/06/2012 83.05038736 2.72757027407187 0 0
2012 02/07/2012 84.68597136 2.78271725979987 0 0
2012 02/08/2012 86.12923563 2.83137980119146 0 0
2012 02/09/2012 87.48863884 2.87721479922303 0 0
2012 02/10/2012 89.13817594 2.93283224162373 0 0
2012 02/11/2012 89.86064705 2.9571918000396 0 0
2012 02/12/2012 90.7931438 2.98863279295935 0 0
2012 02/13/2012 91.72384628 3.02001328847751 0 0
2012 02/14/2012 92.504118073 3.04632171252209 0 0
2012 02/15/2012 92.7370215442 3.0509562586955 0 0
2012 02/16/2012 94.0388378942 3.07686110224415 0 0
2012 02/17/2012 95.0312784842 3.09660967754456 0 0
2012 02/18/2012 95.6357678142 3.10863841072223 0 0
2012 02/19/2012 95.9760996042 3.11541067301144 0 0
2012 02/20/2012 96.1832712597 3.11953318178423 0 0
2012 02/21/2012 96.5896218697 3.12761915257262 0 0
2012 02/22/2012 96.7774680604 3.13135710392136 0 0
2012 02/23/2012 97.048259958 3.13674559189171 0 0
2012 02/24/2012 98.218374968 3.1600297104757 0 0
2012 02/25/2012 98.624419908 3.16810959873676 0 0
2012 02/26/2012 98.7495964997 3.17060048773499 0 0
2012 02/27/2012 98.86954082994 3.17298725996244 0 0
2012 02/28/2012 98.93398490509 3.17426963261385 0 0
2012 02/29/2012 103.00156228509 3.25521035489847 0 0
2012 03/01/2012 104.14881618509 3.28559881620167 0 0
2012 03/02/2012 106.79770078509 3.35576247148647 0 0
2012 03/03/2012 109.22863308509 3.42015300624887 0 0
2012 03/04/2012 110.51846386509 3.45431804394951 0 0
2012 03/05/2012 111.00329098109 3.46716014459812 0 0
2012 03/06/2012 111.18494237179 3.47197172663498 0 0
2012 03/07/2012 111.22151788916 3.47294053893908 0 0
2012 03/08/2012 111.25197114967 3.47374718490346 0 0
2012 03/09/2012 111.31549800575 3.47542988426731 0 0
2012 03/10/2012 111.33436271636 3.47592368693224 0 0
2012 03/11/2012 111.36100389236 3.47662104635522 0 0
2012 03/12/2012 111.39123375216 3.47741234316534 0 0
2012 03/13/2012 111.39602336799 3.47753771614931 0 0
2012 03/14/2012 111.39899699659 3.47761555385154 0 0
2012 03/15/2012 111.39899699659 3.47761555385154 0 0
2012 03/16/2012 111.39900553625 3.47761577738568 0 0
2012 03/17/2012 111.39907759805 3.47761766367536 0 0
2012 03/18/2012 111.39908613771 3.4776178872095 0 0
2012 03/19/2012 111.40381153743 3.47774157927257 0 0
2012 03/20/2012 111.40392139125 3.47774445480616 0 0
2012 03/21/2012 111.40524215671 3.47777902716284 0 0
2012 03/22/2012 111.405284855 3.47778014483328 0 0
2012 03/23/2012 111.40591547014 3.47779073160025 0 0
2012 03/24/2012 111.41031899145 3.477864657916 0 0
2012 03/25/2012 111.41480762006 3.47794001301311 0 0
2012 03/26/2012 111.42187008213 3.47805857762634 0 0
2012 03/27/2012 111.44292518198 3.47841205064262 0 0
2012 03/28/2012 111.47489308808 3.47894872785023 0 0
2012 03/29/2012 111.51379784948 3.47985789321938 0 0
2012 03/30/2012 111.59569021073 3.48177163580944 0 0
2012 03/31/2012 111.70464420973 3.48431778181207 0 0
2012 04/01/2012 111.78250179513 3.48613723572528 0 0
2012 04/02/2012 111.80891286018 3.48675443590443 0 0
2012 04/03/2012 111.84843172528 3.48767795226295 0 0
2012 04/04/2012 111.87542663783 3.48830879637433 0 0
2012 04/05/2012 111.96351333383 3.49036729437316 0 0
2012 04/06/2012 112.10491801893 3.49977409964475 0 0
2012 04/07/2012 112.19404822948 3.50570339777138 0 0
2012 04/08/2012 112.25153878828 3.50952789970499 0 0
2012 04/09/2012 112.32676152643 3.51453201713768 0 0
2012 04/10/2012 112.47690106843 3.52451990002969 0 0
2012 04/11/2012 112.60301924463 3.53290978558322 0 0
2012 04/12/2012 112.69624883953 3.53911179115435 0 0
2012 04/13/2012 112.75523639183 3.54303587908355 0 0
2012 04/14/2012 112.81624597983 3.54709448091566 0 0
2012 04/15/2012 112.83081720623 3.5480638171807 0 0
2012 04/16/2012 112.83531395653 3.54836295899765 0 0
2012 04/17/2012 112.85892350133 3.54993356035593 0 0
2012 04/18/2012 112.87918300413 3.5512813035202 0 0
2012 04/19/2012 112.91049521183 3.55336431682523 0 0
2012 04/20/2012 112.91168303683 3.55344333569553 0 0
2012 04/21/2012 112.98032744523 3.55800983631993 0 0
2012 04/22/2012 113.07424470123 3.56425758785808 0 0
2012 04/23/2012 113.18607815913 3.57169719681142 0 0
2012 04/24/2012 113.26305772148 3.57681818521719 0 0
2012 04/25/2012 113.32957249888 3.58124301426894 0 0
2012 04/26/2012 113.36722910268 3.58374808218014 0 0
2012 04/27/2012 113.41390558868 3.5868531887348 0 0
2012 04/28/2012 113.55669240768 3.59635193908196 0 0
2012 04/29/2012 113.61302241338 3.60009923638114 0 0
2012 04/30/2012 113.62668526953 3.60100814422367 0 0
2012 05/01/2012 113.62965558163 3.60120574126581 0 0
2012 05/02/2012 113.64034510393 3.60191685104729 0 0
2012 05/03/2012 113.64168224428 3.60200580297193 0 0
2012 05/04/2012 113.64174115093 3.60200836334948 0 0
2012 05/05/2012 113.65893790458 3.60275582024687 0 0
2012 05/06/2012 113.66153564128 3.60286873087254 0 0
2012 05/07/2012 115.15893226523 3.66795307513253 0 0
2012 05/08/2012 123.19279661823 4.01714498923567 0 0
2012 05/09/2012 123.20245358793 4.01756472942368 0 0
2012 05/10/2012 123.22109696053 4.01837506361374 0 0
2012 05/11/2012 123.25280083163 4.0197530723711 0 0
2012 05/12/2012 123.26415348713 4.02024651554241 0 0
2012 05/13/2012 123.26788796963 4.02040883482427 0 0
2012 05/14/2012 123.27305078158 4.02063323644568 0 0
2012 05/15/2012 123.27646530903 4.02078164888129 0 0
2012 05/16/2012 123.30327328923 4.02194685774069 0 0
2012 05/17/2012 123.31837390428 4.02260320597383 0 0
2012 05/18/2012 123.34270300568 4.02366067036619 0 0
2012 05/19/2012 123.34609673718 4.02380817890583 0 0
2012 05/20/2012 123.34734646853 4.02386249847896 0 0
2012 05/21/2012 123.43013397013 4.027460857236 0 0
2012 05/22/2012 123.48886542283 4.03001361982761 0 0
2012 05/23/2012 123.51737826108 4.03125293034215 0 0
2012 05/24/2012 123.53638476418 4.03207904799939 0 0
2012 05/25/2012 123.53943213283 4.03221150187776 0 0
2012 05/26/2012 123.54445107153 4.03242965004836 0 0
2012 05/27/2012 123.55293850518 4.03279855635195 0 0
2012 05/28/2012 123.55545087748 4.03290775661397 0 0
2012 05/29/2012 123.55569141043 4.03291821137864 0 0
2012 05/30/2012 123.55610893423 4.03293635905061 0 0
2012 05/31/2012 123.55826506453 4.0330300752541 0 0
2012 06/01/2012 123.59910602263 4.03480522749792 0 0
2012 06/02/2012 123.61966774423 4.03569894272726 0 0
2012 06/03/2012 123.63094908303 4.0361892861182 0 0
2012 06/04/2012 123.63826660793 4.03650734233798 0 0
2012 06/05/2012 123.64683936333 4.03687995715144 0 0
2012 06/06/2012 123.65883801958 4.03740147874535 0 0
2012 06/07/2012 123.66439834178 4.03764315814977 0 0
2012 06/08/2012 123.66984515338 4.03787990381597 0 0
2012 06/09/2012 123.67115746843 4.03793694358961 0 0
2012 06/10/2012 123.67214893393 4.03798003763757 0 0
2012 06/11/2012 123.67257265628 4.03799845472951 0 0
2012 06/12/2012 123.67567395248 4.03813325256885 0 0
2012 06/13/2012 123.68084425948 4.0383579799626 0 0
2012 06/14/2012 123.69199473808 4.03884263551495 0 0
2012 06/15/2012 123.69440204178 4.03894726897027 0 0
2012 06/16/2012 123.69533013548 4.03898760856294 0 0
2012 06/17/2012 123.69896798793 4.03914572781968 0 0
2012 06/18/2012 123.71825362203 4.03998397790584 0 0
2012 06/19/2012 123.73992819083 4.04092606303873 0 0
2012 06/20/2012 123.75828953233 4.04172413874703 0 0
2012 06/21/2012 123.78922662538 4.04306881949645 0 0
2012 06/22/2012 123.79317456838 4.04324041683894 0 0
2012 06/23/2012 123.80210932068 4.04362876584766 0 0
2012 06/24/2012 123.81002525763 4.04397283204719 0 0
2012 06/25/2012 123.83013655693 4.04484696967127 0 0
2012 06/26/2012 123.90913515133 4.04828064357686 0 0
2012 06/27/2012 123.96346677443 4.0506421675749 0 0
2012 06/28/2012 123.99272824453 4.0519140173728 0 0
2012 06/29/2012 123.99823642588 4.05215343047518 0 0
2012 06/30/2012 124.01516282693 4.05288913649682 0 0
2012 07/01/2012 124.02125884118 4.05315409975619 0 0
2012 07/02/2012 124.03477442713 4.05374155469951 0 0
2012 07/03/2012 124.06717243083 4.05514973393033 0 0
2012 07/04/2012 124.09559950958 4.0563853169082 0 0
2012 07/05/2012 124.11380046233 4.05717642131948 0 0
2012 07/06/2012 124.12948022818 4.05785794234215 0 0
2012 07/07/2012 124.16921635418 4.05958507305874 0 0
2012 07/08/2012 124.19569840193 4.06073611526419 0 0
2012 07/09/2012 124.21043040158 4.06137644162898 0 0
2012 07/10/2012 124.23201965673 4.06231481860407 0 0
2012 07/11/2012 124.27520047243 4.06419167275847 0 0
2012 07/12/2012 124.29908298103 4.06522972599477 0 0
2012 07/13/2012 124.32323345538 4.0662794263624 0 0
2012 07/14/2012 124.33901296113 4.06696528257982 0 0
2012 07/15/2012 124.35872188458 4.06782193093757 0 0
2012 07/16/2012 124.36822450623 4.06823496238759 0 0
2012 07/17/2012 124.39074554408 4.06921383929774 0 0
2012 07/18/2012 124.40597768453 4.0698759042824 0 0
2012 07/19/2012 124.44015665018 4.07136149302438 0 0
2012 07/20/2012 124.49971903388 4.0739503720319 0 0
2012 07/21/2012 124.51382954923 4.07456368558159 0 0
2012 07/22/2012 124.53570163238 4.0755143556757 0 0
2012 07/23/2012 124.56955604308 4.07698583763678 0 0
2012 07/24/2012 124.59221949583 4.07797090461056 0 0
2012 07/25/2012 124.60407668428 4.07848627730653 0 0
2012 07/26/2012 124.62732690968 4.07949684835355 0 0
2012 07/27/2012 124.64861140413 4.08042197890481 0 0
2012 07/28/2012 124.67867738143 4.08172879660816 0 0
2012 07/29/2012 124.69795492473 4.08256669502769 0 0
2012 07/30/2012 124.71949070568 4.08350274774669 0 0
2012 07/31/2012 124.73012225148 4.08396484788488 0 0
2012 08/01/2012 124.73783095988 4.08429990689549 0 0
2012 08/02/2012 124.74920205588 4.08479415158313 0 0
2012 08/03/2012 124.76435958278 4.08545297348984 0 0
2012 08/04/2012 124.78691693553 4.08643342882712 0 0
2012 08/05/2012 124.90888371613 4.0917347149459 0 0
2012 08/06/2012 124.94158738673 4.09315617998852 0 0
2012 08/07/2012 125.01981483618 4.09655633607887 0 0
2012 08/08/2012 125.08031949708 4.09875053760641 0 0
2012 08/09/2012 125.11647136028 4.10006158492535 0 0
2012 08/10/2012 125.23295181708 4.10428574869121 0 0
2012 08/11/2012 125.27220484583 4.10570925977883 0 0
2012 08/12/2012 125.27602799678 4.10584790634803 0 0
2012 08/13/2012 125.28682558658 4.10623948094212 0 0
2012 08/14/2012 125.28937726143 4.10633201743056 0 0
2012 08/15/2012 125.29179244818 4.10642979626613 0 0
2012 08/16/2012 125.29261548218 4.10646311679762 0 0
2012 08/17/2012 125.30282388228 4.10687640387567 0 0
2012 08/18/2012 125.32772911598 4.10788469226202 0 0
2012 08/19/2012 125.37239302093 4.10969291045392 0 0
2012 08/20/2012 125.40862092533 4.11115959716355 0 0
2012 08/21/2012 125.43154007953 4.11208747912134 0 0
2012 08/22/2012 125.47165487303 4.11371152653619 0 0
2012 08/23/2012 125.50641759453 4.11511889531611 0 0
2012 08/24/2012 125.51997624718 4.11566781736865 0 0
2012 08/25/2012 125.53340978523 4.1162116741566 0 0
2012 08/26/2012 125.53690927903 4.1163533511631 0 0
2012 08/27/2012 125.54043486968 4.11649608470056 0 0
2012 08/28/2012 125.54165106173 4.11654532223571 0 0
2012 08/29/2012 125.55737175068 4.11718177432785 0 0
2012 08/30/2012 125.57503361528 4.11789681491618 0 0
2012 08/31/2012 125.58278721898 4.11821071956197 0 0
2012 09/01/2012 125.59000002543 4.1185027300311 0 0
2012 09/02/2012 125.61399885603 4.11947432268794 0 0
2012 09/03/2012 125.63104484118 4.12016442939674 0 0
2012 09/04/2012 125.65962915738 4.12132166543809 0 0
2012 09/05/2012 125.67471026773 4.12193222419061 0 0
2012 09/06/2012 125.68600602778 4.12238953303624 0 0
2012 09/07/2012 125.69321495938 4.12268138663207 0 0
2012 09/08/2012 133.29923095938 4.43061094439206 0 0
2012 09/09/2012 142.27941465938 4.79417368148656 0 0
2012 09/10/2012 143.69100967938 4.85132210587127 0 0
2012 09/11/2012 144.22073338938 4.87276797027061 0 0
2012 09/12/2012 144.48771553938 4.88357674261337 0 0
2012 09/13/2012 144.70922810438 4.89254467880739 0 0
2012 09/14/2012 144.92932992038 4.92941811594005 0 0
2012 09/15/2012 145.04867039883 4.9494111069543 0 0
2012 09/16/2012 145.15693663713 4.96754884159046 0 0
2012 09/17/2012 145.28992826313 4.98982879570262 0 0
2012 09/18/2012 145.70311314313 5.05904924546414 0 0
2012 09/19/2012 145.85805101313 5.08500583188737 0 0
2012 09/20/2012 146.02307311513 5.11265181961333 0 0
2012 09/21/2012 146.43292538623 5.18131396073844 0 0
2012 09/22/2012 154.16513718623 6.47668367138064 0 0
2012 09/23/2012 155.79441018623 6.74963414779764 0 0
2012 09/24/2012 156.53476670623 6.87366533523672 0 0
2012 09/25/2012 157.06440489623 6.96239509156923 0 0
2012 09/26/2012 163.97020888623 8.11931752820994 0 0
2012 09/27/2012 178.96750578623 10.63179968057 0 0
2012 09/28/2012 188.88871618623 11.2775415018748 0 0
2012 09/29/2012 191.79185418623 11.4664980448808 0 0
2012 09/30/2012 193.23984500623 11.5607434233822 0 0
2012 10/01/2012 194.17960900623 11.6219098428502 0 0
2012 10/02/2012 197.72385095623 11.8525939186498 0 0
2012 10/03/2012 202.51356685623 12.1643421574331 0 0
2012 10/04/2012 204.16676325623 12.2719437515199 0 0
2012 10/05/2012 207.45278515623 12.4858210589252 0 0
2012 10/06/2012 220.92921925623 13.3629617251919 0 0
2012 10/07/2012 225.73467265623 13.6757342706377 0 0
2012 10/08/2012 227.55729045623 13.7943629953863 0 0
2012 10/09/2012 228.87438496623 13.8800887257587 0 0
2012 10/10/2012 229.77986562623 13.9390237454761 0 0
2012 10/11/2012 230.38265182623 13.9782572908755 0 0
2012 10/12/2012 230.76610605323 14.0032151761483 0 0
2012 10/13/2012 231.23925020323 14.0313923297132 0 0
2012 10/14/2012 231.79661701323 14.0645851953491 0 0
2012 10/15/2012 232.72638896323 14.1199559042875 0 0
2012 10/16/2012 233.36018400323 14.1577003003046 0 0
2012 10/17/2012 233.94870881323 14.1927487183145 0 0
2012 10/18/2012 234.71340622323 14.2382887431723 0 0
2012 10/19/2012 235.75945643323 14.3005841713284 0 0
2012 10/20/2012 236.51908860323 14.3458225459484 0 0
2012 10/21/2012 236.95709276323 14.3719070076889 0 0
2012 10/22/2012 237.33119558323 14.3941859529284 0 0
2012 10/23/2012 237.74530275323 14.4188472772234 0 0
2012 10/24/2012 238.06790815323 14.4448679835766 0 0
2012 10/25/2012 238.36450290323 14.4687907229221 0 0
2012 10/26/2012 238.80105133323 14.504001846189 0 0
2012 10/27/2012 241.82875423323 14.7482103066972 0 0
2012 10/28/2012 243.53532333323 14.885858757165 0 0
2012 10/29/2012 244.96206213323 15.0009366552954 0 0
2012 10/30/2012 247.36998193323 15.1951546505238 0 0
2012 10/31/2012 251.81177993323 15.5534211936078 0 0
2012 11/01/2012 257.63025613323 16.0227278469474 0 0
2012 11/02/2012 260.39899093323 16.2460484584458 0 0
2012 11/03/2012 262.12110793323 16.3626099475908 0 0
2012 11/04/2012 263.40914597323 16.4497908023282 0 0
2012 11/05/2012 264.06792831323 16.4943804850111 0 0
2012 11/06/2012 264.69552294323 16.5368592275427 0 0
2012 11/07/2012 265.19634900323 16.5757333463199 0 0
2012 11/08/2012 265.48200982523 16.5979063393235 0 0
2012 11/09/2012 265.72970797023 16.6171326693384 0 0
2012 11/10/2012 265.87109400023 16.628107052987 0 0
2012 11/11/2012 265.96947837733 16.6357436483375 0 0
2012 11/12/2012 268.76201424733 16.8525002825669 0 0
2012 11/13/2012 270.70835194733 17.0035750148409 0 0
2012 11/14/2012 271.78021467733 17.0805647710113 0 0
2012 11/15/2012 272.52656374733 17.1341735320113 0 0
2012 11/16/2012 272.94341282733 17.1641149677295 0 0
2012 11/17/2012 273.17380468883 17.1806635543574 0 0
2012 11/18/2012 273.41735596583 17.1981573554817 0 0
2012 11/19/2012 273.78279493983 17.2244061061062 0 0
2012 11/20/2012 274.16770293383 17.2520532774992 0 0
2012 11/21/2012 274.26347565161 17.258091843128 0 0
2012 11/22/2012 274.45193668211 17.269974499562 0 0
2012 11/23/2012 274.77902062211 17.290597469063 0 0
2012 11/24/2012 275.19312467211 17.3167071435195 0 0
2012 11/25/2012 275.54109726811 17.3386471636699 0 0
2012 11/26/2012 275.67496928704 17.3470879283355 0 0
2012 11/27/2012 275.76142861919 17.3525392756869 0 0
2012 11/28/2012 275.86253541318 17.3589141601547 0 0
2012 11/29/2012 275.98067969531 17.3663632752873 0 0
2012 11/30/2012 276.06730719342 17.3718252256706 0 0
2012 12/01/2012 276.09931866075 17.3738435806973 0 0
2012 12/02/2012 276.14214064595 17.3765435496861 0 0
2012 12/03/2012 276.16531666993 17.3780048211741 0 0
2012 12/04/2012 276.21616263382 17.3812107100433 0 0
2012 12/05/2012 276.35133579242 17.3897335128662 0 0
2012 12/06/2012 276.63053744642 17.4073374563525 0 0
2012 12/07/2012 277.10141651542 17.4370268525321 0 0
2012 12/08/2012 280.18327731542 17.6580055174745 0 0
2012 12/09/2012 281.62786034542 17.7615864544745 0 0
2012 12/10/2012 283.37668374542 17.8869823387247 0 0
2012 12/11/2012 284.64446831542 17.9778862957475 0 0
2012 12/12/2012 285.08758158542 18.0096588465463 0 0
2012 12/13/2012 285.55531620542 18.0431968220041 0 0
2012 12/14/2012 285.97392844542 18.0732125754488 0 0
2012 12/15/2012 286.52401057542 18.1126551144162 0 0
2012 12/16/2012 286.85869485542 18.1366529813451 0 0
2012 12/17/2012 287.25190633542 18.1648474240955 0 0
2012 12/18/2012 287.61485152542 18.1908716830541 0 0
2012 12/19/2012 287.91883273542 18.2126680477547 0 0
2012 12/20/2012 291.73129253542 18.4860328527941 0 0
2012 12/21/2012 297.63100733542 18.9090601030985 0 0
2012 12/22/2012 299.92424293542 19.0734919753253 0 0
2012 12/23/2012 301.56170344542 19.1909028062738 0 0
2012 12/24/2012 302.79383946542 19.2792506553159 0 0
2012 12/25/2012 303.53949981542 19.332716739392 0 0
2012 12/26/2012 304.75569507542 19.4199215881197 0 0
2012 12/27/2012 305.24414625442 19.4549450030076 0 0
2012 12/28/2012 305.76567015742 19.4923398314244 0 0
2012 12/29/2012 306.55624109742 19.5490261395352 0 0
2012 12/30/2012 306.92597554742 19.5755372088035 0 0
2012 12/31/2012 307.95646826742 19.6494266283057 0 0
2013 01/01/2013 2.2707198 0.182815651098 0 0
2013 01/02/2013 3.9447425 0.317591218675 0 0
2013 01/03/2013 5.7421918 0.462303861818 0 0
2013 01/04/2013 7.3159428 0.589006554828 0 0
2013 01/05/2013 8.5073633 0.684927819283 0 0
2013 01/06/2013 9.91237605 0.7980453957855 0 0
2013 01/07/2013 10.7330334889 0.864116526191339 0 0
2013 01/08/2013 11.7254302089 0.962966186280379 0 0
2013 01/09/2013 19.3237360089 1.71981063210098 0 0
2013 01/10/2013 28.6639947089 2.65016578043188 0 0
2013 01/11/2013 31.9856227089 2.98102318062788 0 0
2013 01/12/2013 37.7600785089 3.55619939949848 0 0
2013 01/13/2013 37.7600785089 3.55619939949848 0 0
2013 01/14/2013 39.6940855089 3.74884003474748 0 0
2013 01/15/2013 52.2194369089 5.19673308053328 0 0
2013 01/16/2013 59.2102967089 6.00485550083388 0 0
2013 01/17/2013 61.8616297089 6.31134164163488 0 0
2013 01/18/2013 63.9148802089 6.54869123968338 0 0
2013 01/19/2013 65.8438898089 6.77167896241458 0 0
2013 01/20/2013 67.3304769089 6.94352397141328 0 0
2013 01/21/2013 68.9097989089 7.12608885664728 0 0
2013 01/22/2013 70.0838257289 7.26180283495882 0 0
2013 01/23/2013 71.4469164789 7.41937203638657 0 0
2013 01/24/2013 72.4177442689 7.5315968164272 0 0
2013 01/25/2013 73.7026765389 7.68013113204239 0 0
2013 01/26/2013 74.6309711089 7.78743919945068 0 0
2013 01/27/2013 75.3356771289 7.86890110124462 0 0
2013 01/28/2013 76.5395235989 8.00806214163721 0 0
2013 01/29/2013 80.0628981989 8.41535367527341 0 0
2013 01/30/2013 84.5619714989 8.93543305153351 0 0
2013 01/31/2013 92.8729030989 9.67572097287191 0 0
2013 02/01/2013 95.3261206989 9.89423887737431 0 0
2013 02/02/2013 97.4505637989 10.0834715220637 0 0
2013 02/03/2013 99.2981088989 10.2480397543011 0 0
2013 02/04/2013 100.6976050989 10.3726984788199 0 0
2013 02/05/2013 101.9902689089 10.4878412150318 0 0
2013 02/06/2013 102.7296606289 10.5537017930991 0 0
2013 02/07/2013 103.5610514289 10.6277570972183 0 0
2013 02/08/2013 106.0895811289 10.8529833517161 0 0
2013 02/09/2013 107.8390928289 11.0088193568819 0 0
2013 02/10/2013 109.6457912289 11.1697492101635 0 0
2013 02/11/2013 111.2126369289 11.3093144240453 0 0
2013 02/12/2013 112.5326286189 11.4268913638404 0 0
2013 02/13/2013 114.1621516189 11.5720394955424 0 0
2013 02/14/2013 115.6989478189 11.721405328609 0 0
2013 02/15/2013 117.0668434689 11.8543552105194 0 0
2013 02/16/2013 118.3264180089 11.9767770387857 0 0
2013 02/17/2013 119.3917148389 12.0803164335838 0 0
2013 02/18/2013 120.5639642689 12.1942508724338 0 0
2013 02/19/2013 121.8954380689 12.3236608054772 0 0
2013 02/20/2013 123.0045929989 12.4314629005887 0 0
2013 02/21/2013 124.0242397989 12.5305654320211 0 0
2013 02/22/2013 125.1411251289 12.6391188678998 0 0
2013 02/23/2013 126.2621737189 12.7480769435077 0 0
2013 02/24/2013 127.2661677589 12.8456581362374 0 0
2013 02/25/2013 127.9302944889 12.9102066055063 0 0
2013 02/26/2013 133.2309552989 13.4253937316126 0 0
2013 02/27/2013 144.4598882989 14.5167674166816 0 0
2013 02/28/2013 155.5776486989 15.5973359032388 0 0
2013 03/01/2013 164.1998175989 16.4353503651365 0 0
2013 03/02/2013 169.0717434989 16.9088674591352 0 0
2013 03/03/2013 171.7509107989 17.1692637665241 0 0
2013 03/04/2013 173.2620749989 17.3161383486147 0 0
2013 03/05/2013 175.4617431989 17.5299306999773 0 0
2013 03/06/2013 176.9147962089 17.6711572811783 0 0
2013 03/07/2013 178.4204681689 17.8174980559865 0 0
2013 03/08/2013 181.6307736689 18.129517278448 0 0
2013 03/09/2013 190.4269284689 18.991188602656 0 0
2013 03/10/2013 200.3966177689 19.967819366484 0 0
2013 03/11/2013 209.4108766689 20.850856168328 0 0
2013 03/12/2013 217.0462633689 21.59881864946 0 0
2013 03/13/2013 220.5563734689 21.942669034856 0 0
2013 03/14/2013 222.4109195689 22.124340370812 0 0
2013 03/15/2013 224.3449426689 22.313797273688 0 0
2013 03/16/2013 226.6300045689 22.537641937412 0 0
2013 03/17/2013 228.7722628689 22.74749756048 0 0
2013 03/18/2013 239.1564535689 23.764732881452 0 0
2013 03/19/2013 247.3283327689 24.565250167884 0 0
2013 03/20/2013 250.9627398689 24.9212766874 0 0
2013 03/21/2013 253.3273514689 25.152914039736 0 0
2013 03/22/2013 254.9448968189 25.311368782222 0 0
2013 03/23/2013 256.2171314489 25.4369141677451 0 0
2013 03/24/2013 258.1861126489 25.6312152015423 0 0
2013 03/25/2013 259.7537564789 25.7859118623305 0 0
2013 03/26/2013 261.2804286889 25.9365654026855 0 0
2013 03/27/2013 270.0477650889 26.8017349259739 0 0
2013 03/28/2013 278.8405241889 27.669413186721 0 0
2013 03/29/2013 283.0544426889 28.0852468782195 0 0
2013 03/30/2013 285.0121634889 28.2455548459275 0 0
2013 03/31/2013 286.6807222889 28.3821847832655 0 0
2013 04/01/2013 287.8641676689 28.4790912082068 0 0
2013 04/02/2013 288.8295517289 28.5581416819599 0 0
2013 04/03/2013 289.5747266089 28.6191603270087 0 0
2013 04/04/2013 290.4886553489 28.6939973818836 0 0
2013 04/05/2013 291.3765563189 28.7667031528121 0 0
2013 04/06/2013 292.1450766589 28.829633440853 0 0
2013 04/07/2013 292.7176400489 28.8765177940431 0 0
2013 04/08/2013 293.2108255389 28.9169022878918 0 0
2013 04/09/2013 293.4981083589 28.9404264416075 0 0
2013 04/10/2013 295.8768204889 29.1352072843725 0 0
2013 04/11/2013 295.8768204889 29.1352072843725 0 0
2013 04/12/2013 295.8768204889 29.1352072843725 0 0
2013 04/13/2013 305.8848594889 29.9547155578875 0 0
2013 04/14/2013 311.3643411889 30.403402916892 0 0
2013 04/15/2013 312.8569364389 30.5256240789383 0 0
2013 04/16/2013 315.9845877589 30.7940797746878 0 0
2013 04/17/2013 319.7755535589 31.1194697421992 0 0
2013 04/18/2013 320.8235234989 31.2094201460592 0 0
2013 04/19/2013 322.8159950989 31.380439960902 0 0
2013 04/20/2013 323.6523579489 31.4522274934061 0 0
2013 04/21/2013 323.8439647589 31.4686736807288 0 0
2013 04/22/2013 323.960800612273 31.4787020525314 0 0
2013 04/23/2013 324.096904786273 31.4903842820984 0 0
2013 04/24/2013 326.763177798273 31.7192384935373 0 0
2013 04/25/2013 328.868206988273 31.8999194640026 0 0
2013 04/26/2013 329.328401718273 31.9394193582627 0 0
2013 04/27/2013 329.519935201273 31.9555319209866 0 0
2013 04/28/2013 329.731276101273 31.9733107628582 0 0
2013 04/29/2013 330.486813551273 32.036869595302 0 0
2013 04/30/2013 330.622611027783 32.0482934222159 0 0
2013 05/01/2013 330.642759923591 32.0499884279268 0 0
2013 05/02/2013 330.657052848313 32.0511908059262 0 0
2013 05/03/2013 330.699043792914 32.0547232521498 0 0
2013 05/04/2013 330.746559400514 32.0587204551235 0 0
2013 05/05/2013 330.796677515314 32.062936591413 0 0
2013 05/06/2013 330.870949943335 32.0691846851478 0 0
2013 05/07/2013 330.935925716335 32.0746507070757 0 0
2013 05/08/2013 331.049310147335 32.0841890589491 0 0
2013 05/09/2013 331.136869181435 32.0915548751337 0 0
2013 05/10/2013 331.289686177435 32.1044104521052 0 0
2013 05/11/2013 331.510455159435 32.122982421947 0 0
2013 05/12/2013 331.813083139435 32.1484406981365 0 0
2013 05/13/2013 332.310662748435 32.190299085164 0 0
2013 05/14/2013 333.095551528435 32.2547816228849 0 0
2013 05/15/2013 333.715355878435 32.3057016492592 0 0
2013 05/16/2013 334.159164678435 32.3421627612232 0 0
2013 05/17/2013 334.527048078435 32.3723862219502 0 0
2013 05/18/2013 334.974078798435 32.4091120307518 0 0
2013 05/19/2013 335.392466318435 32.4434846574574 0 0
2013 05/20/2013 335.810570248435 32.4778339858265 0 0
2013 05/21/2013 336.348589788435 32.5220349811352 0 0
2013 05/22/2013 336.876913308435 32.5654393999208 0 0
2013 05/23/2013 337.399221958435 32.6083496670616 0 0
2013 05/24/2013 337.873426338435 32.6473079279005 0 0
2013 05/25/2013 338.239681348435 32.6727410420499 0 0
2013 05/26/2013 338.615460698435 32.6988355358933 0 0
2013 05/27/2013 339.216787288435 32.7405922556294 0 0
2013 05/28/2013 339.766295508435 32.7787506559345 0 0
2013 05/29/2013 340.144080638435 32.8049844331468 0 0
2013 05/30/2013 340.440969118435 32.8256006660865 0 0
2013 05/31/2013 340.822688348435 32.8521076311369 0 0
2013 06/01/2013 341.474952978435 32.8974015393087 0 0
2013 06/02/2013 342.076010708435 32.9391395891377 0 0
2013 06/03/2013 342.549643508435 32.9720291244025 0 0
2013 06/04/2013 342.897904058435 32.996212685255 0 0
2013 06/05/2013 343.189828688435 33.0164842234868 0 0
2013 06/06/2013 343.437493702435 33.0342995109389 0 0
2013 06/07/2013 343.599827051435 33.0459766357325 0 0
2013 06/08/2013 343.718106816435 33.0544848540683 0 0
2013 06/09/2013 343.791559435435 33.0597685213108 0 0
2013 06/10/2013 343.873525752435 33.0656646043916 0 0
2013 06/11/2013 343.985882133435 33.073746735946 0 0
2013 06/12/2013 344.087548020435 33.0810598681956 0 0
2013 06/13/2013 345.076304213435 33.1521840674267 0 0
2013 06/14/2013 345.242878385435 33.1641662473411 0 0
2013 06/15/2013 345.404952844435 33.1758247494004 0 0
2013 06/16/2013 345.552596283435 33.186445184898 0 0
2013 06/17/2013 345.692083925435 33.19647894945 0 0
2013 06/18/2013 345.857274255435 33.2083615854579 0 0
2013 06/19/2013 346.010242314435 33.2193650368459 0 0
2013 06/20/2013 346.153229764435 33.2287820473154 0 0
2013 06/21/2013 346.288447953435 33.2376873820248 0 0
2013 06/22/2013 346.457675623435 33.2488325471433 0 0
2013 06/23/2013 346.629774104435 33.2601667810035 0 0
2013 06/24/2013 346.802603868435 33.2715491764308 0 0
2013 06/25/2013 346.956470466435 33.2816826767085 0 0
2013 06/26/2013 347.128149818435 33.2929893071518 0 0
2013 06/27/2013 347.290318553435 33.3036695778702 0 0
2013 06/28/2013 347.460474698435 33.3148758914238 0 0
2013 06/29/2013 348.999348994435 33.416224613684 0 0
2013 06/30/2013 353.637650494435 33.7216985121725 0 0
2013 07/01/2013 355.732848294435 33.8596861440827 0 0
2013 07/02/2013 356.775394644435 33.9283472041474 0 0
2013 07/03/2013 357.199549088365 33.9562815916702 0 0
2013 07/04/2013 357.434960538365 33.9742642015128 0 0
2013 07/05/2013 357.613839116365 33.987928378329 0 0
2013 07/06/2013 357.769466328365 33.9998164297993 0 0
2013 07/07/2013 357.918491572365 34.0112001701379 0 0
2013 07/08/2013 358.053369099365 34.0215031946704 0 0
2013 07/09/2013 358.264293035365 34.0376152522936 0 0
2013 07/10/2013 358.603969271365 34.0635624406092 0 0
2013 07/11/2013 358.778636797365 34.0769049435852 0 0
2013 07/12/2013 358.896325450365 34.0858949444106 0 0
2013 07/13/2013 358.954923292765 34.0887785442351 0 0
2013 07/14/2013 358.994281937565 34.0907153831457 0 0
2013 07/15/2013 359.02231272268 34.0920947780812 0 0
2013 07/16/2013 359.05358672503 34.0936337717369 0 0
2013 07/17/2013 359.081816648265 34.0950229662593 0 0
2013 07/18/2013 359.12009920302 34.0969068507788 0 0
2013 07/19/2013 359.16519113612 34.0991258248066 0 0
2013 07/20/2013 359.21784727892 34.1017170335938 0 0
2013 07/21/2013 359.25329656345 34.1034614928855 0 0
2013 07/22/2013 359.31343116155 34.106420716458 0 0
2013 07/23/2013 359.3913209842 34.1102536746306 0 0
2013 07/24/2013 359.43310432853 34.1123098330051 0 0
2013 07/25/2013 359.48200577901 34.1147162733832 0 0
2013 07/26/2013 359.51577995272 34.1163783004715 0 0
2013 07/27/2013 359.61886529172 34.1214511300037 0 0
2013 07/28/2013 359.76803685872 34.1287918628158 0 0
2013 07/29/2013 359.87072790746 34.1338452893243 0 0
2013 07/30/2013 359.92435616142 34.1364843357016 0 0
2013 07/31/2013 359.96604680122 34.1385359320862 0 0
2013 08/01/2013 360.001861549115 34.1402983758301 0 0
2013 08/02/2013 360.02261138525 34.1413194752663 0 0
2013 08/03/2013 360.034968259 34.1420313918337 0 0
2013 08/04/2013 360.04021949394 34.1423339312323 0 0
2013 08/05/2013 360.05099071244 34.1429544934437 0 0
2013 08/06/2013 360.0633512246 34.1436666196308 0 0
2013 08/07/2013 360.065908574335 34.1438139562211 0 0
2013 08/08/2013 360.06610415211 34.1438252240434 0 0
2013 08/09/2013 360.06635583011 34.143839723968 0 0
2013 08/10/2013 360.06635583011 34.143839723968 0 0
2013 08/11/2013 360.0664242007 34.1438436630028 0 0
2013 08/12/2013 360.0664242007 34.1438436630028 0 0
2013 08/13/2013 360.0664242007 34.1438436630028 0 0
2013 08/14/2013 360.0664242007 34.1438436630028 0 0
2013 08/15/2013 360.0664242007 34.1438436630028 0 0
2013 08/16/2013 360.0664242007 34.1438436630028 0 0
2013 08/17/2013 360.0664242007 34.1438436630028 0 0
2013 08/18/2013 360.0664242007 34.1438436630028 0 0
2013 08/19/2013 360.0664242007 34.1438436630028 0 0
2013 08/20/2013 360.0664242007 34.1438436630028 0 0
2013 08/21/2013 360.0664242007 34.1438436630028 0 0
2013 08/22/2013 360.0664242007 34.1438436630028 0 0
2013 08/23/2013 360.0664242007 34.1438436630028 0 0
2013 08/24/2013 360.0664242007 34.1438436630028 0 0
2013 08/25/2013 360.0664242007 34.1438436630028 0 0
2013 08/26/2013 360.0664242007 34.1438436630028 0 0
2013 08/27/2013 360.0664242007 34.1438436630028 0 0
2013 08/28/2013 360.0664242007 34.1438436630028 0 0
2013 08/29/2013 360.0664242007 34.1438436630028 0 0
2013 08/30/2013 360.0664242007 34.1438436630028 0 0
2013 08/31/2013 360.0664242007 34.1438436630028 0 0
2013 09/01/2013 360.0664242007 34.1438436630028 0 0
2013 09/02/2013 360.0664242007 34.1438436630028 0 0
2013 09/03/2013 360.0664242007 34.1438436630028 0 0
2013 09/04/2013 360.0664242007 34.1438436630028 0 0
2013 09/05/2013 360.0664242007 34.1438436630028 0 0
2013 09/06/2013 360.0664242007 34.1438436630028 0 0
2013 09/07/2013 360.0664242007 34.1438436630028 0 0
2013 09/08/2013 360.0664242007 34.1438436630028 0 0
2013 09/09/2013 360.0664242007 34.1438436630028 0 0
2013 09/10/2013 360.0664242007 34.1438436630028 0 0
2013 09/11/2013 360.0664242007 34.1438436630028 0 0
2013 09/12/2013 360.0664242007 34.1438436630028 0 0
2013 09/13/2013 360.0664242007 34.1438436630028 0 0
2013 09/14/2013 360.0664242007 34.1438436630028 0 0
2013 09/15/2013 360.0664242007 34.1438436630028 0 0
2013 09/16/2013 360.0664242007 34.1438436630028 0 0
2013 09/17/2013 360.0664242007 34.1438436630028 0 0
2013 09/18/2013 360.0664242007 34.1438436630028 0 0
2013 09/19/2013 360.0664242007 34.1438436630028 0 0
2013 09/20/2013 360.0664242007 34.1438436630028 0 0
2013 09/21/2013 360.0664242007 34.1438436630028 0 0
2013 09/22/2013 360.0664242007 34.1438436630028 0 0
2013 09/23/2013 360.0664242007 34.1438436630028 0 0
2013 09/24/2013 360.0664242007 34.1438436630028 0 0
2013 09/25/2013 360.0664242007 34.1438436630028 0 0
2013 09/26/2013 360.0664242007 34.1438436630028 0 0
2013 09/27/2013 360.0664242007 34.1438436630028 0 0
2013 09/28/2013 360.0664242007 34.1438436630028 0 0
2013 09/29/2013 360.0664242007 34.1438436630028 0 0
2013 09/30/2013 360.0664242007 34.1438436630028 0 0
2013 10/01/2013 360.0664242007 34.1438436630028 0 0
2013 10/02/2013 360.0664242007 34.1438436630028 0 0
2013 10/03/2013 360.0664242007 34.1438436630028 0 0
2013 10/04/2013 360.0664242007 34.1438436630028 0 0
2013 10/05/2013 360.0664242007 34.1438436630028 0 0
2013 10/06/2013 360.0664242007 34.1438436630028 0 0
2013 10/07/2013 360.0664242007 34.1438436630028 0 0
2013 10/08/2013 360.06696181318 34.1439289471586 0 0
2013 10/09/2013 360.06696181318 34.1439289471586 0 0
2013 10/10/2013 360.06696181318 34.1439289471586 0 0
2013 10/11/2013 360.06696181318 34.1439289471586 0 0
2013 10/12/2013 360.06696181318 34.1439289471586 0 0
2013 10/13/2013 360.06696181318 34.1439289471586 0 0
2013 10/14/2013 360.06696181318 34.1439289471586 0 0
2013 10/15/2013 360.06696181318 34.1439289471586 0 0
2013 10/16/2013 360.06696181318 34.1439289471586 0 0
2013 10/17/2013 360.06696181318 34.1439289471586 0 0
2013 10/18/2013 360.06696181318 34.1439289471586 0 0
2013 10/19/2013 360.06696181318 34.1439289471586 0 0
2013 10/20/2013 360.06696181318 34.1439289471586 0 0
2013 10/21/2013 360.06696181318 34.1439289471586 0 0
2013 10/22/2013 360.06696181318 34.1439289471586 0 0
2013 10/23/2013 360.06696181318 34.1439289471586 0 0
2013 10/24/2013 360.06696181318 34.1439289471586 0 0
2013 10/25/2013 360.06696181318 34.1439289471586 0 0
2013 10/26/2013 360.06696181318 34.1439289471586 0 0
2013 10/27/2013 360.06696181318 34.1439289471586 0 0
2013 10/28/2013 360.06696181318 34.1439289471586 0 0
2013 10/29/2013 360.06696181318 34.1439289471586 0 0
2013 10/30/2013 360.06696181318 34.1439289471586 0 0
2013 10/31/2013 360.06696181318 34.1439289471586 0 0
2013 11/01/2013 360.06696181318 34.1439289471586 0 0
2013 11/02/2013 360.06696181318 34.1439289471586 0 0
2013 11/03/2013 360.06696181318 34.1439289471586 0 0
2013 11/04/2013 360.06696181318 34.1439289471586 0 0
2013 11/05/2013 360.06696181318 34.1439289471586 0 0
2013 11/06/2013 360.06696181318 34.1439289471586 0 0
2013 11/07/2013 360.068553567095 34.1441814550409 0 0
2013 11/08/2013 360.08035668304 34.1460538423388 0 0
2013 11/09/2013 360.100450018 34.1492413485302 0 0
2013 11/10/2013 360.101987141195 34.1494851900682 0 0
2013 11/11/2013 360.10204386455 34.1494941883777 0 0
2013 11/12/2013 360.10204386455 34.1494941883777 0 0
2013 11/13/2013 360.10204386455 34.1494941883777 0 0
2013 11/14/2013 360.10204386455 34.1494941883777 0 0
2013 11/15/2013 360.10204386455 34.1494941883777 0 0
2013 11/16/2013 360.10204386455 34.1494941883777 0 0
2013 11/17/2013 360.45390489567 34.2053116630494 0 0
2013 11/18/2013 361.11304775567 34.3098747906455 0 0
2013 11/19/2013 361.3119230569 34.3414233740561 0 0
2013 11/20/2013 361.32436166336 34.3418526428037 0 0
2013 11/21/2013 361.32616202982 34.3419147752506 0 0
2013 11/22/2013 361.35868848129 34.3430372956172 0 0
2013 11/23/2013 361.49322154629 34.3476801662234 0 0
2013 11/24/2013 361.60440575932 34.3515172445993 0 0
2013 11/25/2013 361.65175685472 34.3531513782527 0 0
2013 11/26/2013 361.68914881021 34.3544418120286 0 0
2013 11/27/2013 361.78116505901 34.3576173847909 0 0
2013 11/28/2013 361.80898732377 34.3585775589701 0 0
2013 11/29/2013 361.8133068091 34.3587266287283 0 0
2013 11/30/2013 361.8133068091 34.3587266287283 0 0
2013 12/01/2013 361.8133068091 34.3587266287283 0 0
2013 12/02/2013 361.8133068091 34.3587266287283 0 0
2013 12/03/2013 361.8133068091 34.3587266287283 0 0
2013 12/04/2013 361.8133068091 34.3587266287283 0 0
2013 12/05/2013 361.8133068091 34.3587266287283 0 0
2013 12/06/2013 361.8133068091 34.3587266287283 0 0
2013 12/07/2013 361.8133068091 34.3587266287283 0 0
2013 12/08/2013 361.8133068091 34.3587266287283 0 0
2013 12/09/2013 361.8133068091 34.3587266287283 0 0
2013 12/10/2013 361.8133068091 34.3587266287283 0 0
2013 12/11/2013 361.8133068091 34.3587266287283 0 0
2013 12/12/2013 361.8133068091 34.3587266287283 0 0
2013 12/13/2013 361.8133068091 34.3587266287283 0 0
2013 12/14/2013 361.8133068091 34.3587266287283 0 0
2013 12/15/2013 361.8133068091 34.3587266287283 0 0
2013 12/16/2013 361.8133068091 34.3587266287283 0 0
2013 12/17/2013 361.8133068091 34.3587266287283 0 0
2013 12/18/2013 361.8133068091 34.3587266287283 0 0
2013 12/19/2013 361.8133068091 34.3587266287283 0 0
2013 12/20/2013 369.6646928841 34.6094841971916 0 0
2013 12/21/2013 373.7588060841 35.0324511259968 0 0
2013 12/22/2013 373.7588060841 35.0324511259968 0 0
2013 12/23/2013 375.3562070841 35.1974802207078 0 0
2013 12/24/2013 381.6800168841 35.8507993349556 0 0
2013 12/25/2013 383.2397377841 36.0119356608555 0 0
2013 12/26/2013 384.0958738741 36.1003839364495 0 0
2013 12/27/2013 384.4761720141 36.1396729175911 0 0
2013 12/28/2013 384.7458325111 36.1675318131966 0 0
2013 12/29/2013 385.3857289511 36.2336401543095 0 0
2013 12/30/2013 386.1685365311 36.3145127882069 0 0
2013 12/31/2013 386.7916380011 36.378886024174 0 0
2014 01/01/2014 0.77261704 0.08071607478584 0 0
2014 01/02/2014 1.92301701 0.20089951005171 0 0
2014 01/03/2014 2.85770503 0.29854730218913 0 0
2014 01/04/2014 3.46654094 0.36215299854274 0 0
2014 01/05/2014 6.292753922 0.657410294985262 0 0
2014 01/06/2014 16.316202722 1.70457001457006 0 0
2014 01/07/2014 20.155811222 2.10569775417356 0 0
2014 01/08/2014 21.486405322 2.24470625039466 0 0
2014 01/09/2014 22.288937392 2.32854757827963 0 0
2014 01/10/2014 23.485165292 2.45351870322053 0 0
2014 01/11/2014 40.929856992 4.27598308981123 0 0
2014 01/12/2014 47.441091492 4.95621826926073 0 0
2014 01/13/2014 50.830667392 5.31033065310963 0 0
2014 01/14/2014 54.050150492 5.64667327204973 0 0
2014 01/15/2014 56.059289192 5.85657000117743 0 0
2014 01/16/2014 57.519572792 5.99992166133863 0 0
2014 01/17/2014 58.723293752 6.11808733681895 0 0
2014 01/18/2014 59.674741052 6.21148806391805 0 0
2014 01/19/2014 60.470372372 6.28959280370849 0 0
2014 01/20/2014 61.030286822 6.34455792552164 0 0
2014 01/21/2014 61.778817012 6.41803888868337 0 0
2014 01/22/2014 62.582292752 6.49691369165195 0 0
2014 01/23/2014 63.508845572 6.58787060233289 0 0
2014 01/24/2014 64.035546362 6.63957523878482 0 0
2014 01/25/2014 64.891116372 6.72356397995649 0 0
2014 01/26/2014 65.380650192 6.77162004646443 0 0
2014 01/27/2014 66.350946982 6.86687117144836 0 0
2014 01/28/2014 67.143778652 6.94470107799725 0 0
2014 01/29/2014 67.626657792 6.99210387453363 0 0
2014 01/30/2014 67.83564115796 7.01261914461983 0 0
2014 01/31/2014 67.96276671096 7.02509867878118 0 0
2014 02/01/2014 69.74549174846 7.20010344753744 0 0
2014 02/02/2014 77.50309874846 7.96164445390644 0 0
2014 02/03/2014 79.76627564846 8.18381374064874 0 0
2014 02/04/2014 81.19612594846 8.32417785504884 0 0
2014 02/05/2014 82.48331549846 8.45053739160369 0 0
2014 02/06/2014 83.32078324846 8.53274908821794 0 0
2014 02/07/2014 84.46124675846 8.64470496960411 0 0
2014 02/08/2014 85.30849244846 8.72787653725434 0 0
2014 02/09/2014 85.98304518846 8.79409535608192 0 0
2014 02/10/2014 86.75760250846 8.87013132451436 0 0
2014 02/11/2014 87.52527241846 8.94549117656933 0 0
2014 02/12/2014 88.21923469146 9.01361537102292 0 0
2014 02/13/2014 88.83052381146 9.07362379006596 0 0
2014 02/14/2014 89.42433575146 9.13191652677994 0 0
2014 02/15/2014 89.80784507146 9.16956448619638 0 0
2014 02/16/2014 90.09291612146 9.19754905596173 0 0
2014 02/17/2014 90.34548977494 9.2223434538029 0 0
2014 02/18/2014 90.52651333201 9.24011399332979 0 0
2014 02/19/2014 92.21839962801 9.40620139534923 0 0
2014 02/20/2014 102.88013532801 10.4528320038111 0 0
2014 02/21/2014 122.88490332801 12.4166400640671 0 0
2014 02/22/2014 142.86561632801 14.3780867171381 0 0
2014 02/23/2014 153.17227872801 15.3898608449589 0 0
2014 02/24/2014 157.20144872801 15.7853923763489 0 0
2014 02/25/2014 158.91761782801 15.9538635483886 0 0
2014 02/26/2014 160.32539956801 16.1041470646971 0 0
2014 02/27/2014 161.70135583801 16.2510331484321 0 0
2014 02/28/2014 162.72265675801 16.360059064244 0 0
2014 03/01/2014 163.52064059801 16.4452454351317 0 0
2014 03/02/2014 164.46717312801 16.5462896757742 0 0
2014 03/03/2014 165.57116035801 16.6641425205512 0 0
2014 03/04/2014 166.53117471801 16.7666259735099 0 0
2014 03/05/2014 167.32930674801 16.8518281639765 0 0
2014 03/06/2014 167.97061949801 16.9202895826645 0 0
2014 03/07/2014 168.69387332801 16.9974983755246 0 0
2014 03/08/2014 169.33180651801 17.0655990194235 0 0
2014 03/09/2014 169.92396068801 17.1288126613793 0 0
2014 03/10/2014 170.95295770801 17.2386601512584 0 0
2014 03/11/2014 173.10080580801 17.4679472316296 0 0
2014 03/12/2014 184.55170560801 18.6903536870792 0 0
2014 03/13/2014 190.93219560801 19.3714837555592 0 0
2014 03/14/2014 197.74809570801 20.0990947230344 0 0
2014 03/15/2014 203.00179340801 20.6599374599048 0 0
2014 03/16/2014 205.54055870801 20.9309557332104 0 0
2014 03/17/2014 207.42016100801 21.13160703794 0 0
2014 03/18/2014 208.57309667801 21.2546852265838 0 0
2014 03/19/2014 209.55165272801 21.3591480420334 0 0
2014 03/20/2014 210.52373947801 21.4629202467694 0 0
2014 03/21/2014 211.51359872801 21.5685897014254 0 0
2014 03/22/2014 212.23073501801 21.6451454346555 0 0
2014 03/23/2014 212.86681805801 21.7130485713416 0 0
2014 03/24/2014 213.63327457801 21.7948693377646 0 0
2014 03/25/2014 214.57166581801 21.8950444794171 0 0
2014 03/26/2014 215.17108066801 21.9590332134843 0 0
2014 03/27/2014 215.77961992801 22.0239959965678 0 0
2014 03/28/2014 216.70761620801 22.1230614554504 0 0
2014 03/29/2014 217.86565385801 22.2466842906632 0 0
2014 03/30/2014 219.96731595801 22.4710409231624 0 0
2014 03/31/2014 222.15011305801 22.7040588791816 0 0
2014 04/01/2014 223.67904945801 22.8672758977544 0 0
2014 04/02/2014 224.63926601801 22.9697809359675 0 0
2014 04/03/2014 238.99735387801 24.5025355311982 0 0
2014 04/04/2014 259.00212187801 26.6380845247342 0 0
2014 04/05/2014 270.05121827801 27.817597663627 0 0
2014 04/06/2014 273.97252547801 28.183357592707 0 0
2014 04/07/2014 279.68013037801 28.7157344397545 0 0
2014 04/08/2014 294.71931827801 30.118514691127 0 0
2014 04/09/2014 298.93014417801 30.5112794769495 0 0
2014 04/10/2014 301.00457267801 30.704771795287 0 0
2014 04/11/2014 313.11948367801 31.834790118812 0 0
2014 04/12/2014 318.48643277801 32.3353922961145 0 0
2014 04/13/2014 320.66679527801 32.538765608302 0 0
2014 04/14/2014 322.30840207801 32.691886482572 0 0
2014 04/15/2014 331.11757897801 33.5135624579195 0 0
2014 04/16/2014 334.74281467801 33.851706317837 0 0
2014 04/17/2014 336.49166707801 34.014830525447 0 0
2014 04/18/2014 337.76428367801 34.133533838812 0 0
2014 04/19/2014 338.68613447801 34.219519472182 0 0
2014 04/20/2014 339.57871256801 34.3027746935268 0 0
2014 04/21/2014 340.51867692801 34.3904498692058 0 0
2014 04/22/2014 341.20271183801 34.463716164381 0 0
2014 04/23/2014 341.58819371801 34.5050047430659 0 0
2014 04/24/2014 342.14993329801 34.5651721077401 0 0
2014 04/25/2014 342.99952595801 34.6561711279601 0 0
2014 04/26/2014 343.84094833801 34.7462950376595 0 0
2014 04/27/2014 344.58419194801 34.825903117483 0 0
2014 04/28/2014 353.57681926801 35.7890944371008 0 0
2014 04/29/2014 363.12019836801 36.8112762291227 0 0
2014 04/30/2014 368.85898686801 37.4259521265692 0 0
2014 05/01/2014 370.98334756801 37.6008719866072 0 0
2014 05/02/2014 372.28993276801 37.7084562119752 0 0
2014 05/03/2014 373.23997498801 37.78668268837 0 0
2014 05/04/2014 373.84199966801 37.8362534005212 0 0
2014 05/05/2014 374.39023534801 37.8813951264124 0 0
2014 05/06/2014 374.84239648801 37.91862607468 0 0
2014 05/07/2014 375.24955266801 37.9521513145412 0 0
2014 05/08/2014 375.60332428801 37.981280869732 0 0
2014 05/09/2014 376.05761993801 38.018687573553 0 0
2014 05/10/2014 376.37696439801 38.0449823963894 0 0
2014 05/11/2014 376.64527828801 38.067075362092 0 0
2014 05/12/2014 383.25916173801 38.611662525365 0 0
2014 05/13/2014 385.13932033801 38.766474784489 0 0
2014 05/14/2014 386.19629331801 38.8535059396622 0 0
2014 05/15/2014 389.89664581801 39.1581929645122 0 0
2014 05/16/2014 391.63899941801 39.3016583599362 0 0
2014 05/17/2014 392.55936799801 39.3774415088134 0 0
2014 05/18/2014 393.20687220801 39.4307570054648 0 0
2014 05/19/2014 393.76623429801 39.4768148799554 0 0
2014 05/20/2014 394.37033408801 39.526556456664 0 0
2014 05/21/2014 394.88957537801 39.5693107844826 0 0
2014 05/22/2014 395.25708668801 39.599571665748 0 0
2014 05/23/2014 395.54221922801 39.6230494790916 0 0
2014 05/24/2014 395.80048600801 39.6443151657568 0 0
2014 05/25/2014 396.07931121801 39.6672736335482 0 0
2014 05/26/2014 396.39391035801 39.6931777267358 0 0
2014 05/27/2014 396.78640142801 39.7254954414396 0 0
2014 05/28/2014 397.15323101801 39.7599345038376 0 0
2014 05/29/2014 397.44822377801 39.7876293091247 0 0
2014 05/30/2014 397.70756861801 39.8119773807384 0 0
2014 05/31/2014 397.95473537801 39.8351821376675 0 0
2014 06/01/2014 398.25048036801 39.8629475645637 0 0
2014 06/02/2014 398.61087208801 39.8967822204124 0 0
2014 06/03/2014 399.27782814801 39.9593980561934 0 0
2014 06/04/2014 401.44558902801 40.1629139508904 0 0
2014 06/05/2014 403.22861502801 40.3303097808484 0 0
2014 06/06/2014 404.12126367801 40.4141143140564 0 0
2014 06/07/2014 404.79080087801 40.4713657704912 0 0
2014 06/08/2014 418.09188755801 41.6087283914113 0 0
2014 06/09/2014 422.88870405801 42.0188993735098 0 0
2014 06/10/2014 424.55413555801 42.1613087556433 0 0
2014 06/11/2014 425.67396391801 42.2570641588785 0 0
2014 06/12/2014 426.41131196801 42.320114053286 0 0
2014 06/13/2014 426.92356520801 42.3639163155852 0 0
2014 06/14/2014 427.25562883801 42.3923107445228 0 0
2014 06/15/2014 427.63266237801 42.4245505054947 0 0
2014 06/16/2014 427.94504011801 42.4512616136644 0 0
2014 06/17/2014 428.31944814801 42.4832768699016 0 0
2014 06/18/2014 428.63727072801 42.5104535608948 0 0
2014 06/19/2014 447.93136637801 44.1602723858307 0 0
2014 06/20/2014 460.92804547801 45.2716054189926 0 0
2014 06/21/2014 464.98106317801 45.6181749095019 0 0
2014 06/22/2014 466.50418487801 45.7484155229472 0 0
2014 06/23/2014 467.72684797801 45.8529642219651 0 0
2014 06/24/2014 472.01095169801 46.2192936469586 0 0
2014 06/25/2014 486.99612789801 47.5006610786444 0 0
2014 06/26/2014 500.52745969801 48.5999194114128 0 0
2014 06/27/2014 502.53858109801 48.763298891706 0 0
2014 06/28/2014 503.71869209801 48.859168749124 0 0
2014 06/29/2014 504.59083882801 48.9300202051757 0 0
2014 06/30/2014 505.30090417801 48.987704494079 0 0
2014 07/01/2014 507.14665804801 49.1376498469701 0 0
2014 07/02/2014 508.03443754801 49.2097712779911 0 0
2014 07/03/2014 508.53482521801 49.2504217715265 0 0
2014 07/04/2014 508.84738127801 49.2665452884377 0 0
2014 07/05/2014 509.14563447801 49.2819309780129 0 0
2014 07/06/2014 509.55214488801 49.3029012240232 0 0
2014 07/07/2014 509.92505627801 49.3221382309877 0 0
2014 07/08/2014 511.35110804801 49.3957025375949 0 0
2014 07/09/2014 512.22947281801 49.4410138626201 0 0
2014 07/10/2014 512.60796367801 49.4605386921241 0 0
2014 07/11/2014 512.85293398801 49.4731757305358 0 0
2014 07/12/2014 513.06949305801 49.4843471467208 0 0
2014 07/13/2014 513.27121483801 49.4947531664639 0 0
2014 07/14/2014 513.43791786801 49.5033527089694 0 0
2014 07/15/2014 513.56785795601 49.510055798349 0 0
2014 07/16/2014 513.67513577901 49.5155898321263 0 0
2014 07/17/2014 513.75052992301 49.5194791144387 0 0
2014 07/18/2014 513.82193067701 49.5231623937345 0 0
2014 07/19/2014 513.89239785901 49.5267975137852 0 0
2014 07/20/2014 513.94544176901 49.5295338369264 0 0
2014 07/21/2014 513.98679431501 49.5316670493644 0 0
2014 07/22/2014 514.02832347001 49.5338093723542 0 0
2014 07/23/2014 514.06988330701 49.5359532781057 0 0
2014 07/24/2014 514.09727557701 49.5373663357459 0 0
2014 07/25/2014 514.11908769701 49.5384915357682 0 0
2014 07/26/2014 514.13848191001 49.53949200564 0 0
2014 07/27/2014 516.28804267221 49.6503792471189 0 0
2014 07/28/2014 517.23143486221 49.6990450766322 0 0
2014 07/29/2014 517.45910444221 49.7107896395861 0 0
2014 07/30/2014 517.60688551221 49.7184130738631 0 0
2014 07/31/2014 517.71144102221 49.723806674402 0 0
2014 08/01/2014 517.78900470721 49.7278078746564 0 0
2014 08/02/2014 517.84994690021 49.7309516386245 0 0
2014 08/03/2014 517.88938840321 49.7329862679983 0 0
2014 08/04/2014 517.91658581921 49.7343892739 0 0
2014 08/05/2014 517.93725157301 49.7354553374756 0 0
2014 08/06/2014 517.99133975501 49.7382455304322 0 0
2014 08/07/2014 518.02789820801 49.7401314347887 0 0
2014 08/08/2014 518.04826215401 49.741181929307 0 0
2014 08/09/2014 518.05800089651 49.7416843120776 0 0
2014 08/10/2014 518.06166978398 49.7418735753067 0 0
2014 08/11/2014 518.10118526338 49.743912020827 0 0
2014 08/12/2014 518.19368406438 49.7486836639754 0 0
2014 08/13/2014 518.25644481838 49.7519212402312 0 0
2014 08/14/2014 518.30731528638 49.7545454441935 0 0
2014 08/15/2014 518.34990444038 49.7557249082243 0 0
2014 08/16/2014 518.37699914638 49.7564752690123 0 0
2014 08/17/2014 518.38898180878 49.7568071168648 0 0
2014 08/18/2014 518.39272766687 49.7569108546588 0 0
2014 08/19/2014 518.39302619056 49.7569191219738 0 0
2014 08/20/2014 518.39302619056 49.7569191219738 0 0
2014 08/21/2014 518.41817534181 49.7576156025685 0 0
2014 08/22/2014 518.52814953081 49.7606612277587 0 0
2014 08/23/2014 518.61073521781 49.7629483557745 0 0
2014 08/24/2014 518.65715821081 49.7642339941426 0 0
2014 08/25/2014 518.67379136804 49.764694632799 0 0
2014 08/26/2014 518.67494493678 49.7647265797316 0 0
2014 08/27/2014 518.67494493678 49.7647265797316 0 0
2014 08/28/2014 518.67494493678 49.7647265797316 0 0
2014 08/29/2014 518.67494493678 49.7647265797316 0 0
2014 08/30/2014 518.67494493678 49.7647265797316 0 0
2014 08/31/2014 519.11225406678 49.7768374187779 0 0
2014 09/01/2014 519.37757049678 49.7841850919903 0 0
2014 09/02/2014 519.52825375678 49.7883581141927 0 0
2014 09/03/2014 519.63487836778 49.7913109761698 0 0
2014 09/04/2014 519.75955568678 49.7946482139674 0 0
2014 09/05/2014 519.84623976978 49.7969684868171 0 0
2014 09/06/2014 519.93320968578 49.7992964105587 0 0
2014 09/07/2014 519.97687795678 49.8004652791685 0 0
2014 09/08/2014 520.00248931078 49.801150818281 0 0
2014 09/09/2014 520.02365119078 49.801717258323 0 0
2014 09/10/2014 520.04064585498 49.8021721544996 0 0
2014 09/11/2014 520.14903346998 49.8050733657903 0 0
2014 09/12/2014 520.26078830598 49.8080647074856 0 0
2014 09/13/2014 520.34340781898 49.81027618399 0 0
2014 09/14/2014 520.39233706498 49.8115858731177 0 0
2014 09/15/2014 520.42505910098 49.8124617438553 0 0
2014 09/16/2014 520.46501590798 49.8135312677083 0 0
2014 09/17/2014 520.50294704598 49.8145465704791 0 0
2014 09/18/2014 520.52376827098 49.8151038922087 0 0
2014 09/19/2014 520.52377139314 49.8151039757796 0 0
2014 09/20/2014 520.52377139314 49.8151039757796 0 0
2014 09/21/2014 520.52377139314 49.8151039757796 0 0
2014 09/22/2014 520.52377139314 49.8151039757796 0 0
2014 09/23/2014 520.52377139314 49.8151039757796 0 0
2014 09/24/2014 520.52377139314 49.8151039757796 0 0
2014 09/25/2014 520.52377139314 49.8151039757796 0 0
2014 09/26/2014 520.52377139314 49.8151039757796 0 0
2014 09/27/2014 520.52377139314 49.8151039757796 0 0
2014 09/28/2014 520.52377139314 49.8151039757796 0 0
2014 09/29/2014 520.52377139314 49.8151039757796 0 0
2014 09/30/2014 520.52377139314 49.8151039757796 0 0
2014 10/01/2014 520.52377139314 49.8151039757796 0 0
2014 10/02/2014 520.52377139314 49.8151039757796 0 0
2014 10/03/2014 520.52377139314 49.8151039757796 0 0
2014 10/04/2014 520.52377139314 49.8151039757796 0 0
2014 10/05/2014 520.52377139314 49.8151039757796 0 0
2014 10/06/2014 520.52377139314 49.8151039757796 0 0
2014 10/07/2014 520.52421007554 49.8151198999507 0 0
2014 10/08/2014 520.75124588654 49.82336129989 0 0
2014 10/09/2014 520.86919675354 49.8259444238773 0 0
2014 10/10/2014 520.95623862854 49.8278506409398 0 0
2014 10/11/2014 521.01343643854 49.8291032729788 0 0
2014 10/12/2014 521.05720565654 49.830061818853 0 0
2014 10/13/2014 521.08599244454 49.8306922495102 0 0
2014 10/14/2014 521.12864310454 49.8316262989642 0 0
2014 10/15/2014 521.19131648254 49.8329988459424 0 0
2014 10/16/2014 521.23974079454 49.8340593383752 0 0
2014 10/17/2014 521.27745592154 49.8348852996565 0 0
2014 10/18/2014 521.29420863294 49.8352521840362 0 0
2014 10/19/2014 521.30474587204 49.8354829495724 0 0
2014 10/20/2014 521.33630185704 49.8361740256439 0 0
2014 10/21/2014 521.41649173704 49.8379301840159 0 0
2014 10/22/2014 521.47552202604 49.839222947345 0 0
2014 10/23/2014 521.52412073804 49.8402872591378 0 0
2014 10/24/2014 521.56503991104 49.8411833890265 0 0
2014 10/25/2014 521.59032904604 49.8429991489195 0 0
2014 10/26/2014 521.60666891514 49.8441723515209 0 0
2014 10/27/2014 521.61496231574 49.844767817684 0 0
2014 10/28/2014 521.62243921291 49.8453046589008 0 0
2014 10/29/2014 521.63036470131 49.8458737089679 0 0
2014 10/30/2014 521.63036470131 49.8458737089679 0 0
2014 10/31/2014 521.63036470131 49.8458737089679 0 0
2014 11/01/2014 521.63036470131 49.8458737089679 0 0
2014 11/02/2014 521.63036470131 49.8458737089679 0 0
2014 11/03/2014 521.63036470131 49.8458737089679 0 0
2014 11/04/2014 521.63036470131 49.8458737089679 0 0
2014 11/05/2014 521.63036470131 49.8458737089679 0 0
2014 11/06/2014 521.63036470131 49.8458737089679 0 0
2014 11/07/2014 521.63036470131 49.8458737089679 0 0
2014 11/08/2014 521.63036470131 49.8458737089679 0 0
2014 11/09/2014 521.63036470131 49.8458737089679 0 0
2014 11/10/2014 521.63036470131 49.8458737089679 0 0
2014 11/11/2014 521.63036470131 49.8458737089679 0 0
2014 11/12/2014 521.63036470131 49.8458737089679 0 0
2014 11/13/2014 521.63036470131 49.8458737089679 0 0
2014 11/14/2014 521.63036470131 49.8458737089679 0 0
2014 11/15/2014 521.63036470131 49.8458737089679 0 0
2014 11/16/2014 521.63036470131 49.8458737089679 0 0
2014 11/17/2014 521.63036470131 49.8458737089679 0 0
2014 11/18/2014 521.63036470131 49.8458737089679 0 0
2014 11/19/2014 521.63036470131 49.8458737089679 0 0
2014 11/20/2014 521.63036470131 49.8458737089679 0 0
2014 11/21/2014 521.63036470131 49.8458737089679 0 0
2014 11/22/2014 521.63036470131 49.8458737089679 0 0
2014 11/23/2014 521.63187505333 49.845982152243 0 0
2014 11/24/2014 522.70953563833 49.923358182246 0 0
2014 11/25/2014 523.09736053833 49.951204010066 0 0
2014 11/26/2014 523.20783873333 49.959136344467 0 0
2014 11/27/2014 523.22192304221 49.9601475978445 0 0
2014 11/28/2014 523.22240412888 49.9601821398674 0 0
2014 11/29/2014 523.22524256391 49.9603859395026 0 0
2014 11/30/2014 523.22524256391 49.9603859395026 0 0
2014 12/01/2014 523.22524256391 49.9603859395026 0 0
2014 12/02/2014 523.22524256391 49.9603859395026 0 0
2014 12/03/2014 523.22524256391 49.9603859395026 0 0
2014 12/04/2014 523.22524256391 49.9603859395026 0 0
2014 12/05/2014 523.22524256391 49.9603859395026 0 0
2014 12/06/2014 532.31936677391 50.6133440577806 0 0
2014 12/07/2014 533.56348383391 50.7026716626886 0 0
2014 12/08/2014 533.97475960391 50.7322012629746 0 0
2014 12/09/2014 533.97475960391 50.7322012629746 0 0
2014 12/10/2014 533.97475960391 50.7322012629746 0 0
2014 12/11/2014 533.97475960391 50.7322012629746 0 0
2014 12/12/2014 533.97475960391 50.7322012629746 0 0
2014 12/13/2014 533.97475960391 50.7322012629746 0 0
2014 12/14/2014 533.97475960391 50.7322012629746 0 0
2014 12/15/2014 535.47030960391 50.8395817529746 0 0
2014 12/16/2014 535.47030960391 50.8395817529746 0 0
2014 12/17/2014 535.47030960391 50.8395817529746 0 0
2014 12/18/2014 535.47030960391 50.8395817529746 0 0
2014 12/19/2014 535.47030960391 50.8395817529746 0 0
2014 12/20/2014 535.47030960391 50.8395817529746 0 0
2014 12/21/2014 535.47030960391 50.8395817529746 0 0
2014 12/22/2014 535.47030960391 50.8395817529746 0 0
2014 12/23/2014 535.47030960391 50.8395817529746 0 0
2014 12/24/2014 535.47030960391 50.8395817529746 0 0
2014 12/25/2014 535.47030960391 50.8395817529746 0 0
2014 12/26/2014 535.47030960391 50.8395817529746 0 0
2014 12/27/2014 535.47030960391 50.8395817529746 0 0
2014 12/28/2014 535.47030960391 50.8395817529746 0 0
2014 12/29/2014 535.47030960391 50.8395817529746 0 0
2014 12/30/2014 535.47030960391 50.8395817529746 0 0
2014 12/31/2014 535.48551445391 50.8406734612046 0 0
2015 01/01/2015 0.3407885 0.0169712673 0 0
2015 01/02/2015 0.409740873 0.0204050954754 0 0
2015 01/03/2015 4.020743199 0.2002330113102 0 0
2015 01/04/2015 21.101746299 1.0508669656902 0 0
2015 01/05/2015 22.982186799 1.1445129025902 0 0
2015 01/06/2015 23.941628339 1.1922930912822 0 0
2015 01/07/2015 24.384545959 1.2143503887582 0 0
2015 01/08/2015 24.956593629 1.2428383627242 0 0
2015 01/09/2015 25.226117989 1.2562606758522 0 0
2015 01/10/2015 25.30701377 1.260289285746 0 0
2015 01/11/2015 25.325032873 1.2611866370754 0 0
2015 01/12/2015 25.394587322 1.2646504486356 0 0
2015 01/13/2015 25.43560302507 1.26669303064849 0 0
2015 01/14/2015 25.56594088707 1.27318385617609 0 0
2015 01/15/2015 25.65520895007 1.27762940571349 0 0
2015 01/16/2015 25.67292299974 1.27851156538705 0 0
2015 01/17/2015 25.73393324031 1.28154987536744 0 0
2015 01/18/2015 26.24340816031 1.30692172638344 0 0
2015 01/19/2015 26.74297274031 1.33180004246744 0 0
2015 01/20/2015 27.67587164031 1.37825840768744 0 0
2015 01/21/2015 28.75253741031 1.43187636303344 0 0
2015 01/22/2015 29.51563857031 1.46987880080144 0 0
2015 01/23/2015 30.16065562031 1.50200064989144 0 0
2015 01/24/2015 30.73023999031 1.53036595151744 0 0
2015 01/25/2015 31.04980683031 1.54628038014944 0 0
2015 01/26/2015 31.31680437031 1.55957685764144 0 0
2015 01/27/2015 31.50778525531 1.56908770571444 0 0
2015 01/28/2015 31.64441146961 1.57589169118658 0 0
2015 01/29/2015 31.99404695961 1.59330353858858 0 0
2015 01/30/2015 32.16922868761 1.60202758864298 0 0
2015 01/31/2015 32.36327440761 1.61169106549898 0 0
2015 02/01/2015 32.87976291761 1.63741219329698 0 0
2015 02/02/2015 33.90516445761 1.68847718998898 0 0
2015 02/03/2015 34.34982386761 1.71062122860698 0 0
2015 02/04/2015 34.61572160761 1.72386293605898 0 0
2015 02/05/2015 34.70255581881 1.72818727977674 0 0
2015 02/06/2015 34.78884122781 1.73248429314494 0 0
2015 02/07/2015 34.96968713381 1.74149041926374 0 0
2015 02/08/2015 42.83617525381 2.13324152763974 0 0
2015 02/09/2015 46.85372005381 2.33331525867974 0 0
2015 02/10/2015 47.80198857381 2.38053903097574 0 0
2015 02/11/2015 48.31399841381 2.40603712100774 0 0
2015 02/12/2015 48.51989753481 2.41629089723354 0 0
2015 02/13/2015 48.66332568581 2.42343361915334 0 0
2015 02/14/2015 48.87371096681 2.43391080614714 0 0
2015 02/15/2015 48.89536779435 2.43498931615863 0 0
2015 02/16/2015 48.97355886735 2.43888323159403 0 0
2015 02/17/2015 49.07409184035 2.44388977364943 0 0
2015 02/18/2015 49.12520247435 2.44643508322263 0 0
2015 02/19/2015 49.14146584372 2.44724499901726 0 0
2015 02/20/2015 49.15358188137 2.44784837769223 0 0
2015 02/21/2015 49.15440831752 2.4478895342125 0 0
2015 02/22/2015 49.15470716538 2.44790441683592 0 0
2015 02/23/2015 49.16158400462 2.44824688343008 0 0
2015 02/24/2015 49.18018588641 2.44917325714322 0 0
2015 02/25/2015 49.18106969153 2.44921727063819 0 0
2015 02/26/2015 49.1810821802 2.44921789257396 0 0
2015 02/27/2015 49.18191765371 2.44925949915476 0 0
2015 02/28/2015 49.18516968307 2.44942145021689 0 0
2015 03/01/2015 49.18516968307 2.44942145021689 0 0
2015 03/02/2015 49.18519277587 2.44942260023833 0 0
2015 03/03/2015 49.1863539025 2.44949971065782 0 0
2015 03/04/2015 49.18670267699 2.44952287277171 0 0
2015 03/05/2015 49.18819446989 2.44962194273819 0 0
2015 03/06/2015 49.19474405707 2.45005690082282 0 0
2015 03/07/2015 49.19477027203 2.45005864175831 0 0
2015 03/08/2015 49.19682494385 2.45019509251388 0 0
2015 03/09/2015 51.71935484068 2.61771630296236 0 0
2015 03/10/2015 56.35604684068 2.92563901868236 0 0
2015 03/11/2015 64.50825024068 3.46702684647636 0 0
2015 03/12/2015 67.45025894068 3.73348457443536 0 0
2015 03/13/2015 71.48150304068 4.09859435257236 0 0
2015 03/14/2015 91.48627104068 5.91042619033236 0 0
2015 03/15/2015 102.11173314068 6.87277429272936 0 0
2015 03/16/2015 105.05356864068 7.13921633396436 0 0
2015 03/17/2015 107.08428614068 7.32313841793936 0 0
2015 03/18/2015 108.28001410068 7.43143549927656 0 0
2015 03/19/2015 109.02997100068 7.49935909570956 0 0
2015 03/20/2015 109.55667631068 7.54706279563626 0 0
2015 03/21/2015 109.98592521068 7.58593986850926 0 0
2015 03/22/2015 110.23218153068 7.60824330341166 0 0
2015 03/23/2015 110.42457367068 7.62566825953146 0 0
2015 03/24/2015 110.54559120968 7.63662881803869 0 0
2015 03/25/2015 113.74203424968 7.92613066417149 0 0
2015 03/26/2015 123.35484304968 8.64132363889149 0 0
2015 03/27/2015 125.74154534968 8.81889429001149 0 0
2015 03/28/2015 126.79608138968 8.89735177138749 0 0
2015 03/29/2015 127.50790904968 8.95031174929149 0 0
2015 03/30/2015 127.91814722968 8.98083346988349 0 0
2015 03/31/2015 128.23949780968 9.00474195303549 0 0
2015 04/01/2015 128.34034251868 9.01224479938509 0 0
2015 04/02/2015 128.56091126068 9.02865511378989 0 0
2015 04/03/2015 129.50156538068 9.09863978031789 0 0
2015 04/04/2015 131.50017608068 9.24733641639789 0 0
2015 04/05/2015 132.51722176068 9.32300461498989 0 0
2015 04/06/2015 133.09884032068 9.36627703585389 0 0
2015 04/07/2015 133.90850804068 9.42651631422189 0 0
2015 04/08/2015 137.75094594068 9.71239369398189 0 0
2015 04/09/2015 147.60259074068 10.4453560671019 0 0
2015 04/10/2015 159.16334234068 11.3054759861419 0 0
2015 04/11/2015 160.86924104068 11.4323948494219 0 0
2015 04/12/2015 161.78990276068 11.5008920813899 0 0
2015 04/13/2015 162.34462946068 11.5421637478699 0 0
2015 04/14/2015 162.60783259068 11.5617460607419 0 0
2015 04/15/2015 162.77044315268 11.5738442865547 0 0
2015 04/16/2015 162.90602624268 11.5839316684507 0 0
2015 04/17/2015 163.04054018068 11.5939395054379 0 0
2015 04/18/2015 163.31920936968 11.6115235312638 0 0
2015 04/19/2015 164.22840990968 11.6688940853378 0 0
2015 04/20/2015 167.48650270968 11.8744797410178 0 0
2015 04/21/2015 169.18743100968 11.9818083167478 0 0
2015 04/22/2015 170.32021717968 12.0532871240748 0 0
2015 04/23/2015 171.03840260968 12.0986046247078 0 0
2015 04/24/2015 171.55324512968 12.1310911877198 0 0
2015 04/25/2015 172.16578705968 12.1697425835028 0 0
2015 04/26/2015 172.79946760968 12.2097278262078 0 0
2015 04/27/2015 173.33050435568 12.2432362448804 0 0
2015 04/28/2015 173.77308796258 12.2711632704758 0 0
2015 04/29/2015 174.28048444258 12.3031799883638 0 0
2015 04/30/2015 174.71981556258 12.3309017820358 0 0
2015 05/01/2015 174.93839508058 12.3446941496216 0 0
2015 05/02/2015 175.11791606158 12.3560219235227 0 0
2015 05/03/2015 175.26743166558 12.3654563581351 0 0
2015 05/04/2015 175.35841007558 12.3711970958061 0 0
2015 05/05/2015 175.40981982622 12.3744410510715 0 0
2015 05/06/2015 175.49184963498 12.3796171320042 0 0
2015 05/07/2015 175.56497074901 12.3842310742995 0 0
2015 05/08/2015 175.63731875439 12.388796233439 0 0
2015 05/09/2015 175.70569944713 12.3931110551509 0 0
2015 05/10/2015 175.75958988943 12.39651154206 0 0
2015 05/11/2015 175.85162219443 12.4023187805055 0 0
2015 05/12/2015 175.98892627043 12.4109826677011 0 0
2015 05/13/2015 176.05715540203 12.4152879259051 0 0
2015 05/14/2015 176.15630937163 12.4269980097148 0 0
2015 05/15/2015 176.26992438263 12.4404159425139 0 0
2015 05/16/2015 177.13232401163 12.5422653386988 0 0
2015 05/17/2015 178.23658472163 12.6726785285498 0 0
2015 05/18/2015 178.73651008163 12.7317197135658 0 0
2015 05/19/2015 179.16046133163 12.7817883561908 0 0
2015 05/20/2015 179.57647639163 12.8309197347768 0 0
2015 05/21/2015 179.91255098163 12.8706101438558 0 0
2015 05/22/2015 180.07870961573 12.890233478543 0 0
2015 05/23/2015 180.14823894622 12.8984448924739 0 0
2015 05/24/2015 180.21272220277 12.9060603650725 0 0
2015 05/25/2015 180.29194423777 12.915416487406 0 0
2015 05/26/2015 180.61502568567 12.953572406403 0 0
2015 05/27/2015 181.45868785567 13.05320890868 0 0
2015 05/28/2015 181.84763978567 13.099144131613 0 0
2015 05/29/2015 182.11696895567 13.13095190659 0 0
2015 05/30/2015 182.77743854567 13.208953365169 0 0
2015 05/31/2015 200.38414834567 15.288305792549 0 0
2015 06/01/2015 213.07962254567 16.787641295569 0 0
2015 06/02/2015 215.13200484567 17.030027645199 0 0
2015 06/03/2015 216.08122101567 17.142130074876 0 0
2015 06/04/2015 216.53299346567 17.182879949866 0 0
2015 06/05/2015 216.83372636567 17.210006057446 0 0
2015 06/06/2015 217.04028801667 17.2286379183662 0 0
2015 06/07/2015 217.27056096667 17.2494085384562 0 0
2015 06/08/2015 219.55379033667 17.4553558276302 0 0
2015 06/09/2015 228.17517883667 18.2330050703302 0 0
2015 06/10/2015 229.22124146667 18.3273599195562 0 0
2015 06/11/2015 229.58356368667 18.3600413838002 0 0
2015 06/12/2015 230.64178352367 18.4554928130976 0 0
2015 06/13/2015 234.54489842367 18.8075537770776 0 0
2015 06/14/2015 252.15994012367 20.3964305384176 0 0
2015 06/15/2015 263.01581552367 21.3756304994976 0 0
2015 06/16/2015 283.02058352367 23.1800605730976 0 0
2015 06/17/2015 303.02535152367 24.9844906466976 0 0
2015 06/18/2015 323.03011952367 26.7889207202976 0 0
2015 06/19/2015 343.03488752367 28.5933507938976 0 0
2015 06/20/2015 360.77686662367 30.1936773087176 0 0
2015 06/21/2015 362.05482620367 30.3089492628336 0 0
2015 06/22/2015 362.56592036367 30.3550499560656 0 0
2015 06/23/2015 362.83375319367 30.3792084773316 0 0
2015 06/24/2015 363.01182054667 30.3952701525722 0 0
2015 06/25/2015 363.18925860167 30.4112750651332 0 0
2015 06/26/2015 364.36295033167 30.5171420591792 0 0
2015 06/27/2015 383.73631933167 32.2646199429792 0 0
2015 06/28/2015 392.33463573167 33.0401880822592 0 0
2015 06/29/2015 394.08393211167 33.1979746157352 0 0
2015 06/30/2015 396.72286231167 33.4360061197752 0 0
2015 07/01/2015 398.15996034167 33.5656323620812 0 0
2015 07/02/2015 398.74374123167 33.6182893983592 0 0
2015 07/03/2015 399.08710196867 33.6492605368366 0 0
2015 07/04/2015 399.28814760967 33.6673948536548 0 0
2015 07/05/2015 399.38044963514 33.6757204963522 0 0
2015 07/06/2015 399.4510571122 33.682089290783 0 0
2015 07/07/2015 405.6813487092 34.2440615928324 0 0
2015 07/08/2015 412.0338700092 34.8170590140924 0 0
2015 07/09/2015 413.9792959092 34.9925364302724 0 0
2015 07/10/2015 415.5356303092 35.1329177931524 0 0
2015 07/11/2015 416.2792729592 35.1999943601824 0 0
2015 07/12/2015 418.4374370492 35.3946607611004 0 0
2015 07/13/2015 428.4031198492 36.2935653496604 0 0
2015 07/14/2015 448.4078878492 38.0979954232604 0 0
2015 07/15/2015 468.4126558492 39.9024254968604 0 0
2015 07/16/2015 472.3512099492 40.2576830766804 0 0
2015 07/17/2015 473.0299878092 40.3189088396524 0 0
2015 07/18/2015 473.3178576162 40.3448746962438 0 0
2015 07/19/2015 474.0024934672 40.406628850004 0 0
2015 07/20/2015 481.1701830072 41.053154446512 0 0
2015 07/21/2015 481.5099376372 41.083800314138 0 0
2015 07/22/2015 481.6555682964 41.0969361995978 0 0
2015 07/23/2015 481.71125493786 41.1019591346575 0 0
2015 07/24/2015 481.73495439146 41.1040968253722 0 0
2015 07/25/2015 481.74581037392 41.1050760349901 0 0
2015 07/26/2015 481.74628303634 41.1051186691404 0 0
2015 07/27/2015 481.74628303634 41.1051186691404 0 0
2015 07/28/2015 481.74628303634 41.1051186691404 0 0
2015 07/29/2015 481.74628303634 41.1051186691404 0 0
2015 07/30/2015 481.74628303634 41.1051186691404 0 0
2015 07/31/2015 481.74628303634 41.1051186691404 0 0
2015 08/01/2015 481.7462861585 41.1051189507592 0 0
2015 08/02/2015 481.7462861585 41.1051189507592 0 0
2015 08/03/2015 482.10034612858 41.1370551600604 0 0
2015 08/04/2015 482.1444719728 41.1410353112091 0 0
2015 08/05/2015 482.14816123345 41.1413680825197 0 0
2015 08/06/2015 482.14819557726 41.1413711803314 0 0
2015 08/07/2015 482.14851413255 41.1413999140185 0 0
2015 08/08/2015 482.14852037687 41.1414004772562 0 0
2015 08/09/2015 482.14852037687 41.1414004772562 0 0
2015 08/10/2015 482.40640983687 41.1646621065482 0 0
2015 08/11/2015 482.467565499 41.1701783472723 0 0
2015 08/12/2015 482.46920784191 41.1703264866028 0 0
2015 08/13/2015 482.47183341251 41.1705633130709 0 0
2015 08/14/2015 482.47183341251 41.1705633130709 0 0
2015 08/15/2015 482.47183341251 41.1705633130709 0 0
2015 08/16/2015 482.47183341251 41.1705633130709 0 0
2015 08/17/2015 482.47183341251 41.1705633130709 0 0
2015 08/18/2015 482.47183341251 41.1705633130709 0 0
2015 08/19/2015 482.47183341251 41.1705633130709 0 0
2015 08/20/2015 482.47183341251 41.1705633130709 0 0
2015 08/21/2015 482.47196136514 41.1705748543982 0 0
2015 08/22/2015 482.47196136514 41.1705748543982 0 0
2015 08/23/2015 482.47196136514 41.1705748543982 0 0
2015 08/24/2015 482.47196136514 41.1705748543982 0 0
2015 08/25/2015 482.4719644873 41.170575136017 0 0
2015 08/26/2015 482.4719644873 41.170575136017 0 0
2015 08/27/2015 482.4719644873 41.170575136017 0 0
2015 08/28/2015 482.4719644873 41.170575136017 0 0
2015 08/29/2015 482.4719644873 41.170575136017 0 0
2015 08/30/2015 482.4719644873 41.170575136017 0 0
2015 08/31/2015 482.4719644873 41.170575136017 0 0
2015 09/01/2015 482.4719644873 41.170575136017 0 0
2015 09/02/2015 482.4719644873 41.170575136017 0 0
2015 09/03/2015 482.4719644873 41.170575136017 0 0
2015 09/04/2015 482.4719644873 41.170575136017 0 0
2015 09/05/2015 482.4719644873 41.170575136017 0 0
2015 09/06/2015 482.4719644873 41.170575136017 0 0
2015 09/07/2015 482.4719644873 41.170575136017 0 0
2015 09/08/2015 482.4719644873 41.170575136017 0 0
2015 09/09/2015 482.4719644873 41.170575136017 0 0
2015 09/10/2015 482.4719644873 41.170575136017 0 0
2015 09/11/2015 482.4719644873 41.170575136017 0 0
2015 09/12/2015 482.4719644873 41.170575136017 0 0
2015 09/13/2015 482.4719644873 41.170575136017 0 0
2015 09/14/2015 482.4719644873 41.170575136017 0 0
2015 09/15/2015 482.4719644873 41.170575136017 0 0
2015 09/16/2015 482.4719644873 41.170575136017 0 0
2015 09/17/2015 482.4719644873 41.170575136017 0 0
2015 09/18/2015 482.4719644873 41.170575136017 0 0
2015 09/19/2015 482.4719644873 41.170575136017 0 0
2015 09/20/2015 482.4719644873 41.170575136017 0 0
2015 09/21/2015 482.4719644873 41.170575136017 0 0
2015 09/22/2015 482.4719644873 41.170575136017 0 0
2015 09/23/2015 482.4719644873 41.170575136017 0 0
2015 09/24/2015 482.4719644873 41.170575136017 0 0
2015 09/25/2015 482.4719644873 41.170575136017 0 0
2015 09/26/2015 482.4719644873 41.170575136017 0 0
2015 09/27/2015 482.4719644873 41.170575136017 0 0
2015 09/28/2015 482.4719644873 41.170575136017 0 0
2015 09/29/2015 482.4719644873 41.170575136017 0 0
2015 09/30/2015 482.4719644873 41.170575136017 0 0
2015 10/01/2015 482.4719644873 41.170575136017 0 0
2015 10/02/2015 482.4719644873 41.170575136017 0 0
2015 10/03/2015 482.4719644873 41.170575136017 0 0
2015 10/04/2015 482.4719644873 41.170575136017 0 0
2015 10/05/2015 482.4719644873 41.170575136017 0 0
2015 10/06/2015 482.4719644873 41.170575136017 0 0
2015 10/07/2015 482.4719644873 41.170575136017 0 0
2015 10/08/2015 482.4719644873 41.170575136017 0 0
2015 10/09/2015 482.4719644873 41.170575136017 0 0
2015 10/10/2015 482.4719644873 41.170575136017 0 0
2015 10/11/2015 482.4719644873 41.170575136017 0 0
2015 10/12/2015 482.4719644873 41.170575136017 0 0
2015 10/13/2015 482.4719644873 41.170575136017 0 0
2015 10/14/2015 482.4719644873 41.170575136017 0 0
2015 10/15/2015 482.4719644873 41.170575136017 0 0
2015 10/16/2015 482.4719644873 41.170575136017 0 0
2015 10/17/2015 482.4719644873 41.170575136017 0 0
2015 10/18/2015 482.4719644873 41.170575136017 0 0
2015 10/19/2015 482.4719644873 41.170575136017 0 0
2015 10/20/2015 482.4719644873 41.170575136017 0 0
2015 10/21/2015 482.4719644873 41.170575136017 0 0
2015 10/22/2015 482.4719644873 41.170575136017 0 0
2015 10/23/2015 482.4719644873 41.170575136017 0 0
2015 10/24/2015 482.4719644873 41.170575136017 0 0
2015 10/25/2015 482.4719644873 41.170575136017 0 0
2015 10/26/2015 482.4719644873 41.170575136017 0 0
2015 10/27/2015 482.4719644873 41.170575136017 0 0
2015 10/28/2015 491.6184061273 41.995584171945 0 0
2015 10/29/2015 493.4753538173 42.163080853583 0 0
2015 10/30/2015 493.9559302173 42.206428844863 0 0
2015 10/31/2015 494.1846647373 42.227060698567 0 0
2015 11/01/2015 494.2525933746 42.2331878616514 0 0
2015 11/02/2015 494.28424671347 42.2360429928175 0 0
2015 11/03/2015 494.30276878003 42.2377136832212 0 0
2015 11/04/2015 494.30539915451 42.2379509429993 0 0
2015 11/05/2015 494.30539915451 42.2379509429993 0 0
2015 11/06/2015 494.38365507163 42.2450096267236 0 0
2015 11/07/2015 494.50487387863 42.255943563115 0 0
2015 11/08/2015 494.59820416006 42.2643619544999 0 0
2015 11/09/2015 494.68782614934 42.272445857933 0 0
2015 11/10/2015 494.74068579734 42.2772137981826 0 0
2015 11/11/2015 494.79146693317 42.2817942566345 0 0
2015 11/12/2015 494.85720393717 42.2877237343953 0 0
2015 11/13/2015 494.87683333467 42.2894943060498 0 0
2015 11/14/2015 494.90056154991 42.2916345910644 0 0
2015 11/15/2015 494.90469354691 42.2920072971938 0 0
2015 11/16/2015 494.91600538751 42.2930276252159 0 0
2015 11/17/2015 494.91600850967 42.2930279068348 0 0
2015 11/18/2015 494.92166718987 42.2935383197888 0 0
2015 11/19/2015 495.06089320387 42.3060965062516 0 0
2015 11/20/2015 495.14152616087 42.313369598973 0 0
2015 11/21/2015 495.14152616087 42.313369598973 0 0
2015 11/22/2015 495.14152616087 42.313369598973 0 0
2015 11/23/2015 495.14152616087 42.313369598973 0 0
2015 11/24/2015 495.14152616087 42.313369598973 0 0
2015 11/25/2015 495.14152616087 42.313369598973 0 0
2015 11/26/2015 495.14152616087 42.313369598973 0 0
2015 11/27/2015 495.14152616087 42.313369598973 0 0
2015 11/28/2015 495.14152616087 42.313369598973 0 0
2015 11/29/2015 495.14152616087 42.313369598973 0 0
2015 11/30/2015 495.14152616087 42.313369598973 0 0
2015 12/01/2015 495.14152616087 42.313369598973 0 0
2015 12/02/2015 495.14152616087 42.313369598973 0 0
2015 12/03/2015 495.14152616087 42.313369598973 0 0
2015 12/04/2015 495.14152616087 42.313369598973 0 0
2015 12/05/2015 495.14152616087 42.313369598973 0 0
2015 12/06/2015 495.14152616087 42.313369598973 0 0
2015 12/07/2015 495.14152616087 42.313369598973 0 0
2015 12/08/2015 495.14152616087 42.313369598973 0 0
2015 12/09/2015 495.14152616087 42.313369598973 0 0
2015 12/10/2015 495.14152616087 42.313369598973 0 0
2015 12/11/2015 495.14152616087 42.313369598973 0 0
2015 12/12/2015 495.14152616087 42.313369598973 0 0
2015 12/13/2015 495.14152616087 42.313369598973 0 0
2015 12/14/2015 495.14152616087 42.313369598973 0 0
2015 12/15/2015 495.14152616087 42.313369598973 0 0
2015 12/16/2015 495.14152616087 42.313369598973 0 0
2015 12/17/2015 495.14152616087 42.313369598973 0 0
2015 12/18/2015 495.14152616087 42.313369598973 0 0
2015 12/19/2015 495.14152616087 42.313369598973 0 0
2015 12/20/2015 495.14152616087 42.313369598973 0 0
2015 12/21/2015 495.14152616087 42.313369598973 0 0
2015 12/22/2015 495.14152616087 42.313369598973 0 0
2015 12/23/2015 495.14152616087 42.313369598973 0 0
2015 12/24/2015 495.14152616087 42.313369598973 0 0
2015 12/25/2015 495.14152616087 42.313369598973 0 0
2015 12/26/2015 495.14152616087 42.313369598973 0 0
2015 12/27/2015 495.14152616087 42.313369598973 0 0
2015 12/28/2015 495.14152616087 42.313369598973 0 0
2015 12/29/2015 495.14152616087 42.313369598973 0 0
2015 12/30/2015 495.14152616087 42.313369598973 0 0
2015 12/31/2015 495.14152616087 42.313369598973 0 0
