Apsim version = 7.8
Title = STJOHNS_CS_ConvTill_MRTN_FreeDrained
 
year date sum_subsurface_drain sum_subsurface_drain_no3 sum_subsurface_drainerror sum_subsurface_drain_no3error
() (mm/dd/yyyy) () () () ()
2011 01/01/2011 1.9186631 0.1553023473033 0 0
2011 01/02/2011 2.6002772 0.2104742373996 0 0
2011 01/03/2011 2.668559066 0.216001176479238 0 0
2011 01/04/2011 2.670753944623 0.21617883653962 0 0
2011 01/05/2011 2.670753944623 0.21617883653962 0 0
2011 01/06/2011 2.670753944623 0.21617883653962 0 0
2011 01/07/2011 2.670753944623 0.21617883653962 0 0
2011 01/08/2011 2.670753944623 0.21617883653962 0 0
2011 01/09/2011 2.670753944623 0.21617883653962 0 0
2011 01/10/2011 2.670753944623 0.21617883653962 0 0
2011 01/11/2011 2.670753944623 0.21617883653962 0 0
2011 01/12/2011 2.670753944623 0.21617883653962 0 0
2011 01/13/2011 2.670753944623 0.21617883653962 0 0
2011 01/14/2011 2.670753944623 0.21617883653962 0 0
2011 01/15/2011 2.670753944623 0.21617883653962 0 0
2011 01/16/2011 2.670753944623 0.21617883653962 0 0
2011 01/17/2011 2.670753944623 0.21617883653962 0 0
2011 01/18/2011 2.670753944623 0.21617883653962 0 0
2011 01/19/2011 2.670753944623 0.21617883653962 0 0
2011 01/20/2011 2.670753944623 0.21617883653962 0 0
2011 01/21/2011 2.670753944623 0.21617883653962 0 0
2011 01/22/2011 2.670753944623 0.21617883653962 0 0
2011 01/23/2011 2.670753944623 0.21617883653962 0 0
2011 01/24/2011 2.670753944623 0.21617883653962 0 0
2011 01/25/2011 2.670753944623 0.21617883653962 0 0
2011 01/26/2011 2.670753944623 0.21617883653962 0 0
2011 01/27/2011 2.670753944623 0.21617883653962 0 0
2011 01/28/2011 2.670753944623 0.21617883653962 0 0
2011 01/29/2011 2.670753944623 0.21617883653962 0 0
2011 01/30/2011 2.670753944623 0.21617883653962 0 0
2011 01/31/2011 2.670753944623 0.21617883653962 0 0
2011 02/01/2011 2.670753944623 0.21617883653962 0 0
2011 02/02/2011 2.670753944623 0.21617883653962 0 0
2011 02/03/2011 2.670753944623 0.21617883653962 0 0
2011 02/04/2011 2.670753944623 0.21617883653962 0 0
2011 02/05/2011 2.670753944623 0.21617883653962 0 0
2011 02/06/2011 2.670753944623 0.21617883653962 0 0
2011 02/07/2011 2.670753944623 0.21617883653962 0 0
2011 02/08/2011 2.670753944623 0.21617883653962 0 0
2011 02/09/2011 2.670753944623 0.21617883653962 0 0
2011 02/10/2011 2.670753944623 0.21617883653962 0 0
2011 02/11/2011 2.670753944623 0.21617883653962 0 0
2011 02/12/2011 2.670753944623 0.21617883653962 0 0
2011 02/13/2011 2.670753944623 0.21617883653962 0 0
2011 02/14/2011 3.839897684623 0.300572308267779 0 0
2011 02/15/2011 5.205615784623 0.399155303598179 0 0
2011 02/16/2011 6.048425274623 0.45999266382434 0 0
2011 02/17/2011 6.048425274623 0.45999266382434 0 0
2011 02/18/2011 6.048425274623 0.45999266382434 0 0
2011 02/19/2011 6.182099424623 0.469641798667939 0 0
2011 02/20/2011 6.314587674623 0.479205330505939 0 0
2011 02/21/2011 7.193559952623 0.542653065421091 0 0
2011 02/22/2011 7.802219522623 0.586588547821971 0 0
2011 02/23/2011 7.829564486123 0.588562416667256 0 0
2011 02/24/2011 8.316602556655 0.623718772750537 0 0
2011 02/25/2011 9.252779416655 0.691295763212777 0 0
2011 02/26/2011 9.349197576655 0.698255611674217 0 0
2011 02/27/2011 9.84804189046489 0.734264189622271 0 0
2011 02/28/2011 9.84804189046489 0.734264189622271 0 0
2011 03/01/2011 9.84804189046489 0.734264189622271 0 0
2011 03/02/2011 9.84804189046489 0.734264189622271 0 0
2011 03/03/2011 9.84804189046489 0.734264189622271 0 0
2011 03/04/2011 9.84804189046489 0.734264189622271 0 0
2011 03/05/2011 9.84804189046489 0.734264189622271 0 0
2011 03/06/2011 9.84804189046489 0.734264189622271 0 0
2011 03/07/2011 9.84804189046489 0.734264189622271 0 0
2011 03/08/2011 9.84804189046489 0.734264189622271 0 0
2011 03/09/2011 9.84804189046489 0.734264189622271 0 0
2011 03/10/2011 9.84804189046489 0.734264189622271 0 0
2011 03/11/2011 9.84804189046489 0.734264189622271 0 0
2011 03/12/2011 10.0676377604649 0.762134638655061 0 0
2011 03/13/2011 10.0718489503149 0.762669110237253 0 0
2011 03/14/2011 10.0718489503149 0.762669110237253 0 0
2011 03/15/2011 10.6642561517248 0.837855655018593 0 0
2011 03/16/2011 11.4491304417248 0.937469545282523 0 0
2011 03/17/2011 11.5895494467248 0.955291104140108 0 0
2011 03/18/2011 11.6454555308129 0.962386536614316 0 0
2011 03/19/2011 11.6454555308129 0.962386536614316 0 0
2011 03/20/2011 11.6454555308129 0.962386536614316 0 0
2011 03/21/2011 11.6454555308129 0.962386536614316 0 0
2011 03/22/2011 11.6454555308129 0.962386536614316 0 0
2011 03/23/2011 11.6454846169129 0.96239022813487 0 0
2011 03/24/2011 11.6925226445829 0.968360153492663 0 0
2011 03/25/2011 11.6925226445829 0.968360153492663 0 0
2011 03/26/2011 11.6925226445829 0.968360153492663 0 0
2011 03/27/2011 11.6925226445829 0.968360153492663 0 0
2011 03/28/2011 11.6925226445829 0.968360153492663 0 0
2011 03/29/2011 11.6925226445829 0.968360153492663 0 0
2011 03/30/2011 11.6925226445829 0.968360153492663 0 0
2011 03/31/2011 11.6925226445829 0.968360153492663 0 0
2011 04/01/2011 11.6925226445829 0.968360153492663 0 0
2011 04/02/2011 11.6925226445829 0.968360153492663 0 0
2011 04/03/2011 11.6925226445829 0.968360153492663 0 0
2011 04/04/2011 11.6925226445829 0.968360153492663 0 0
2011 04/05/2011 11.6925226445829 0.968360153492663 0 0
2011 04/06/2011 11.6925226445829 0.968360153492663 0 0
2011 04/07/2011 11.6925226445829 0.968360153492663 0 0
2011 04/08/2011 12.6208539445829 1.07272130157606 0 0
2011 04/09/2011 14.4064037445829 1.25840598192746 0 0
2011 04/10/2011 16.2546072445829 1.45060620850296 0 0
2011 04/11/2011 18.3192482445829 1.66531442001596 0 0
2011 04/12/2011 20.5574835445829 1.89807522356886 0 0
2011 04/13/2011 22.2675598445829 2.07591118823476 0 0
2011 04/14/2011 23.6753070445829 2.22230704280436 0 0
2011 04/15/2011 25.2298410445829 2.38396769706636 0 0
2011 04/16/2011 31.2432118445829 3.00931616667076 0 0
2011 04/17/2011 41.8470911445829 4.11204538671566 0 0
2011 04/18/2011 44.0951529445829 4.34582807748306 0 0
2011 04/19/2011 47.3892739445829 4.68839360263606 0 0
2011 04/20/2011 47.3892739445829 4.68839360263606 0 0
2011 04/21/2011 47.3892739445829 4.68839360263606 0 0
2011 04/22/2011 64.2157679445829 6.43823119317806 0 0
2011 04/23/2011 69.8866607445829 7.02796434812846 0 0
2011 04/24/2011 83.6519565445829 8.45945875425786 0 0
2011 04/25/2011 97.0983965445829 9.85779438917786 0 0
2011 04/26/2011 97.0983965445829 9.85779438917786 0 0
2011 04/27/2011 97.0983965445829 9.85779438917786 0 0
2011 04/28/2011 97.0983965445829 9.85779438917786 0 0
2011 04/29/2011 126.130272544583 12.8769062700459 0 0
2011 04/30/2011 139.740142544583 14.2922374809559 0 0
2011 05/01/2011 142.448796744583 14.5739185571765 0 0
2011 05/02/2011 145.103790444583 14.8500193170206 0 0
2011 05/03/2011 145.103790444583 14.8500193170206 0 0
2011 05/04/2011 145.103790444583 14.8500193170206 0 0
2011 05/05/2011 160.307819444583 16.4311319048176 0 0
2011 05/06/2011 166.873516744583 17.1139184641365 0 0
2011 05/07/2011 169.016112644583 17.3367334395652 0 0
2011 05/08/2011 179.619442344583 18.4394055050573 0 0
2011 05/09/2011 182.325893244583 18.720857453501 0 0
2011 05/10/2011 184.564325544583 18.942216023648 0 0
2011 05/11/2011 186.339519044583 19.117764908863 0 0
2011 05/12/2011 187.971009244583 19.279102974741 0 0
2011 05/13/2011 189.613517844583 19.441530650195 0 0
2011 05/14/2011 191.135150144583 19.592004868342 0 0
2011 05/15/2011 195.485517344583 20.02221268075 0 0
2011 05/16/2011 210.263696344583 21.48362680206 0 0
2011 05/17/2011 215.696025644583 22.020829846537 0 0
2011 05/18/2011 227.000472644583 23.138726610367 0 0
2011 05/19/2011 231.909868644583 23.624216780807 0 0
2011 05/20/2011 231.909868644583 23.624216780807 0 0
2011 05/21/2011 245.700033144583 24.987926148212 0 0
2011 05/22/2011 248.346949744583 25.249679730786 0 0
2011 05/23/2011 250.737662544583 25.486097319578 0 0
2011 05/24/2011 258.064264444583 26.210624981469 0 0
2011 05/25/2011 260.533884744583 26.454845732936 0 0
2011 05/26/2011 260.533884744583 26.454845732936 0 0
2011 05/27/2011 260.533884744583 26.454845732936 0 0
2011 05/28/2011 260.533884744583 26.454845732936 0 0
2011 05/29/2011 260.533884744583 26.454845732936 0 0
2011 05/30/2011 277.618460744583 28.144339453576 0 0
2011 05/31/2011 282.522374044583 28.629287439813 0 0
2011 06/01/2011 284.247761644583 28.799911019577 0 0
2011 06/02/2011 285.756108544583 28.9374737652039 0 0
2011 06/03/2011 287.152879144583 29.0648606406945 0 0
2011 06/04/2011 288.554205744583 29.1926630279411 0 0
2011 06/05/2011 289.929938444583 29.3181312259138 0 0
2011 06/06/2011 291.261837344583 29.4396017374927 0 0
2011 06/07/2011 292.534905544583 29.5557068304009 0 0
2011 06/08/2011 293.660843944583 29.6583935384193 0 0
2011 06/09/2011 294.655925644583 29.749145984541 0 0
2011 06/10/2011 298.965541044583 30.1421872186364 0 0
2011 06/11/2011 301.509304444583 30.3741809844798 0 0
2011 06/12/2011 303.228931844583 30.5310127229872 0 0
2011 06/13/2011 304.624482744583 30.6582883606181 0 0
2011 06/14/2011 305.891173944583 30.7738118647493 0 0
2011 06/15/2011 307.216431944583 30.8946767196073 0 0
2011 06/16/2011 308.330419344583 30.9962734844747 0 0
2011 06/17/2011 309.193655344583 31.0551738032267 0 0
2011 06/18/2011 309.970728644583 31.1081950686323 0 0
2011 06/19/2011 310.783264044583 31.1636359840451 0 0
2011 06/20/2011 311.499229714583 31.2124877536405 0 0
2011 06/21/2011 312.376643814583 31.2723554725117 0 0
2011 06/22/2011 313.239498214583 31.3312297539325 0 0
2011 06/23/2011 314.025543214583 31.3848631763725 0 0
2011 06/24/2011 314.559089884583 31.4212681327599 0 0
2011 06/25/2011 314.764194804583 31.4352628516614 0 0
2011 06/26/2011 314.960153954583 31.4486335363842 0 0
2011 06/27/2011 315.264674304583 31.4694115689054 0 0
2011 06/28/2011 315.454772564583 31.4823823533817 0 0
2011 06/29/2011 315.480811416583 31.4841590363314 0 0
2011 06/30/2011 315.480811416583 31.4841590363314 0 0
2011 07/01/2011 315.480811416583 31.4841590363314 0 0
2011 07/02/2011 315.480811416583 31.4841590363314 0 0
2011 07/03/2011 315.480811416583 31.4841590363314 0 0
2011 07/04/2011 315.480811416583 31.4841590363314 0 0
2011 07/05/2011 315.480811416583 31.4841590363314 0 0
2011 07/06/2011 315.480811416583 31.4841590363314 0 0
2011 07/07/2011 315.480811416583 31.4841590363314 0 0
2011 07/08/2011 315.480811416583 31.4841590363314 0 0
2011 07/09/2011 315.480811416583 31.4841590363314 0 0
2011 07/10/2011 315.480811416583 31.4841590363314 0 0
2011 07/11/2011 315.480811416583 31.4841590363314 0 0
2011 07/12/2011 315.480811416583 31.4841590363314 0 0
2011 07/13/2011 315.480811416583 31.4841590363314 0 0
2011 07/14/2011 315.480811416583 31.4841590363314 0 0
2011 07/15/2011 315.480811416583 31.4841590363314 0 0
2011 07/16/2011 315.480811416583 31.4841590363314 0 0
2011 07/17/2011 315.480811416583 31.4841590363314 0 0
2011 07/18/2011 315.480811416583 31.4841590363314 0 0
2011 07/19/2011 315.480811416583 31.4841590363314 0 0
2011 07/20/2011 315.480811416583 31.4841590363314 0 0
2011 07/21/2011 315.480811416583 31.4841590363314 0 0
2011 07/22/2011 315.480811416583 31.4841590363314 0 0
2011 07/23/2011 315.480811416583 31.4841590363314 0 0
2011 07/24/2011 315.480811416583 31.4841590363314 0 0
2011 07/25/2011 315.480811416583 31.4841590363314 0 0
2011 07/26/2011 315.480811416583 31.4841590363314 0 0
2011 07/27/2011 315.480811416583 31.4841590363314 0 0
2011 07/28/2011 315.480811416583 31.4841590363314 0 0
2011 07/29/2011 315.480811416583 31.4841590363314 0 0
2011 07/30/2011 315.480811416583 31.4841590363314 0 0
2011 07/31/2011 315.480811416583 31.4841590363314 0 0
2011 08/01/2011 315.480811416583 31.4841590363314 0 0
2011 08/02/2011 315.480811416583 31.4841590363314 0 0
2011 08/03/2011 315.480811416583 31.4841590363314 0 0
2011 08/04/2011 315.480811416583 31.4841590363314 0 0
2011 08/05/2011 315.480811416583 31.4841590363314 0 0
2011 08/06/2011 315.480811416583 31.4841590363314 0 0
2011 08/07/2011 315.480811416583 31.4841590363314 0 0
2011 08/08/2011 315.480811416583 31.4841590363314 0 0
2011 08/09/2011 315.480811416583 31.4841590363314 0 0
2011 08/10/2011 315.480811416583 31.4841590363314 0 0
2011 08/11/2011 315.480811416583 31.4841590363314 0 0
2011 08/12/2011 315.480811416583 31.4841590363314 0 0
2011 08/13/2011 315.480811416583 31.4841590363314 0 0
2011 08/14/2011 315.480811416583 31.4841590363314 0 0
2011 08/15/2011 315.480811416583 31.4841590363314 0 0
2011 08/16/2011 315.480811416583 31.4841590363314 0 0
2011 08/17/2011 315.480811416583 31.4841590363314 0 0
2011 08/18/2011 315.480811416583 31.4841590363314 0 0
2011 08/19/2011 315.480811416583 31.4841590363314 0 0
2011 08/20/2011 315.480811416583 31.4841590363314 0 0
2011 08/21/2011 315.480811416583 31.4841590363314 0 0
2011 08/22/2011 315.480811416583 31.4841590363314 0 0
2011 08/23/2011 315.480811416583 31.4841590363314 0 0
2011 08/24/2011 315.480811416583 31.4841590363314 0 0
2011 08/25/2011 315.480811416583 31.4841590363314 0 0
2011 08/26/2011 315.480811416583 31.4841590363314 0 0
2011 08/27/2011 315.480811416583 31.4841590363314 0 0
2011 08/28/2011 315.480811416583 31.4841590363314 0 0
2011 08/29/2011 315.480811416583 31.4841590363314 0 0
2011 08/30/2011 315.480811416583 31.4841590363314 0 0
2011 08/31/2011 315.480811416583 31.4841590363314 0 0
2011 09/01/2011 315.480811416583 31.4841590363314 0 0
2011 09/02/2011 315.480811416583 31.4841590363314 0 0
2011 09/03/2011 315.480811416583 31.4841590363314 0 0
2011 09/04/2011 315.480811416583 31.4841590363314 0 0
2011 09/05/2011 315.480811416583 31.4841590363314 0 0
2011 09/06/2011 315.480811416583 31.4841590363314 0 0
2011 09/07/2011 315.480811416583 31.4841590363314 0 0
2011 09/08/2011 315.480811416583 31.4841590363314 0 0
2011 09/09/2011 315.480811416583 31.4841590363314 0 0
2011 09/10/2011 315.480811416583 31.4841590363314 0 0
2011 09/11/2011 315.480811416583 31.4841590363314 0 0
2011 09/12/2011 315.480811416583 31.4841590363314 0 0
2011 09/13/2011 315.480811416583 31.4841590363314 0 0
2011 09/14/2011 315.480811416583 31.4841590363314 0 0
2011 09/15/2011 315.480811416583 31.4841590363314 0 0
2011 09/16/2011 315.480811416583 31.4841590363314 0 0
2011 09/17/2011 315.480811416583 31.4841590363314 0 0
2011 09/18/2011 315.480811416583 31.4841590363314 0 0
2011 09/19/2011 315.480811416583 31.4841590363314 0 0
2011 09/20/2011 315.480811416583 31.4841590363314 0 0
2011 09/21/2011 315.480811416583 31.4841590363314 0 0
2011 09/22/2011 315.480811416583 31.4841590363314 0 0
2011 09/23/2011 315.841961220483 31.4960275023369 0 0
2011 09/24/2011 316.268437207283 31.5100427826911 0 0
2011 09/25/2011 316.268437207283 31.5100427826911 0 0
2011 09/26/2011 316.268606285883 31.5100483391212 0 0
2011 09/27/2011 316.268606285883 31.5100483391212 0 0
2011 09/28/2011 316.268606285883 31.5100483391212 0 0
2011 09/29/2011 316.268606285883 31.5100483391212 0 0
2011 09/30/2011 316.268606285883 31.5100483391212 0 0
2011 10/01/2011 316.268606285883 31.5100483391212 0 0
2011 10/02/2011 316.268606285883 31.5100483391212 0 0
2011 10/03/2011 317.018104585883 31.5346791017541 0 0
2011 10/04/2011 317.464957337883 31.549364023743 0 0
2011 10/05/2011 317.605216550973 31.5544717032469 0 0
2011 10/06/2011 317.685067073813 31.5573795398867 0 0
2011 10/07/2011 317.716488010953 31.5585237647336 0 0
2011 10/08/2011 317.734599990403 31.5591833305772 0 0
2011 10/09/2011 317.743296117513 31.5595000087421 0 0
2011 10/10/2011 317.786185027123 31.5610618512744 0 0
2011 10/11/2011 317.838115582083 31.5629529543638 0 0
2011 10/12/2011 317.947061374083 31.5669203243253 0 0
2011 10/13/2011 318.120341777083 31.573230503481 0 0
2011 10/14/2011 318.240106805083 31.5775918667406 0 0
2011 10/15/2011 318.297939403273 31.5796978986363 0 0
2011 10/16/2011 318.348786492793 31.5815495462483 0 0
2011 10/17/2011 318.382796541723 31.5827880561901 0 0
2011 10/18/2011 318.474412109823 31.586124328718 0 0
2011 10/19/2011 318.612849469823 31.5911656636198 0 0
2011 10/20/2011 318.612849469823 31.5911656636198 0 0
2011 10/21/2011 318.612849469823 31.5911656636198 0 0
2011 10/22/2011 318.612849469823 31.5911656636198 0 0
2011 10/23/2011 318.612849469823 31.5911656636198 0 0
2011 10/24/2011 318.612849469823 31.5911656636198 0 0
2011 10/25/2011 318.612849469823 31.5911656636198 0 0
2011 10/26/2011 318.612849469823 31.5911656636198 0 0
2011 10/27/2011 318.612849469823 31.5911656636198 0 0
2011 10/28/2011 318.612849469823 31.5911656636198 0 0
2011 10/29/2011 318.612849469823 31.5911656636198 0 0
2011 10/30/2011 318.612849469823 31.5911656636198 0 0
2011 10/31/2011 320.175300969823 31.6480638974438 0 0
2011 11/01/2011 320.800743929823 31.6708400282751 0 0
2011 11/02/2011 321.142045419823 31.683268863335 0 0
2011 11/03/2011 321.485863329823 31.6957893363455 0 0
2011 11/04/2011 321.621716863023 31.7007365786105 0 0
2011 11/05/2011 321.726381457223 31.7035276693441 0 0
2011 11/06/2011 321.863086684913 31.7071731876509 0 0
2011 11/07/2011 321.891008956503 31.7079177908674 0 0
2011 11/08/2011 321.918451474763 31.7086496005018 0 0
2011 11/09/2011 322.089977060063 31.713223673285 0 0
2011 11/10/2011 322.144104839813 31.7146670987876 0 0
2011 11/11/2011 322.244143052043 31.7173348177931 0 0
2011 11/12/2011 322.402159114343 31.7215486321265 0 0
2011 11/13/2011 322.499534760603 31.7241453484853 0 0
2011 11/14/2011 323.953165763603 31.7629093264423 0 0
2011 11/15/2011 323.953165763603 31.7629093264423 0 0
2011 11/16/2011 323.953165763603 31.7629093264423 0 0
2011 11/17/2011 323.953165763603 31.7629093264423 0 0
2011 11/18/2011 323.953165763603 31.7629093264423 0 0
2011 11/19/2011 325.430545973603 31.8023066245024 0 0
2011 11/20/2011 325.708882683603 31.809729029548 0 0
2011 11/21/2011 326.069353503603 31.8193417049049 0 0
2011 11/22/2011 326.891027233603 31.8412532782628 0 0
2011 11/23/2011 326.891027233603 31.8412532782628 0 0
2011 11/24/2011 326.891027233603 31.8412532782628 0 0
2011 11/25/2011 328.268667743603 31.877990817743 0 0
2011 11/26/2011 328.868015643603 31.8939736281923 0 0
2011 11/27/2011 329.546725993603 31.9120727970957 0 0
2011 11/28/2011 329.546725993603 31.9120727970957 0 0
2011 11/29/2011 329.546725993603 31.9120727970957 0 0
2011 11/30/2011 329.546725993603 31.9120727970957 0 0
2011 12/01/2011 329.546725993603 31.9120727970957 0 0
2011 12/02/2011 329.546725993603 31.9120727970957 0 0
2011 12/03/2011 329.546725993603 31.9120727970957 0 0
2011 12/04/2011 329.546725993603 31.9120727970957 0 0
2011 12/05/2011 329.546725993603 31.9120727970957 0 0
2011 12/06/2011 329.546725993603 31.9120727970957 0 0
2011 12/07/2011 329.546725993603 31.9120727970957 0 0
2011 12/08/2011 329.546725993603 31.9120727970957 0 0
2011 12/09/2011 329.546725993603 31.9120727970957 0 0
2011 12/10/2011 329.546725993603 31.9120727970957 0 0
2011 12/11/2011 330.465631393603 31.9365772473975 0 0
2011 12/12/2011 331.162421933603 31.9551585607277 0 0
2011 12/13/2011 331.707394153603 31.9696913349184 0 0
2011 12/14/2011 332.328376013603 31.9862510581791 0 0
2011 12/15/2011 332.328376013603 31.9862510581791 0 0
2011 12/16/2011 332.328376013603 31.9862510581791 0 0
2011 12/17/2011 332.328376013603 31.9862510581791 0 0
2011 12/18/2011 335.353742313603 32.0548996448924 0 0
2011 12/19/2011 337.362432953603 32.1004788442046 0 0
2011 12/20/2011 338.863590853603 32.1345416181135 0 0
2011 12/21/2011 338.863590853603 32.1345416181135 0 0
2011 12/22/2011 338.863590853603 32.1345416181135 0 0
2011 12/23/2011 338.863590853603 32.1345416181135 0 0
2011 12/24/2011 339.754430653603 32.1547556640153 0 0
2011 12/25/2011 342.863637554603 32.2253066778059 0 0
2011 12/26/2011 347.229753174603 32.3243782073393 0 0
2011 12/27/2011 356.859436674603 32.5428853556378 0 0
2011 12/28/2011 356.859436674603 32.5428853556378 0 0
2011 12/29/2011 362.276498774603 32.6658039117489 0 0
2011 12/30/2011 366.246763724603 32.7558931937294 0 0
2011 12/31/2011 368.703871524603 32.8116474268192 0 0
2012 01/01/2012 4.2496671 0.1002326482206 0 0
2012 01/02/2012 6.8665861 0.1619552997546 0 0
2012 01/03/2012 8.8478917 0.2086863736362 0 0
2012 01/04/2012 11.1636519 0.2633058937134 0 0
2012 01/05/2012 12.60286262 0.29725111775532 0 0
2012 01/06/2012 13.66292083 0.32225365069638 0 0
2012 01/07/2012 14.03114348674 0.33093855027825 0 0
2012 01/08/2012 14.03114348674 0.33093855027825 0 0
2012 01/09/2012 14.07427257654 0.331955792990272 0 0
2012 01/10/2012 14.25709444788 0.336267829647698 0 0
2012 01/11/2012 15.88739794788 0.374720167998698 0 0
2012 01/12/2012 17.61282426788 0.415416073182218 0 0
2012 01/13/2012 18.73544701788 0.441894253363718 0 0
2012 01/14/2012 18.82326204162 0.443965458513649 0 0
2012 01/15/2012 18.82326204162 0.443965458513649 0 0
2012 01/16/2012 19.00218404316 0.448185512841972 0 0
2012 01/17/2012 31.25270114316 0.737126209162572 0 0
2012 01/18/2012 37.78189914316 0.891123873190572 0 0
2012 01/19/2012 41.55718774316 0.980167830110172 0 0
2012 01/20/2012 43.36527942316 1.01643453302761 0 0
2012 01/21/2012 44.74214120316 1.04405162661085 0 0
2012 01/22/2012 45.77113089316 1.06469110181287 0 0
2012 01/23/2012 46.84702709316 1.08627142779247 0 0
2012 01/24/2012 53.38499439316 1.21740997589587 0 0
2012 01/25/2012 56.60648759316 1.28672684508027 0 0
2012 01/26/2012 64.73334769316 1.46159249385197 0 0
2012 01/27/2012 64.73334769316 1.46159249385197 0 0
2012 01/28/2012 72.17711259316 1.62175998320527 0 0
2012 01/29/2012 75.88687739316 1.70158299240687 0 0
2012 01/30/2012 77.78019239316 1.74232145126187 0 0
2012 01/31/2012 78.81005721316 1.76448105259381 0 0
2012 02/01/2012 79.24059622016 1.77374496040743 0 0
2012 02/02/2012 79.49836848576 1.77929144624635 0 0
2012 02/03/2012 79.70687167112 1.78377780928574 0 0
2012 02/04/2012 83.08446986112 1.85645358953997 0 0
2012 02/05/2012 85.81173866112 1.91513623230957 0 0
2012 02/06/2012 87.42399215112 1.9498270906539 0 0
2012 02/07/2012 88.63560286112 1.97589731830097 0 0
2012 02/08/2012 89.61053934112 1.99687502654113 0 0
2012 02/09/2012 90.39780583112 2.01381463960646 0 0
2012 02/10/2012 91.60342932112 2.03975604024079 0 0
2012 02/11/2012 91.7790454238 2.04353477192215 0 0
2012 02/12/2012 91.78236994048 2.04360630554756 0 0
2012 02/13/2012 91.81245344744 2.04425361236681 0 0
2012 02/14/2012 92.17797950004 2.05211863644061 0 0
2012 02/15/2012 92.17797950004 2.05211863644061 0 0
2012 02/16/2012 94.03681963602 2.0830125595006 0 0
2012 02/17/2012 96.10738882602 2.1174254194384 0 0
2012 02/18/2012 97.50865656602 2.1407144892772 0 0
2012 02/19/2012 98.65375098602 2.1597459585376 0 0
2012 02/20/2012 99.21692606502 2.16910592835058 0 0
2012 02/21/2012 100.34690242502 2.18788613545378 0 0
2012 02/22/2012 101.07485292502 2.19998467276378 0 0
2012 02/23/2012 101.87629481402 2.21330463695896 0 0
2012 02/24/2012 104.62112931402 2.25892378634896 0 0
2012 02/25/2012 105.52597661402 2.27396234847496 0 0
2012 02/26/2012 106.01156042402 2.28203275139716 0 0
2012 02/27/2012 106.36696524008 2.28793957944007 0 0
2012 02/28/2012 106.40911547868 2.28864011640561 0 0
2012 02/29/2012 115.26863618868 2.43588535060581 0 0
2012 03/01/2012 118.19253188868 2.48164431831081 0 0
2012 03/02/2012 123.93014558868 2.57143797271581 0 0
2012 03/03/2012 129.47665768868 2.65824088708081 0 0
2012 03/04/2012 132.26982118868 2.70195389585581 0 0
2012 03/05/2012 133.53173379868 2.72170282820231 0 0
2012 03/06/2012 134.22467765868 2.73254739961131 0 0
2012 03/07/2012 134.41071108848 2.73545882278768 0 0
2012 03/08/2012 134.56178814248 2.73782317868278 0 0
2012 03/09/2012 134.68028371608 2.73967763440962 0 0
2012 03/10/2012 134.68028371608 2.73967763440962 0 0
2012 03/11/2012 134.68106308314 2.73969022742257 0 0
2012 03/12/2012 134.71465581148 2.74023301872709 0 0
2012 03/13/2012 134.71980100238 2.74031615472165 0 0
2012 03/14/2012 134.71980100238 2.74031615472165 0 0
2012 03/15/2012 134.71980100238 2.74031615472165 0 0
2012 03/16/2012 134.71980100238 2.74031615472165 0 0
2012 03/17/2012 134.71980100238 2.74031615472165 0 0
2012 03/18/2012 134.71980100238 2.74031615472165 0 0
2012 03/19/2012 134.71980100238 2.74031615472165 0 0
2012 03/20/2012 134.71980100238 2.74031615472165 0 0
2012 03/21/2012 134.71980100238 2.74031615472165 0 0
2012 03/22/2012 134.71980100238 2.74031615472165 0 0
2012 03/23/2012 134.71980100238 2.74031615472165 0 0
2012 03/24/2012 134.71980100238 2.74031615472165 0 0
2012 03/25/2012 134.71980100238 2.74031615472165 0 0
2012 03/26/2012 134.71980100238 2.74031615472165 0 0
2012 03/27/2012 134.71980100238 2.74031615472165 0 0
2012 03/28/2012 134.78135171608 2.74111175924694 0 0
2012 03/29/2012 134.81289718053 2.74157301702812 0 0
2012 03/30/2012 134.89625282968 2.74279184333 0 0
2012 03/31/2012 134.97643054068 2.74396420182024 0 0
2012 04/01/2012 135.03611868258 2.7448369618311 0 0
2012 04/02/2012 135.04323155858 2.74494096630397 0 0
2012 04/03/2012 135.04959813548 2.7450340583914 0 0
2012 04/04/2012 135.04974618553 2.74503622317923 0 0
2012 04/05/2012 135.06024849038 2.74518978788075 0 0
2012 04/06/2012 135.07196869198 2.74538801165041 0 0
2012 04/07/2012 135.07342227878 2.74541259616396 0 0
2012 04/08/2012 135.07342227878 2.74541259616396 0 0
2012 04/09/2012 135.07349143663 2.74541376583068 0 0
2012 04/10/2012 135.07539370623 2.74544593891642 0 0
2012 04/11/2012 135.07539370623 2.74544593891642 0 0
2012 04/12/2012 135.07539370623 2.74544593891642 0 0
2012 04/13/2012 135.07539370623 2.74544593891642 0 0
2012 04/14/2012 135.07539370623 2.74544593891642 0 0
2012 04/15/2012 135.07539370623 2.74544593891642 0 0
2012 04/16/2012 135.07539370623 2.74544593891642 0 0
2012 04/17/2012 135.07539370623 2.74544593891642 0 0
2012 04/18/2012 135.07539370623 2.74544593891642 0 0
2012 04/19/2012 135.07539370623 2.74544593891642 0 0
2012 04/20/2012 135.07539370623 2.74544593891642 0 0
2012 04/21/2012 135.07539370623 2.74544593891642 0 0
2012 04/22/2012 135.07539370623 2.74544593891642 0 0
2012 04/23/2012 135.07539370623 2.74544593891642 0 0
2012 04/24/2012 135.07539370623 2.74544593891642 0 0
2012 04/25/2012 135.07539370623 2.74544593891642 0 0
2012 04/26/2012 135.07539370623 2.74544593891642 0 0
2012 04/27/2012 135.07539370623 2.74544593891642 0 0
2012 04/28/2012 135.07539370623 2.74544593891642 0 0
2012 04/29/2012 135.07539370623 2.74544593891642 0 0
2012 04/30/2012 135.07539370623 2.74544593891642 0 0
2012 05/01/2012 135.07539370623 2.74544593891642 0 0
2012 05/02/2012 135.07539370623 2.74544593891642 0 0
2012 05/03/2012 135.07539370623 2.74544593891642 0 0
2012 05/04/2012 135.07539370623 2.74544593891642 0 0
2012 05/05/2012 135.07539370623 2.74544593891642 0 0
2012 05/06/2012 135.07539370623 2.74544593891642 0 0
2012 05/07/2012 135.49303811188 2.77089677135233 0 0
2012 05/08/2012 139.04948076753 2.98762283034498 0 0
2012 05/09/2012 139.04966408778 2.9876340016977 0 0
2012 05/10/2012 139.04966408778 2.9876340016977 0 0
2012 05/11/2012 139.04966408778 2.9876340016977 0 0
2012 05/12/2012 139.04966408778 2.9876340016977 0 0
2012 05/13/2012 139.04966408778 2.9876340016977 0 0
2012 05/14/2012 139.04966408778 2.9876340016977 0 0
2012 05/15/2012 139.04966408778 2.9876340016977 0 0
2012 05/16/2012 139.04966408778 2.9876340016977 0 0
2012 05/17/2012 139.04966408778 2.9876340016977 0 0
2012 05/18/2012 139.04966408778 2.9876340016977 0 0
2012 05/19/2012 139.04966408778 2.9876340016977 0 0
2012 05/20/2012 139.04966408778 2.9876340016977 0 0
2012 05/21/2012 139.04966408778 2.9876340016977 0 0
2012 05/22/2012 139.04966408778 2.9876340016977 0 0
2012 05/23/2012 139.04966408778 2.9876340016977 0 0
2012 05/24/2012 139.04966408778 2.9876340016977 0 0
2012 05/25/2012 139.04966408778 2.9876340016977 0 0
2012 05/26/2012 139.04966408778 2.9876340016977 0 0
2012 05/27/2012 139.04966408778 2.9876340016977 0 0
2012 05/28/2012 139.04966408778 2.9876340016977 0 0
2012 05/29/2012 139.04966408778 2.9876340016977 0 0
2012 05/30/2012 139.04966408778 2.9876340016977 0 0
2012 05/31/2012 139.04966408778 2.9876340016977 0 0
2012 06/01/2012 139.04966408778 2.9876340016977 0 0
2012 06/02/2012 139.04966408778 2.9876340016977 0 0
2012 06/03/2012 139.04966408778 2.9876340016977 0 0
2012 06/04/2012 139.04966408778 2.9876340016977 0 0
2012 06/05/2012 139.04966408778 2.9876340016977 0 0
2012 06/06/2012 139.04966408778 2.9876340016977 0 0
2012 06/07/2012 139.04966408778 2.9876340016977 0 0
2012 06/08/2012 139.04966408778 2.9876340016977 0 0
2012 06/09/2012 139.04966408778 2.9876340016977 0 0
2012 06/10/2012 139.04966408778 2.9876340016977 0 0
2012 06/11/2012 139.04966408778 2.9876340016977 0 0
2012 06/12/2012 139.04966408778 2.9876340016977 0 0
2012 06/13/2012 139.04966408778 2.9876340016977 0 0
2012 06/14/2012 139.04966408778 2.9876340016977 0 0
2012 06/15/2012 139.04966408778 2.9876340016977 0 0
2012 06/16/2012 139.04966408778 2.9876340016977 0 0
2012 06/17/2012 139.04966408778 2.9876340016977 0 0
2012 06/18/2012 139.04966408778 2.9876340016977 0 0
2012 06/19/2012 139.04966408778 2.9876340016977 0 0
2012 06/20/2012 139.04966408778 2.9876340016977 0 0
2012 06/21/2012 139.04966408778 2.9876340016977 0 0
2012 06/22/2012 139.04966408778 2.9876340016977 0 0
2012 06/23/2012 139.04966408778 2.9876340016977 0 0
2012 06/24/2012 139.04966408778 2.9876340016977 0 0
2012 06/25/2012 139.04966408778 2.9876340016977 0 0
2012 06/26/2012 139.04966408778 2.9876340016977 0 0
2012 06/27/2012 139.04966408778 2.9876340016977 0 0
2012 06/28/2012 139.04966408778 2.9876340016977 0 0
2012 06/29/2012 139.04966408778 2.9876340016977 0 0
2012 06/30/2012 139.04966408778 2.9876340016977 0 0
2012 07/01/2012 139.04966408778 2.9876340016977 0 0
2012 07/02/2012 139.04966408778 2.9876340016977 0 0
2012 07/03/2012 139.04966408778 2.9876340016977 0 0
2012 07/04/2012 139.04966408778 2.9876340016977 0 0
2012 07/05/2012 139.04966408778 2.9876340016977 0 0
2012 07/06/2012 139.04966408778 2.9876340016977 0 0
2012 07/07/2012 139.04966408778 2.9876340016977 0 0
2012 07/08/2012 139.04966408778 2.9876340016977 0 0
2012 07/09/2012 139.04966408778 2.9876340016977 0 0
2012 07/10/2012 139.04966408778 2.9876340016977 0 0
2012 07/11/2012 139.04966408778 2.9876340016977 0 0
2012 07/12/2012 139.04966408778 2.9876340016977 0 0
2012 07/13/2012 139.04966408778 2.9876340016977 0 0
2012 07/14/2012 139.04966408778 2.9876340016977 0 0
2012 07/15/2012 139.04966408778 2.9876340016977 0 0
2012 07/16/2012 139.04966408778 2.9876340016977 0 0
2012 07/17/2012 139.04966408778 2.9876340016977 0 0
2012 07/18/2012 139.04966408778 2.9876340016977 0 0
2012 07/19/2012 139.04966408778 2.9876340016977 0 0
2012 07/20/2012 139.04966408778 2.9876340016977 0 0
2012 07/21/2012 139.04966408778 2.9876340016977 0 0
2012 07/22/2012 139.04966408778 2.9876340016977 0 0
2012 07/23/2012 139.04966408778 2.9876340016977 0 0
2012 07/24/2012 139.04966408778 2.9876340016977 0 0
2012 07/25/2012 139.04966408778 2.9876340016977 0 0
2012 07/26/2012 139.04966408778 2.9876340016977 0 0
2012 07/27/2012 139.04966408778 2.9876340016977 0 0
2012 07/28/2012 139.04966408778 2.9876340016977 0 0
2012 07/29/2012 139.04966408778 2.9876340016977 0 0
2012 07/30/2012 139.04966408778 2.9876340016977 0 0
2012 07/31/2012 139.04966408778 2.9876340016977 0 0
2012 08/01/2012 139.04966408778 2.9876340016977 0 0
2012 08/02/2012 139.04966408778 2.9876340016977 0 0
2012 08/03/2012 139.04966408778 2.9876340016977 0 0
2012 08/04/2012 139.04966408778 2.9876340016977 0 0
2012 08/05/2012 139.09708253058 2.99052363418349 0 0
2012 08/06/2012 139.09708253058 2.99052363418349 0 0
2012 08/07/2012 139.09708253058 2.99052363418349 0 0
2012 08/08/2012 139.09708253058 2.99052363418349 0 0
2012 08/09/2012 139.09708253058 2.99052363418349 0 0
2012 08/10/2012 139.27805851773 2.99734715280299 0 0
2012 08/11/2012 139.27846454703 2.99736246173172 0 0
2012 08/12/2012 139.27846454703 2.99736246173172 0 0
2012 08/13/2012 139.27846454703 2.99736246173172 0 0
2012 08/14/2012 139.27846454703 2.99736246173172 0 0
2012 08/15/2012 139.27846454703 2.99736246173172 0 0
2012 08/16/2012 139.27846454703 2.99736246173172 0 0
2012 08/17/2012 139.27846454703 2.99736246173172 0 0
2012 08/18/2012 139.27846454703 2.99736246173172 0 0
2012 08/19/2012 139.27846454703 2.99736246173172 0 0
2012 08/20/2012 139.27846454703 2.99736246173172 0 0
2012 08/21/2012 139.27846454703 2.99736246173172 0 0
2012 08/22/2012 139.27846454703 2.99736246173172 0 0
2012 08/23/2012 139.27846454703 2.99736246173172 0 0
2012 08/24/2012 139.27846454703 2.99736246173172 0 0
2012 08/25/2012 139.27846454703 2.99736246173172 0 0
2012 08/26/2012 139.27846454703 2.99736246173172 0 0
2012 08/27/2012 139.27846454703 2.99736246173172 0 0
2012 08/28/2012 139.27846454703 2.99736246173172 0 0
2012 08/29/2012 139.27846454703 2.99736246173172 0 0
2012 08/30/2012 139.27846454703 2.99736246173172 0 0
2012 08/31/2012 139.27846454703 2.99736246173172 0 0
2012 09/01/2012 139.27846454703 2.99736246173172 0 0
2012 09/02/2012 139.27846454703 2.99736246173172 0 0
2012 09/03/2012 139.27846454703 2.99736246173172 0 0
2012 09/04/2012 139.27846454703 2.99736246173172 0 0
2012 09/05/2012 139.27846454703 2.99736246173172 0 0
2012 09/06/2012 139.27846454703 2.99736246173172 0 0
2012 09/07/2012 139.27846454703 2.99736246173172 0 0
2012 09/08/2012 143.16179264703 3.20256916852002 0 0
2012 09/09/2012 146.11165362703 3.35844867228616 0 0
2012 09/10/2012 146.82338875703 3.39605889176075 0 0
2012 09/11/2012 147.18698245703 3.41527227364985 0 0
2012 09/12/2012 147.38528028403 3.42575092572201 0 0
2012 09/13/2012 147.51683384303 3.43270261044025 0 0
2012 09/14/2012 147.63749500003 3.45923539555876 0 0
2012 09/15/2012 147.70335573223 3.47371784126588 0 0
2012 09/16/2012 147.77934114718 3.49042665408631 0 0
2012 09/17/2012 147.85638165553 3.50736747666993 0 0
2012 09/18/2012 148.13707992253 3.5690916220919 0 0
2012 09/19/2012 148.24622855698 3.59309286106428 0 0
2012 09/20/2012 148.36361995298 3.6189066420877 0 0
2012 09/21/2012 148.91359968788 3.73984443589354 0 0
2012 09/22/2012 155.02580398788 5.08388760044204 0 0
2012 09/23/2012 156.10854441788 5.32197680729689 0 0
2012 09/24/2012 156.76461884788 5.46624429408174 0 0
2012 09/25/2012 157.24720392788 5.57236234024834 0 0
2012 09/26/2012 164.08699983788 7.07639926187779 0 0
2012 09/27/2012 180.96935083788 10.7887438350228 0 0
2012 09/28/2012 186.67047013788 11.2339727467563 0 0
2012 09/29/2012 188.12067189788 11.3472262532035 0 0
2012 09/30/2012 189.08912475788 11.4228575793052 0 0
2012 10/01/2012 189.80974275788 11.4791342420152 0 0
2012 10/02/2012 192.83471331788 11.7153693178984 0 0
2012 10/03/2012 195.90487621788 11.9551336895739 0 0
2012 10/04/2012 196.92095430788 12.0344843080124 0 0
2012 10/05/2012 199.62054459788 12.24530881171 0 0
2012 10/06/2012 213.60352729788 13.3373098456665 0 0
2012 10/07/2012 216.11252569788 13.5332500757145 0 0
2012 10/08/2012 217.26608893788 13.6233375969423 0 0
2012 10/09/2012 218.19028030788 13.6955123219824 0 0
2012 10/10/2012 218.83964989788 13.7462248401135 0 0
2012 10/11/2012 219.28249880788 13.7808091257399 0 0
2012 10/12/2012 219.53077408838 13.8001981837706 0 0
2012 10/13/2012 219.86463597838 13.8263302216247 0 0
2012 10/14/2012 220.22276096838 13.8543613808419 0 0
2012 10/15/2012 220.68248323838 13.8903447623594 0 0
2012 10/16/2012 221.09698561838 13.9227886926467 0 0
2012 10/17/2012 221.51613333838 13.9555962229866 0 0
2012 10/18/2012 222.09729807838 14.0010851495159 0 0
2012 10/19/2012 222.89887058838 14.0638258330186 0 0
2012 10/20/2012 223.44347405838 14.1064530358224 0 0
2012 10/21/2012 223.76273611738 14.1314423157045 0 0
2012 10/22/2012 224.00542727038 14.1504382376321 0 0
2012 10/23/2012 224.22053290038 14.1672749855034 0 0
2012 10/24/2012 224.35449467138 14.1817046776667 0 0
2012 10/25/2012 224.48743553238 14.1960244025093 0 0
2012 10/26/2012 224.78475140038 14.2280497812309 0 0
2012 10/27/2012 226.78837700038 14.4438703127349 0 0
2012 10/28/2012 228.24280340038 14.6005338524109 0 0
2012 10/29/2012 229.69278480038 14.7567185989119 0 0
2012 10/30/2012 232.60252660038 15.0701414368989 0 0
2012 10/31/2012 235.98380280038 15.4343556027819 0 0
2012 11/01/2012 240.68565730038 15.9408158602494 0 0
2012 11/02/2012 242.83691160038 16.1725382171739 0 0
2012 11/03/2012 244.28148257038 16.3049288128615 0 0
2012 11/04/2012 245.45659189038 16.4126240567116 0 0
2012 11/05/2012 246.11846194038 16.4732824611839 0 0
2012 11/06/2012 246.78283679038 16.5341704230619 0 0
2012 11/07/2012 247.31351685038 16.5871041670067 0 0
2012 11/08/2012 247.61020099238 16.6166975201188 0 0
2012 11/09/2012 247.84592923038 16.6402107046746 0 0
2012 11/10/2012 247.92174916097 16.6477735152911 0 0
2012 11/11/2012 247.96325895999 16.651913993214 0 0
2012 11/12/2012 249.65031833899 16.8201931050911 0 0
2012 11/13/2012 250.80366350099 16.9352358249651 0 0
2012 11/14/2012 251.91887789099 17.0278365366244 0 0
2012 11/15/2012 252.74331443099 17.0962928002867 0 0
2012 11/16/2012 253.118130447 17.1274152733601 0 0
2012 11/17/2012 253.210624017 17.1350953844515 0 0
2012 11/18/2012 253.23415863541 17.1370495579565 0 0
2012 11/19/2012 253.24368151607 17.1378402808292 0 0
2012 11/20/2012 253.30525847847 17.1429532623252 0 0
2012 11/21/2012 253.30525847847 17.1429532623252 0 0
2012 11/22/2012 253.30525847847 17.1429532623252 0 0
2012 11/23/2012 253.30525847847 17.1429532623252 0 0
2012 11/24/2012 253.30525847847 17.1429532623252 0 0
2012 11/25/2012 253.30525847847 17.1429532623252 0 0
2012 11/26/2012 253.30525847847 17.1429532623252 0 0
2012 11/27/2012 253.30525847847 17.1429532623252 0 0
2012 11/28/2012 253.30525847847 17.1429532623252 0 0
2012 11/29/2012 253.30525847847 17.1429532623252 0 0
2012 11/30/2012 253.30525847847 17.1429532623252 0 0
2012 12/01/2012 253.30525847847 17.1429532623252 0 0
2012 12/02/2012 253.30525847847 17.1429532623252 0 0
2012 12/03/2012 253.30525847847 17.1429532623252 0 0
2012 12/04/2012 253.30525847847 17.1429532623252 0 0
2012 12/05/2012 253.30525847847 17.1429532623252 0 0
2012 12/06/2012 253.30525847847 17.1429532623252 0 0
2012 12/07/2012 253.31378873647 17.1435629539855 0 0
2012 12/08/2012 255.31674968647 17.2813145903608 0 0
2012 12/09/2012 256.25009116647 17.3455042173063 0 0
2012 12/10/2012 257.53784878647 17.4340684598642 0 0
2012 12/11/2012 258.23490396647 17.4820077328135 0 0
2012 12/12/2012 258.36191922391 17.4907430801287 0 0
2012 12/13/2012 258.47032400949 17.4981985108521 0 0
2012 12/14/2012 258.54495263606 17.5033310200159 0 0
2012 12/15/2012 258.62642410603 17.5089341388916 0 0
2012 12/16/2012 258.63645082424 17.5096237164098 0 0
2012 12/17/2012 258.65114735341 17.5106344555069 0 0
2012 12/18/2012 258.65123504484 17.5106404863973 0 0
2012 12/19/2012 258.65123504484 17.5106404863973 0 0
2012 12/20/2012 261.70932175484 17.7209573417908 0 0
2012 12/21/2012 265.48193695484 17.9804151795556 0 0
2012 12/22/2012 267.05599685484 18.0886695751182 0 0
2012 12/23/2012 268.11607863484 18.161575639456 0 0
2012 12/24/2012 268.72083567484 18.2031672001249 0 0
2012 12/25/2012 268.93332003564 18.2177805995546 0 0
2012 12/26/2012 269.63880775564 18.2662998120099 0 0
2012 12/27/2012 269.71532396011 18.2715621374561 0 0
2012 12/28/2012 269.76739824885 18.2751434945899 0 0
2012 12/29/2012 269.95603465665 18.2881167748999 0 0
2012 12/30/2012 269.95603465665 18.2881167748999 0 0
2012 12/31/2012 270.07702785415 18.2964379610648 0 0
2013 01/01/2013 0.07023972519 0.00540740524375215 0 0
2013 01/02/2013 0.10461433394 0.0080537344983709 0 0
2013 01/03/2013 0.138915474961 0.0106944078398726 0 0
2013 01/04/2013 0.140320570323 0.0108025791063162 0 0
2013 01/05/2013 0.140320726657 0.0108025911416891 0 0
2013 01/06/2013 0.141805364172 0.0109168859607814 0 0
2013 01/07/2013 0.141805364172 0.0109168859607814 0 0
2013 01/08/2013 0.141805364172 0.0109168859607814 0 0
2013 01/09/2013 2.444195341172 0.264672494885859 0 0
2013 01/10/2013 5.389362641172 0.589271163688059 0 0
2013 01/11/2013 6.883957841172 0.753996479060859 0 0
2013 01/12/2013 8.606836541172 0.943881832102659 0 0
2013 01/13/2013 8.606836541172 0.943881832102659 0 0
2013 01/14/2013 8.800995941172 0.965280916214259 0 0
2013 01/15/2013 10.457565751172 1.16940013506284 0 0
2013 01/16/2013 11.035433789172 1.24060387896912 0 0
2013 01/17/2013 11.090509708872 1.24739022364272 0 0
2013 01/18/2013 11.092196496769 1.24759806627381 0 0
2013 01/19/2013 11.100390427963 1.24860770608767 0 0
2013 01/20/2013 11.101267856563 1.24871582108491 0 0
2013 01/21/2013 11.117931716747 1.25076910860906 0 0
2013 01/22/2013 11.130824536747 1.25235773610382 0 0
2013 01/23/2013 11.130824536747 1.25235773610382 0 0
2013 01/24/2013 11.130824536747 1.25235773610382 0 0
2013 01/25/2013 11.130824536747 1.25235773610382 0 0
2013 01/26/2013 11.130824536747 1.25235773610382 0 0
2013 01/27/2013 11.130824536747 1.25235773610382 0 0
2013 01/28/2013 11.130824536747 1.25235773610382 0 0
2013 01/29/2013 11.698140349337 1.32226125589953 0 0
2013 01/30/2013 13.651684859337 1.56297310333271 0 0
2013 01/31/2013 16.607002559337 1.84125763923551 0 0
2013 02/01/2013 17.396256449337 1.91557694253347 0 0
2013 02/02/2013 18.070387919337 1.97905585827455 0 0
2013 02/03/2013 18.425879260337 2.01253034490848 0 0
2013 02/04/2013 18.572691582337 2.02635478039729 0 0
2013 02/05/2013 18.611381802044 2.02999800624578 0 0
2013 02/06/2013 18.611381802044 2.02999800624578 0 0
2013 02/07/2013 18.611381802044 2.02999800624578 0 0
2013 02/08/2013 19.449289833478 2.10889877811773 0 0
2013 02/09/2013 19.794464305478 2.14140178709914 0 0
2013 02/10/2013 20.127315805478 2.17274441574514 0 0
2013 02/11/2013 20.188549053718 2.17851038333241 0 0
2013 02/12/2013 20.201425643666 2.17972289454827 0 0
2013 02/13/2013 20.254065875666 2.18467970935432 0 0
2013 02/14/2013 20.254065875666 2.18467970935432 0 0
2013 02/15/2013 20.254065875666 2.18467970935432 0 0
2013 02/16/2013 20.254065875666 2.18467970935432 0 0
2013 02/17/2013 20.254065875666 2.18467970935432 0 0
2013 02/18/2013 20.254065875666 2.18467970935432 0 0
2013 02/19/2013 20.254065875666 2.18467970935432 0 0
2013 02/20/2013 20.254065875666 2.18467970935432 0 0
2013 02/21/2013 20.254065875666 2.18467970935432 0 0
2013 02/22/2013 20.254065875666 2.18467970935432 0 0
2013 02/23/2013 20.254065875666 2.18467970935432 0 0
2013 02/24/2013 20.254065875666 2.18467970935432 0 0
2013 02/25/2013 20.254065875666 2.18467970935432 0 0
2013 02/26/2013 21.401135135666 2.30577007578622 0 0
2013 02/27/2013 24.406075235666 2.62298657744272 0 0
2013 02/28/2013 26.949590445666 2.89149276058637 0 0
2013 03/01/2013 28.635482915666 3.06946399918192 0 0
2013 03/02/2013 29.250061865666 3.13434202603867 0 0
2013 03/03/2013 29.400319478613 3.15020397094942 0 0
2013 03/04/2013 29.424055878798 3.15270970403495 0 0
2013 03/05/2013 29.815211818798 3.19400208084105 0 0
2013 03/06/2013 29.911632197498 3.20418069811851 0 0
2013 03/07/2013 30.272266873665 3.24225109770808 0 0
2013 03/08/2013 31.799306857665 3.40345307361904 0 0
2013 03/09/2013 35.874221787665 3.83653503237944 0 0
2013 03/10/2013 39.230596187665 4.19325050361144 0 0
2013 03/11/2013 42.023373377665 4.49006686336464 0 0
2013 03/12/2013 44.220558207665 4.72358366709704 0 0
2013 03/13/2013 45.005686007665 4.80702704968104 0 0
2013 03/14/2013 45.174011524146 4.82491668557264 0 0
2013 03/15/2013 45.347287510834 4.84333245743784 0 0
2013 03/16/2013 45.613460023734 4.87162127210886 0 0
2013 03/17/2013 45.817007649734 4.89325431380014 0 0
2013 03/18/2013 50.301565269734 5.36987309765374 0 0
2013 03/19/2013 52.974113069734 5.65391147783774 0 0
2013 03/20/2013 54.006840439734 5.76366974272134 0 0
2013 03/21/2013 54.475593479734 5.81348881581254 0 0
2013 03/22/2013 54.616907326379 5.82850765143397 0 0
2013 03/23/2013 54.672321794169 5.83414535314352 0 0
2013 03/24/2013 54.926766115469 5.86003175505962 0 0
2013 03/25/2013 55.122088386993 5.87990325699765 0 0
2013 03/26/2013 55.315113735693 5.89954107689834 0 0
2013 03/27/2013 59.541706665693 6.32954196181776 0 0
2013 03/28/2013 62.565938565693 6.63721824262806 0 0
2013 03/29/2013 63.711136619693 6.75372725704785 0 0
2013 03/30/2013 64.280626239693 6.80906570240249 0 0
2013 03/31/2013 64.673965679693 6.84728728246617 0 0
2013 04/01/2013 64.813385996693 6.8608350335097 0 0
2013 04/02/2013 64.926988105593 6.87187397763573 0 0
2013 04/03/2013 65.009206667123 6.87986331969672 0 0
2013 04/04/2013 65.130504421823 6.89165006511643 0 0
2013 04/05/2013 65.229236104373 6.90124402017318 0 0
2013 04/06/2013 65.263231085843 6.90454738051258 0 0
2013 04/07/2013 65.284274939543 6.90659225386432 0 0
2013 04/08/2013 65.285432433543 6.90670472987129 0 0
2013 04/09/2013 65.285432433543 6.90670472987129 0 0
2013 04/10/2013 68.051740013543 7.17551237003504 0 0
2013 04/11/2013 68.051740013543 7.17551237003504 0 0
2013 04/12/2013 68.051740013543 7.17551237003504 0 0
2013 04/13/2013 69.435637313543 7.30998843847065 0 0
2013 04/14/2013 70.176581203543 7.38198743814973 0 0
2013 04/15/2013 70.462777679543 7.4097977221156 0 0
2013 04/16/2013 71.575118200543 7.51225874452647 0 0
2013 04/17/2013 77.036359100543 8.01531002754817 0 0
2013 04/18/2013 78.150926050543 8.11797613301352 0 0
2013 04/19/2013 82.200856090543 8.49102733878804 0 0
2013 04/20/2013 83.405883820543 8.60202605808153 0 0
2013 04/21/2013 83.879641670543 8.64566531491858 0 0
2013 04/22/2013 84.218781825543 8.6769045320161 0 0
2013 04/23/2013 84.441676353543 8.69743601567376 0 0
2013 04/24/2013 88.998056233543 9.1171378355602 0 0
2013 04/25/2013 92.276500133543 9.4191251385209 0 0
2013 04/26/2013 93.003303653543 9.48607319115866 0 0
2013 04/27/2013 93.439609563543 9.52174163560707 0 0
2013 04/28/2013 93.878747163543 9.55764157354467 0 0
2013 04/29/2013 94.933814013543 9.64389434359902 0 0
2013 04/30/2013 95.221529655543 9.66741538504816 0 0
2013 05/01/2013 95.292570237123 9.67322302363291 0 0
2013 05/02/2013 95.334360026873 9.67663938073476 0 0
2013 05/03/2013 95.406306396373 9.68252106838775 0 0
2013 05/04/2013 95.444503102073 9.68564368727544 0 0
2013 05/05/2013 95.498344970173 9.69004531383448 0 0
2013 05/06/2013 95.562914209333 9.69532391370505 0 0
2013 05/07/2013 95.597662402753 9.69816461326532 0 0
2013 05/08/2013 95.623705576173 9.70029366873558 0 0
2013 05/09/2013 95.630797920113 9.70087347494502 0 0
2013 05/10/2013 95.699461466113 9.70648678849407 0 0
2013 05/11/2013 95.804887049113 9.7151054353299 0 0
2013 05/12/2013 95.907488472113 9.72349320426157 0 0
2013 05/13/2013 96.027714207713 9.73332177837261 0 0
2013 05/14/2013 96.186233636713 9.74615091428101 0 0
2013 05/15/2013 96.245237127773 9.75092612581599 0 0
2013 05/16/2013 96.248262503683 9.75117097251376 0 0
2013 05/17/2013 96.251052687043 9.75139678484327 0 0
2013 05/18/2013 96.253492498573 9.7515942412302 0 0
2013 05/19/2013 96.254796597983 9.75169978329955 0 0
2013 05/20/2013 96.256455487063 9.75183403885169 0 0
2013 05/21/2013 96.265205797513 9.75254221022671 0 0
2013 05/22/2013 96.283425849493 9.75401677725351 0 0
2013 05/23/2013 96.301722979783 9.75549758230501 0 0
2013 05/24/2013 96.309671943003 9.75614089984736 0 0
2013 05/25/2013 96.324172033913 9.75728455101762 0 0
2013 05/26/2013 96.342306373833 9.75871484267579 0 0
2013 05/27/2013 96.382657433003 9.76189741141465 0 0
2013 05/28/2013 96.422756119023 9.76506007497841 0 0
2013 05/29/2013 96.426071850913 9.76532159338404 0 0
2013 05/30/2013 96.427512971823 9.76543525747246 0 0
2013 05/31/2013 96.435313609313 9.76605050935257 0 0
2013 06/01/2013 96.494234030013 9.77069768077402 0 0
2013 06/02/2013 96.540065224513 9.77431247874662 0 0
2013 06/03/2013 96.568609899433 9.77656385434691 0 0
2013 06/04/2013 96.584730033673 9.77783528157469 0 0
2013 06/05/2013 96.593329610053 9.77851354736293 0 0
2013 06/06/2013 96.655773869073 9.78353150557352 0 0
2013 06/07/2013 96.681157773293 9.78557133073274 0 0
2013 06/08/2013 96.695007632693 9.78668429158426 0 0
2013 06/09/2013 96.695011837783 9.78668462950109 0 0
2013 06/10/2013 96.699187518823 9.78702018305378 0 0
2013 06/11/2013 96.704944790923 9.78748283168247 0 0
2013 06/12/2013 96.706403343593 9.78760003951647 0 0
2013 06/13/2013 98.059807522793 9.89635824595281 0 0
2013 06/14/2013 98.388817072793 9.92279712438126 0 0
2013 06/15/2013 98.552558446793 9.93595521745452 0 0
2013 06/16/2013 98.693313399793 9.94726614472265 0 0
2013 06/17/2013 98.760850396393 9.95269335023243 0 0
2013 06/18/2013 98.835784300893 9.95871496386414 0 0
2013 06/19/2013 98.852197045523 9.96003387560987 0 0
2013 06/20/2013 98.865327219823 9.9610821755958 0 0
2013 06/21/2013 98.869887393073 9.96144625526791 0 0
2013 06/22/2013 98.882004584183 9.96241367968894 0 0
2013 06/23/2013 98.894091989733 9.96337872606065 0 0
2013 06/24/2013 98.906270768313 9.9643510675637 0 0
2013 06/25/2013 98.920892239643 9.96551843121321 0 0
2013 06/26/2013 98.963654993093 9.96893256668591 0 0
2013 06/27/2013 99.011334014393 9.97273921206748 0 0
2013 06/28/2013 99.048522448743 9.97570829947755 0 0
2013 06/29/2013 99.797016261283 10.0354672969769 0 0
2013 06/30/2013 102.861696061283 10.2801482675291 0 0
2013 07/01/2013 104.072588931283 10.3768247433771 0 0
2013 07/02/2013 104.580777291283 10.4173979938511 0 0
2013 07/03/2013 104.758378041283 10.4315774601303 0 0
2013 07/04/2013 104.843510080283 10.4321557620713 0 0
2013 07/05/2013 104.905705448983 10.4325782552109 0 0
2013 07/06/2013 104.947261764473 10.432860547262 0 0
2013 07/07/2013 104.973629865763 10.433039665774 0 0
2013 07/08/2013 104.996168086333 10.4331927679064 0 0
2013 07/09/2013 105.041202716233 10.4334986881473 0 0
2013 07/10/2013 105.041202716233 10.4334986881473 0 0
2013 07/11/2013 105.041202716233 10.4334986881473 0 0
2013 07/12/2013 105.041202716233 10.4334986881473 0 0
2013 07/13/2013 105.041202716233 10.4334986881473 0 0
2013 07/14/2013 105.041202716233 10.4334986881473 0 0
2013 07/15/2013 105.041202716233 10.4334986881473 0 0
2013 07/16/2013 105.041202716233 10.4334986881473 0 0
2013 07/17/2013 105.041202716233 10.4334986881473 0 0
2013 07/18/2013 105.041202716233 10.4334986881473 0 0
2013 07/19/2013 105.041202716233 10.4334986881473 0 0
2013 07/20/2013 105.041202716233 10.4334986881473 0 0
2013 07/21/2013 105.041202716233 10.4334986881473 0 0
2013 07/22/2013 105.041202716233 10.4334986881473 0 0
2013 07/23/2013 105.041202716233 10.4334986881473 0 0
2013 07/24/2013 105.041202716233 10.4334986881473 0 0
2013 07/25/2013 105.041202716233 10.4334986881473 0 0
2013 07/26/2013 105.041202716233 10.4334986881473 0 0
2013 07/27/2013 105.041202716233 10.4334986881473 0 0
2013 07/28/2013 105.041202716233 10.4334986881473 0 0
2013 07/29/2013 105.041202716233 10.4334986881473 0 0
2013 07/30/2013 105.041202716233 10.4334986881473 0 0
2013 07/31/2013 105.041202716233 10.4334986881473 0 0
2013 08/01/2013 105.041202716233 10.4334986881473 0 0
2013 08/02/2013 105.041202716233 10.4334986881473 0 0
2013 08/03/2013 105.041202716233 10.4334986881473 0 0
2013 08/04/2013 105.041202716233 10.4334986881473 0 0
2013 08/05/2013 105.041202716233 10.4334986881473 0 0
2013 08/06/2013 105.041202716233 10.4334986881473 0 0
2013 08/07/2013 105.041202716233 10.4334986881473 0 0
2013 08/08/2013 105.041202716233 10.4334986881473 0 0
2013 08/09/2013 105.041202716233 10.4334986881473 0 0
2013 08/10/2013 105.041202716233 10.4334986881473 0 0
2013 08/11/2013 105.041202716233 10.4334986881473 0 0
2013 08/12/2013 105.041202716233 10.4334986881473 0 0
2013 08/13/2013 105.041202716233 10.4334986881473 0 0
2013 08/14/2013 105.041202716233 10.4334986881473 0 0
2013 08/15/2013 105.041202716233 10.4334986881473 0 0
2013 08/16/2013 105.041202716233 10.4334986881473 0 0
2013 08/17/2013 105.041202716233 10.4334986881473 0 0
2013 08/18/2013 105.041202716233 10.4334986881473 0 0
2013 08/19/2013 105.041202716233 10.4334986881473 0 0
2013 08/20/2013 105.041202716233 10.4334986881473 0 0
2013 08/21/2013 105.041202716233 10.4334986881473 0 0
2013 08/22/2013 105.041202716233 10.4334986881473 0 0
2013 08/23/2013 105.041202716233 10.4334986881473 0 0
2013 08/24/2013 105.041202716233 10.4334986881473 0 0
2013 08/25/2013 105.041202716233 10.4334986881473 0 0
2013 08/26/2013 105.041202716233 10.4334986881473 0 0
2013 08/27/2013 105.041202716233 10.4334986881473 0 0
2013 08/28/2013 105.041202716233 10.4334986881473 0 0
2013 08/29/2013 105.041202716233 10.4334986881473 0 0
2013 08/30/2013 105.041202716233 10.4334986881473 0 0
2013 08/31/2013 105.041202716233 10.4334986881473 0 0
2013 09/01/2013 105.041202716233 10.4334986881473 0 0
2013 09/02/2013 105.041202716233 10.4334986881473 0 0
2013 09/03/2013 105.041202716233 10.4334986881473 0 0
2013 09/04/2013 105.041202716233 10.4334986881473 0 0
2013 09/05/2013 105.041202716233 10.4334986881473 0 0
2013 09/06/2013 105.041202716233 10.4334986881473 0 0
2013 09/07/2013 105.041202716233 10.4334986881473 0 0
2013 09/08/2013 105.041202716233 10.4334986881473 0 0
2013 09/09/2013 105.041202716233 10.4334986881473 0 0
2013 09/10/2013 105.041202716233 10.4334986881473 0 0
2013 09/11/2013 105.041202716233 10.4334986881473 0 0
2013 09/12/2013 105.041202716233 10.4334986881473 0 0
2013 09/13/2013 105.041202716233 10.4334986881473 0 0
2013 09/14/2013 105.041202716233 10.4334986881473 0 0
2013 09/15/2013 105.041202716233 10.4334986881473 0 0
2013 09/16/2013 105.041202716233 10.4334986881473 0 0
2013 09/17/2013 105.041202716233 10.4334986881473 0 0
2013 09/18/2013 105.041202716233 10.4334986881473 0 0
2013 09/19/2013 105.041202716233 10.4334986881473 0 0
2013 09/20/2013 105.041202716233 10.4334986881473 0 0
2013 09/21/2013 105.041202716233 10.4334986881473 0 0
2013 09/22/2013 105.041202716233 10.4334986881473 0 0
2013 09/23/2013 105.041202716233 10.4334986881473 0 0
2013 09/24/2013 105.041202716233 10.4334986881473 0 0
2013 09/25/2013 105.041202716233 10.4334986881473 0 0
2013 09/26/2013 105.041202716233 10.4334986881473 0 0
2013 09/27/2013 105.041202716233 10.4334986881473 0 0
2013 09/28/2013 105.041202716233 10.4334986881473 0 0
2013 09/29/2013 105.041202716233 10.4334986881473 0 0
2013 09/30/2013 105.041202716233 10.4334986881473 0 0
2013 10/01/2013 105.041202716233 10.4334986881473 0 0
2013 10/02/2013 105.041202716233 10.4334986881473 0 0
2013 10/03/2013 105.041202716233 10.4334986881473 0 0
2013 10/04/2013 105.041202716233 10.4334986881473 0 0
2013 10/05/2013 105.041202716233 10.4334986881473 0 0
2013 10/06/2013 105.041202716233 10.4334986881473 0 0
2013 10/07/2013 105.041202716233 10.4334986881473 0 0
2013 10/08/2013 105.041202716233 10.4334986881473 0 0
2013 10/09/2013 105.041202716233 10.4334986881473 0 0
2013 10/10/2013 105.041202716233 10.4334986881473 0 0
2013 10/11/2013 105.041202716233 10.4334986881473 0 0
2013 10/12/2013 105.041202716233 10.4334986881473 0 0
2013 10/13/2013 105.041202716233 10.4334986881473 0 0
2013 10/14/2013 105.041202716233 10.4334986881473 0 0
2013 10/15/2013 105.041202716233 10.4334986881473 0 0
2013 10/16/2013 105.041202716233 10.4334986881473 0 0
2013 10/17/2013 105.041202716233 10.4334986881473 0 0
2013 10/18/2013 105.041202716233 10.4334986881473 0 0
2013 10/19/2013 105.041202716233 10.4334986881473 0 0
2013 10/20/2013 105.041202716233 10.4334986881473 0 0
2013 10/21/2013 105.041202716233 10.4334986881473 0 0
2013 10/22/2013 105.041202716233 10.4334986881473 0 0
2013 10/23/2013 105.041202716233 10.4334986881473 0 0
2013 10/24/2013 105.041202716233 10.4334986881473 0 0
2013 10/25/2013 105.041202716233 10.4334986881473 0 0
2013 10/26/2013 105.041202716233 10.4334986881473 0 0
2013 10/27/2013 105.041202716233 10.4334986881473 0 0
2013 10/28/2013 105.041202716233 10.4334986881473 0 0
2013 10/29/2013 105.041202716233 10.4334986881473 0 0
2013 10/30/2013 105.041202716233 10.4334986881473 0 0
2013 10/31/2013 105.041202716233 10.4334986881473 0 0
2013 11/01/2013 105.041259250573 10.4335016002311 0 0
2013 11/02/2013 105.041259250573 10.4335016002311 0 0
2013 11/03/2013 105.041259250573 10.4335016002311 0 0
2013 11/04/2013 105.041259250573 10.4335016002311 0 0
2013 11/05/2013 105.041259250573 10.4335016002311 0 0
2013 11/06/2013 105.041259250573 10.4335016002311 0 0
2013 11/07/2013 105.041259250573 10.4335016002311 0 0
2013 11/08/2013 105.041259250573 10.4335016002311 0 0
2013 11/09/2013 105.041259250573 10.4335016002311 0 0
2013 11/10/2013 105.041259250573 10.4335016002311 0 0
2013 11/11/2013 105.041259250573 10.4335016002311 0 0
2013 11/12/2013 105.041259250573 10.4335016002311 0 0
2013 11/13/2013 105.041259250573 10.4335016002311 0 0
2013 11/14/2013 105.041259250573 10.4335016002311 0 0
2013 11/15/2013 105.041259250573 10.4335016002311 0 0
2013 11/16/2013 105.041259250573 10.4335016002311 0 0
2013 11/17/2013 105.041259250573 10.4335016002311 0 0
2013 11/18/2013 105.041259250573 10.4335016002311 0 0
2013 11/19/2013 105.041259250573 10.4335016002311 0 0
2013 11/20/2013 105.041259250573 10.4335016002311 0 0
2013 11/21/2013 105.041259250573 10.4335016002311 0 0
2013 11/22/2013 105.041259250573 10.4335016002311 0 0
2013 11/23/2013 105.041259250573 10.4335016002311 0 0
2013 11/24/2013 105.041259250573 10.4335016002311 0 0
2013 11/25/2013 105.041259250573 10.4335016002311 0 0
2013 11/26/2013 105.041259250573 10.4335016002311 0 0
2013 11/27/2013 105.041259250573 10.4335016002311 0 0
2013 11/28/2013 105.041259250573 10.4335016002311 0 0
2013 11/29/2013 105.041259250573 10.4335016002311 0 0
2013 11/30/2013 105.041259250573 10.4335016002311 0 0
2013 12/01/2013 105.041259250573 10.4335016002311 0 0
2013 12/02/2013 105.041259250573 10.4335016002311 0 0
2013 12/03/2013 105.041259250573 10.4335016002311 0 0
2013 12/04/2013 105.041259250573 10.4335016002311 0 0
2013 12/05/2013 105.041259250573 10.4335016002311 0 0
2013 12/06/2013 105.041259250573 10.4335016002311 0 0
2013 12/07/2013 105.041259250573 10.4335016002311 0 0
2013 12/08/2013 105.041259250573 10.4335016002311 0 0
2013 12/09/2013 105.041259250573 10.4335016002311 0 0
2013 12/10/2013 105.041259250573 10.4335016002311 0 0
2013 12/11/2013 105.041259250573 10.4335016002311 0 0
2013 12/12/2013 105.041259250573 10.4335016002311 0 0
2013 12/13/2013 105.041259250573 10.4335016002311 0 0
2013 12/14/2013 105.041259250573 10.4335016002311 0 0
2013 12/15/2013 105.041259250573 10.4335016002311 0 0
2013 12/16/2013 105.041259250573 10.4335016002311 0 0
2013 12/17/2013 105.041259250573 10.4335016002311 0 0
2013 12/18/2013 105.041259250573 10.4335016002311 0 0
2013 12/19/2013 105.041259250573 10.4335016002311 0 0
2013 12/20/2013 110.314289127073 11.2462969714546 0 0
2013 12/21/2013 114.326207527073 11.6890522860786 0 0
2013 12/22/2013 114.326207527073 11.6890522860786 0 0
2013 12/23/2013 115.003244427073 11.7637700783626 0 0
2013 12/24/2013 119.814297927073 12.2947179426226 0 0
2013 12/25/2013 121.871786527073 12.5217823845186 0 0
2013 12/26/2013 122.960035537073 12.6418815452622 0 0
2013 12/27/2013 123.307405442073 12.680217287978 0 0
2013 12/28/2013 123.501435795753 12.7016304778101 0 0
2013 12/29/2013 123.896943375753 12.7452786943389 0 0
2013 12/30/2013 123.923413763543 12.7481999663354 0 0
2013 12/31/2013 123.923413763543 12.7481999663354 0 0
2014 01/01/2014 0 0 0 0
2014 01/02/2014 0 0 0 0
2014 01/03/2014 0 0 0 0
2014 01/04/2014 0 0 0 0
2014 01/05/2014 3.355220179 0.266515204478507 0 0
2014 01/06/2014 15.623072179 1.24098749239451 0 0
2014 01/07/2014 20.190512179 1.60379295391451 0 0
2014 01/08/2014 21.913404759 1.74064748022165 0 0
2014 01/09/2014 22.48499641795 1.78605072046702 0 0
2014 01/10/2014 24.27195796795 1.92799443726817 0 0
2014 01/11/2014 46.03669396795 3.65683271195617 0 0
2014 01/12/2014 54.66171416795 4.34194394150277 0 0
2014 01/13/2014 59.46647326795 4.72360037109307 0 0
2014 01/14/2014 63.90234586795 5.07595503932887 0 0
2014 01/15/2014 66.86214306795 5.31106061031647 0 0
2014 01/16/2014 69.13261616795 5.53500645406187 0 0
2014 01/17/2014 70.73049356795 5.69261149353347 0 0
2014 01/18/2014 71.77055153795 5.79519657134645 0 0
2014 01/19/2014 72.63039134795 5.88000601116599 0 0
2014 01/20/2014 73.0003760858 5.91649908579909 0 0
2014 01/21/2014 73.0003760858 5.91649908579909 0 0
2014 01/22/2014 73.0003760858 5.91649908579909 0 0
2014 01/23/2014 73.0003760858 5.91649908579909 0 0
2014 01/24/2014 73.0003760858 5.91649908579909 0 0
2014 01/25/2014 73.0003760858 5.91649908579909 0 0
2014 01/26/2014 73.0003760858 5.91649908579909 0 0
2014 01/27/2014 73.0003760858 5.91649908579909 0 0
2014 01/28/2014 73.0003760858 5.91649908579909 0 0
2014 01/29/2014 73.0003760858 5.91649908579909 0 0
2014 01/30/2014 73.0003760858 5.91649908579909 0 0
2014 01/31/2014 73.0003760858 5.91649908579909 0 0
2014 02/01/2014 74.6860340248 6.08276227095442 0 0
2014 02/02/2014 85.2041021248 7.12020139992982 0 0
2014 02/03/2014 88.9099727248 7.48572624069021 0 0
2014 02/04/2014 91.1074286248 7.70247010593082 0 0
2014 02/05/2014 93.0152208748 7.89064328671731 0 0
2014 02/06/2014 93.3641961479 7.92506411380426 0 0
2014 02/07/2014 93.5841266828 7.94675674218359 0 0
2014 02/08/2014 93.58951535625 7.94728824860065 0 0
2014 02/09/2014 93.6008287263 7.94840413154217 0 0
2014 02/10/2014 93.6008287263 7.94840413154217 0 0
2014 02/11/2014 93.6008287263 7.94840413154217 0 0
2014 02/12/2014 93.6008287263 7.94840413154217 0 0
2014 02/13/2014 93.6008287263 7.94840413154217 0 0
2014 02/14/2014 93.6008287263 7.94840413154217 0 0
2014 02/15/2014 93.6008287263 7.94840413154217 0 0
2014 02/16/2014 93.6008287263 7.94840413154217 0 0
2014 02/17/2014 93.6008287263 7.94840413154217 0 0
2014 02/18/2014 93.6008287263 7.94840413154217 0 0
2014 02/19/2014 95.0211893913 8.08849998537378 0 0
2014 02/20/2014 109.9898789913 9.56492171538018 0 0
2014 02/21/2014 141.0064459913 12.6242097848582 0 0
2014 02/22/2014 153.3944654913 13.8460897002212 0 0
2014 02/23/2014 161.5424332913 14.6497563562064 0 0
2014 02/24/2014 166.0758655913 15.0969069176846 0 0
2014 02/25/2014 168.6774600913 15.3535125895976 0 0
2014 02/26/2014 170.8575651913 15.5740411209881 0 0
2014 02/27/2014 172.8069885913 15.7712350450151 0 0
2014 02/28/2014 173.31147399205 15.8222662657279 0 0
2014 03/01/2014 173.4977447956 15.841108488861 0 0
2014 03/02/2014 173.4977447956 15.841108488861 0 0
2014 03/03/2014 173.4977447956 15.841108488861 0 0
2014 03/04/2014 173.4977447956 15.841108488861 0 0
2014 03/05/2014 173.4977447956 15.841108488861 0 0
2014 03/06/2014 173.4977447956 15.841108488861 0 0
2014 03/07/2014 173.4977447956 15.841108488861 0 0
2014 03/08/2014 173.4977447956 15.841108488861 0 0
2014 03/09/2014 173.4977447956 15.841108488861 0 0
2014 03/10/2014 173.5101095793 15.8423592485562 0 0
2014 03/11/2014 175.5334155293 16.0470267619285 0 0
2014 03/12/2014 188.9550868293 17.40469592228 0 0
2014 03/13/2014 195.6434858293 18.081260923125 0 0
2014 03/14/2014 205.7420587293 19.1027820648245 0 0
2014 03/15/2014 214.2708315293 19.9655100774085 0 0
2014 03/16/2014 218.8716140293 20.430902231196 0 0
2014 03/17/2014 222.2659181293 20.7742530624315 0 0
2014 03/18/2014 224.1983512293 20.969728332662 0 0
2014 03/19/2014 225.8012343293 21.1318679726425 0 0
2014 03/20/2014 227.1747572293 21.270806681592 0 0
2014 03/21/2014 228.5292578293 21.407821189785 0 0
2014 03/22/2014 229.1496110931 21.4705730241847 0 0
2014 03/23/2014 229.14962233425 21.4705741612832 0 0
2014 03/24/2014 229.14962233425 21.4705741612832 0 0
2014 03/25/2014 229.14962233425 21.4705741612832 0 0
2014 03/26/2014 229.14962233425 21.4705741612832 0 0
2014 03/27/2014 229.14962233425 21.4705741612832 0 0
2014 03/28/2014 229.5827562923 21.5143878268097 0 0
2014 03/29/2014 230.9673922623 21.6544506783551 0 0
2014 03/30/2014 235.0558310623 22.0680167051691 0 0
2014 03/31/2014 239.5140768623 22.5189905590681 0 0
2014 04/01/2014 242.3445810623 22.8053102114191 0 0
2014 04/02/2014 243.8836873623 22.9609985091956 0 0
2014 04/03/2014 269.4937373623 25.5515831169456 0 0
2014 04/04/2014 297.6306863623 28.3977761930406 0 0
2014 04/05/2014 306.5219861623 29.2971756243096 0 0
2014 04/06/2014 309.8335124623 29.614678142901 0 0
2014 04/07/2014 316.4602025623 30.2500319363088 0 0
2014 04/08/2014 333.5483101623 31.8884055167816 0 0
2014 04/09/2014 337.9897211623 32.3142391206396 0 0
2014 04/10/2014 340.5300098623 32.5577969206182 0 0
2014 04/11/2014 355.3826275623 33.9818362004588 0 0
2014 04/12/2014 360.8079002623 34.5020004963894 0 0
2014 04/13/2014 363.6069283623 34.7703657125612 0 0
2014 04/14/2014 365.6586018623 34.9670760643942 0 0
2014 04/15/2014 375.6724039623 35.927179382138 0 0
2014 04/16/2014 379.9886220623 36.3410097411298 0 0
2014 04/17/2014 382.3409047623 36.5665419018404 0 0
2014 04/18/2014 383.8668419623 36.712845708702 0 0
2014 04/19/2014 384.8260054223 36.8048083829199 0 0
2014 04/20/2014 385.7555345023 36.8939297720521 0 0
2014 04/21/2014 387.6634556223 37.0768574331955 0 0
2014 04/22/2014 388.5769286723 37.1760277213957 0 0
2014 04/23/2014 389.1240707723 37.2354276563401 0 0
2014 04/24/2014 389.8504849523 37.3142900853776 0 0
2014 04/25/2014 390.7932268523 37.4166379170092 0 0
2014 04/26/2014 391.6844223223 37.5133896620143 0 0
2014 04/27/2014 392.5092617523 37.6029375298928 0 0
2014 04/28/2014 404.3737223523 38.8909908304712 0 0
2014 04/29/2014 414.2226032523 39.9602247364988 0 0
2014 04/30/2014 420.1072491523 40.5990854339864 0 0
2014 05/01/2014 422.3100815523 40.8044334703144 0 0
2014 05/02/2014 423.6892199523 40.9329967519624 0 0
2014 05/03/2014 424.7453798223 41.0314519750438 0 0
2014 05/04/2014 425.4350283223 41.0957410082138 0 0
2014 05/05/2014 426.0710556823 41.155031478713 0 0
2014 05/06/2014 426.6174128623 41.2059628950326 0 0
2014 05/07/2014 427.1305470523 41.2537972642244 0 0
2014 05/08/2014 427.5821381023 41.2958945819054 0 0
2014 05/09/2014 428.1021568223 41.3443707269838 0 0
2014 05/10/2014 428.5023255923 41.3816744597232 0 0
2014 05/11/2014 428.8676334523 41.4157284584324 0 0
2014 05/12/2014 433.4626984123 41.8440804140036 0 0
2014 05/13/2014 435.1708350123 42.0033129078556 0 0
2014 05/14/2014 436.2442540123 42.1033770270356 0 0
2014 05/15/2014 438.8333191123 42.3447296756576 0 0
2014 05/16/2014 440.2647233123 42.4781651751816 0 0
2014 05/17/2014 441.0934919323 42.555422985938 0 0
2014 05/18/2014 441.7156097523 42.6134168091184 0 0
2014 05/19/2014 442.2938115923 42.6673167846432 0 0
2014 05/20/2014 442.9169718923 42.7254077878092 0 0
2014 05/21/2014 443.4634145823 42.776347175371 0 0
2014 05/22/2014 443.8696383323 42.814215353346 0 0
2014 05/23/2014 444.2149344123 42.8464038539236 0 0
2014 05/24/2014 444.5345649523 42.8761998128624 0 0
2014 05/25/2014 444.8680827423 42.9072903412462 0 0
2014 05/26/2014 445.2272212423 42.9407692322162 0 0
2014 05/27/2014 445.5066441123 42.9668170321576 0 0
2014 05/28/2014 445.6285681803 42.9786496410329 0 0
2014 05/29/2014 445.7135219713 42.9868943214957 0 0
2014 05/30/2014 445.7834292833 42.993678756218 0 0
2014 05/31/2014 445.8512171023 43.0002574962641 0 0
2014 06/01/2014 445.9438421313 43.0092466627035 0 0
2014 06/02/2014 446.0726782633 43.021750080478 0 0
2014 06/03/2014 446.2629369833 43.0402144989953 0 0
2014 06/04/2014 447.2675074633 43.1377070595088 0 0
2014 06/05/2014 448.3200730033 43.2398574926002 0 0
2014 06/06/2014 448.7680011133 43.2833284677476 0 0
2014 06/07/2014 449.0916947333 43.3094816174692 0 0
2014 06/08/2014 461.0557982033 44.2761333214313 0 0
2014 06/09/2014 463.4120025033 44.4665052040541 0 0
2014 06/10/2014 464.3280098233 44.5405149314808 0 0
2014 06/11/2014 464.9136971333 44.5878361233796 0 0
2014 06/12/2014 465.2539899633 44.6153304228722 0 0
2014 06/13/2014 465.4607077633 44.632032394241 0 0
2014 06/14/2014 465.5838738703 44.6419837230222 0 0
2014 06/15/2014 465.7207499603 44.6530427635898 0 0
2014 06/16/2014 465.8304067143 44.661902590686 0 0
2014 06/17/2014 465.9631713543 44.6726294425395 0 0
2014 06/18/2014 466.0759915583 44.6817448637418 0 0
2014 06/19/2014 501.0919561483 47.5108947387555 0 0
2014 06/20/2014 511.2043158483 48.3279329530767 0 0
2014 06/21/2014 513.1718660483 48.4869031390359 0 0
2014 06/22/2014 513.9883974083 48.5528756067985 0 0
2014 06/23/2014 514.5050472783 48.594618849695 0 0
2014 06/24/2014 520.3859584183 49.0697729461624 0 0
2014 06/25/2014 545.6501028183 51.1110147571048 0 0
2014 06/26/2014 567.9507929183 52.9080266660529 0 0
2014 06/27/2014 569.6437905183 53.0444501056585 0 0
2014 06/28/2014 570.7032719183 53.1298241763519 0 0
2014 06/29/2014 571.5711382183 53.1997577106722 0 0
2014 06/30/2014 572.3477957983 53.2623415551262 0 0
2014 07/01/2014 574.1001793383 53.4035503731629 0 0
2014 07/02/2014 574.9755999383 53.4740926405315 0 0
2014 07/03/2014 575.2761867183 53.4983142238507 0 0
2014 07/04/2014 575.2761867183 53.4983142238507 0 0
2014 07/05/2014 575.2761867183 53.4983142238507 0 0
2014 07/06/2014 575.2761867183 53.4983142238507 0 0
2014 07/07/2014 575.2761867183 53.4983142238507 0 0
2014 07/08/2014 577.2321877233 53.5601101636017 0 0
2014 07/09/2014 578.6363322233 53.6044713007902 0 0
2014 07/10/2014 578.87247199765 53.6119316646812 0 0
2014 07/11/2014 578.87247199765 53.6119316646812 0 0
2014 07/12/2014 578.87247199765 53.6119316646812 0 0
2014 07/13/2014 578.87247199765 53.6119316646812 0 0
2014 07/14/2014 578.87247199765 53.6119316646812 0 0
2014 07/15/2014 578.87247199765 53.6119316646812 0 0
2014 07/16/2014 578.87247199765 53.6119316646812 0 0
2014 07/17/2014 578.87247199765 53.6119316646812 0 0
2014 07/18/2014 578.87247199765 53.6119316646812 0 0
2014 07/19/2014 578.87247199765 53.6119316646812 0 0
2014 07/20/2014 578.87247199765 53.6119316646812 0 0
2014 07/21/2014 578.87247199765 53.6119316646812 0 0
2014 07/22/2014 578.87247199765 53.6119316646812 0 0
2014 07/23/2014 578.87247199765 53.6119316646812 0 0
2014 07/24/2014 578.87247199765 53.6119316646812 0 0
2014 07/25/2014 578.87247199765 53.6119316646812 0 0
2014 07/26/2014 578.87247199765 53.6119316646812 0 0
2014 07/27/2014 581.69486139765 53.7010994129954 0 0
2014 07/28/2014 583.48403962765 53.7576249208158 0 0
2014 07/29/2014 583.5126386184 53.7585284487306 0 0
2014 07/30/2014 583.5126386184 53.7585284487306 0 0
2014 07/31/2014 583.5126386184 53.7585284487306 0 0
2014 08/01/2014 583.5126386184 53.7585284487306 0 0
2014 08/02/2014 583.5126386184 53.7585284487306 0 0
2014 08/03/2014 583.5126386184 53.7585284487306 0 0
2014 08/04/2014 583.5126386184 53.7585284487306 0 0
2014 08/05/2014 583.5126386184 53.7585284487306 0 0
2014 08/06/2014 583.5126386184 53.7585284487306 0 0
2014 08/07/2014 583.5126386184 53.7585284487306 0 0
2014 08/08/2014 583.5126386184 53.7585284487306 0 0
2014 08/09/2014 583.5126386184 53.7585284487306 0 0
2014 08/10/2014 583.5126386184 53.7585284487306 0 0
2014 08/11/2014 583.5126386184 53.7585284487306 0 0
2014 08/12/2014 583.5126386184 53.7585284487306 0 0
2014 08/13/2014 583.5126386184 53.7585284487306 0 0
2014 08/14/2014 583.5126386184 53.7585284487306 0 0
2014 08/15/2014 583.5126386184 53.7585284487306 0 0
2014 08/16/2014 583.5126386184 53.7585284487306 0 0
2014 08/17/2014 583.5126386184 53.7585284487306 0 0
2014 08/18/2014 583.5126386184 53.7585284487306 0 0
2014 08/19/2014 583.5126386184 53.7585284487306 0 0
2014 08/20/2014 583.5126386184 53.7585284487306 0 0
2014 08/21/2014 583.5126386184 53.7585284487306 0 0
2014 08/22/2014 583.5126386184 53.7585284487306 0 0
2014 08/23/2014 583.5126386184 53.7585284487306 0 0
2014 08/24/2014 583.5126386184 53.7585284487306 0 0
2014 08/25/2014 583.5126386184 53.7585284487306 0 0
2014 08/26/2014 583.5126386184 53.7585284487306 0 0
2014 08/27/2014 583.5126386184 53.7585284487306 0 0
2014 08/28/2014 583.5126386184 53.7585284487306 0 0
2014 08/29/2014 583.5126386184 53.7585284487306 0 0
2014 08/30/2014 583.5126386184 53.7585284487306 0 0
2014 08/31/2014 583.5126386184 53.7585284487306 0 0
2014 09/01/2014 583.5126386184 53.7585284487306 0 0
2014 09/02/2014 583.5126386184 53.7585284487306 0 0
2014 09/03/2014 583.5126386184 53.7585284487306 0 0
2014 09/04/2014 583.5126386184 53.7585284487306 0 0
2014 09/05/2014 583.5126386184 53.7585284487306 0 0
2014 09/06/2014 583.5126386184 53.7585284487306 0 0
2014 09/07/2014 583.5126386184 53.7585284487306 0 0
2014 09/08/2014 583.5126386184 53.7585284487306 0 0
2014 09/09/2014 583.5126386184 53.7585284487306 0 0
2014 09/10/2014 583.5126386184 53.7585284487306 0 0
2014 09/11/2014 583.5126386184 53.7585284487306 0 0
2014 09/12/2014 583.5126386184 53.7585284487306 0 0
2014 09/13/2014 583.5126386184 53.7585284487306 0 0
2014 09/14/2014 583.5126386184 53.7585284487306 0 0
2014 09/15/2014 583.5126386184 53.7585284487306 0 0
2014 09/16/2014 583.5126386184 53.7585284487306 0 0
2014 09/17/2014 583.5126386184 53.7585284487306 0 0
2014 09/18/2014 583.5126386184 53.7585284487306 0 0
2014 09/19/2014 583.5126386184 53.7585284487306 0 0
2014 09/20/2014 583.5126386184 53.7585284487306 0 0
2014 09/21/2014 583.5126386184 53.7585284487306 0 0
2014 09/22/2014 583.5126386184 53.7585284487306 0 0
2014 09/23/2014 583.5126386184 53.7585284487306 0 0
2014 09/24/2014 583.5126386184 53.7585284487306 0 0
2014 09/25/2014 583.5126386184 53.7585284487306 0 0
2014 09/26/2014 583.5126386184 53.7585284487306 0 0
2014 09/27/2014 583.5126386184 53.7585284487306 0 0
2014 09/28/2014 583.5126386184 53.7585284487306 0 0
2014 09/29/2014 583.5126386184 53.7585284487306 0 0
2014 09/30/2014 583.5126386184 53.7585284487306 0 0
2014 10/01/2014 583.5126386184 53.7585284487306 0 0
2014 10/02/2014 583.5126386184 53.7585284487306 0 0
2014 10/03/2014 583.5126386184 53.7585284487306 0 0
2014 10/04/2014 583.5126386184 53.7585284487306 0 0
2014 10/05/2014 583.5126386184 53.7585284487306 0 0
2014 10/06/2014 583.5126386184 53.7585284487306 0 0
2014 10/07/2014 583.5126386184 53.7585284487306 0 0
2014 10/08/2014 583.5126386184 53.7585284487306 0 0
2014 10/09/2014 583.5126386184 53.7585284487306 0 0
2014 10/10/2014 583.5126386184 53.7585284487306 0 0
2014 10/11/2014 583.5126386184 53.7585284487306 0 0
2014 10/12/2014 583.5126386184 53.7585284487306 0 0
2014 10/13/2014 583.5126386184 53.7585284487306 0 0
2014 10/14/2014 583.5126386184 53.7585284487306 0 0
2014 10/15/2014 583.5126386184 53.7585284487306 0 0
2014 10/16/2014 583.5126386184 53.7585284487306 0 0
2014 10/17/2014 583.5126386184 53.7585284487306 0 0
2014 10/18/2014 583.5126386184 53.7585284487306 0 0
2014 10/19/2014 583.5126386184 53.7585284487306 0 0
2014 10/20/2014 583.5126386184 53.7585284487306 0 0
2014 10/21/2014 583.5126386184 53.7585284487306 0 0
2014 10/22/2014 583.5126386184 53.7585284487306 0 0
2014 10/23/2014 583.5126386184 53.7585284487306 0 0
2014 10/24/2014 583.5126386184 53.7585284487306 0 0
2014 10/25/2014 583.5126386184 53.7585284487306 0 0
2014 10/26/2014 583.5126386184 53.7585284487306 0 0
2014 10/27/2014 583.5126386184 53.7585284487306 0 0
2014 10/28/2014 583.5126386184 53.7585284487306 0 0
2014 10/29/2014 583.5126386184 53.7585284487306 0 0
2014 10/30/2014 583.5126386184 53.7585284487306 0 0
2014 10/31/2014 583.5126386184 53.7585284487306 0 0
2014 11/01/2014 583.5126386184 53.7585284487306 0 0
2014 11/02/2014 583.5126386184 53.7585284487306 0 0
2014 11/03/2014 583.5126386184 53.7585284487306 0 0
2014 11/04/2014 583.5126386184 53.7585284487306 0 0
2014 11/05/2014 583.5126386184 53.7585284487306 0 0
2014 11/06/2014 583.5126386184 53.7585284487306 0 0
2014 11/07/2014 583.5126386184 53.7585284487306 0 0
2014 11/08/2014 583.5126386184 53.7585284487306 0 0
2014 11/09/2014 583.5126386184 53.7585284487306 0 0
2014 11/10/2014 583.5126386184 53.7585284487306 0 0
2014 11/11/2014 583.5126386184 53.7585284487306 0 0
2014 11/12/2014 583.5126386184 53.7585284487306 0 0
2014 11/13/2014 583.5126386184 53.7585284487306 0 0
2014 11/14/2014 583.5126386184 53.7585284487306 0 0
2014 11/15/2014 583.5126386184 53.7585284487306 0 0
2014 11/16/2014 583.5126386184 53.7585284487306 0 0
2014 11/17/2014 583.5126386184 53.7585284487306 0 0
2014 11/18/2014 583.5126386184 53.7585284487306 0 0
2014 11/19/2014 583.5126386184 53.7585284487306 0 0
2014 11/20/2014 583.5126386184 53.7585284487306 0 0
2014 11/21/2014 583.5126386184 53.7585284487306 0 0
2014 11/22/2014 583.5126386184 53.7585284487306 0 0
2014 11/23/2014 583.5126386184 53.7585284487306 0 0
2014 11/24/2014 583.5126386184 53.7585284487306 0 0
2014 11/25/2014 583.5126386184 53.7585284487306 0 0
2014 11/26/2014 583.5126386184 53.7585284487306 0 0
2014 11/27/2014 583.5126386184 53.7585284487306 0 0
2014 11/28/2014 583.5126386184 53.7585284487306 0 0
2014 11/29/2014 583.5126386184 53.7585284487306 0 0
2014 11/30/2014 583.5126386184 53.7585284487306 0 0
2014 12/01/2014 583.5126386184 53.7585284487306 0 0
2014 12/02/2014 583.5126386184 53.7585284487306 0 0
2014 12/03/2014 583.5126386184 53.7585284487306 0 0
2014 12/04/2014 583.5126386184 53.7585284487306 0 0
2014 12/05/2014 583.5126386184 53.7585284487306 0 0
2014 12/06/2014 591.7463360984 54.2574905160186 0 0
2014 12/07/2014 595.2699057984 54.4710188398386 0 0
2014 12/08/2014 597.8745182984 54.6288583573386 0 0
2014 12/09/2014 599.1219159284 54.7044506537166 0 0
2014 12/10/2014 599.12827503665 54.7048360156765 0 0
2014 12/11/2014 599.12827503665 54.7048360156765 0 0
2014 12/12/2014 599.12827503665 54.7048360156765 0 0
2014 12/13/2014 599.12827503665 54.7048360156765 0 0
2014 12/14/2014 599.12827503665 54.7048360156765 0 0
2014 12/15/2014 599.12827503665 54.7048360156765 0 0
2014 12/16/2014 599.12827503665 54.7048360156765 0 0
2014 12/17/2014 599.12827503665 54.7048360156765 0 0
2014 12/18/2014 599.12827503665 54.7048360156765 0 0
2014 12/19/2014 599.12827503665 54.7048360156765 0 0
2014 12/20/2014 599.12827503665 54.7048360156765 0 0
2014 12/21/2014 599.12827503665 54.7048360156765 0 0
2014 12/22/2014 599.12827503665 54.7048360156765 0 0
2014 12/23/2014 599.12827503665 54.7048360156765 0 0
2014 12/24/2014 599.64302823165 54.7360300592935 0 0
2014 12/25/2014 602.31673933165 54.8980569519535 0 0
2014 12/26/2014 603.52646722165 54.9713664620875 0 0
2014 12/27/2014 603.71819823825 54.9829853616935 0 0
2014 12/28/2014 612.6034663554 55.5214326095928 0 0
2014 12/29/2014 615.9092245554 55.7217615565128 0 0
2014 12/30/2014 617.2296902554 55.8017817779328 0 0
2014 12/31/2014 617.7689535054 55.8344611308828 0 0
2015 01/01/2015 0.80520478785 0.023383147039164 0 0
2015 01/02/2015 0.80520478785 0.023383147039164 0 0
2015 01/03/2015 7.32049209785 0.212587090521564 0 0
2015 01/04/2015 29.78289209785 0.864895186521564 0 0
2015 01/05/2015 36.34660359785 1.05550536848156 0 0
2015 01/06/2015 39.73389729785 1.15387237752956 0 0
2015 01/07/2015 40.9008254346 1.18775997062078 0 0
2015 01/08/2015 41.4964615095 1.20505724223588 0 0
2015 01/09/2015 42.01433489155 1.22009628525061 0 0
2015 01/10/2015 42.01433489155 1.22009628525061 0 0
2015 01/11/2015 42.01433489155 1.22009628525061 0 0
2015 01/12/2015 42.01433489155 1.22009628525061 0 0
2015 01/13/2015 42.01433489155 1.22009628525061 0 0
2015 01/14/2015 42.01433489155 1.22009628525061 0 0
2015 01/15/2015 42.01433489155 1.22009628525061 0 0
2015 01/16/2015 42.01433489155 1.22009628525061 0 0
2015 01/17/2015 42.01433489155 1.22009628525061 0 0
2015 01/18/2015 42.01433489155 1.22009628525061 0 0
2015 01/19/2015 42.01433489155 1.22009628525061 0 0
2015 01/20/2015 43.27593581315 1.25673317601388 0 0
2015 01/21/2015 46.53508061315 1.35137874100588 0 0
2015 01/22/2015 49.15661381315 1.42750806513388 0 0
2015 01/23/2015 51.64044611315 1.49963855512588 0 0
2015 01/24/2015 54.08497391315 1.57062764243788 0 0
2015 01/25/2015 55.06080501315 1.59896577758188 0 0
2015 01/26/2015 55.07657268305 1.59942367071577 0 0
2015 01/27/2015 55.07657268305 1.59942367071577 0 0
2015 01/28/2015 55.07657268305 1.59942367071577 0 0
2015 01/29/2015 55.07657268305 1.59942367071577 0 0
2015 01/30/2015 55.07657268305 1.59942367071577 0 0
2015 01/31/2015 55.07657268305 1.59942367071577 0 0
2015 02/01/2015 55.62771426105 1.62549266735517 0 0
2015 02/02/2015 58.42105826105 1.75761783855517 0 0
2015 02/03/2015 58.83495792105 1.77719529247317 0 0
2015 02/04/2015 58.9058579675 1.78054886467026 0 0
2015 02/05/2015 58.9058579675 1.78054886467026 0 0
2015 02/06/2015 58.9058579675 1.78054886467026 0 0
2015 02/07/2015 58.9058579675 1.78054886467026 0 0
2015 02/08/2015 69.6478618824 2.28864564984503 0 0
2015 02/09/2015 78.7414998824 2.71877472724503 0 0
2015 02/10/2015 81.7559207824 2.86135683581503 0 0
2015 02/11/2015 83.4964766824 2.94368512988503 0 0
2015 02/12/2015 83.7750227511 2.95686035893454 0 0
2015 02/13/2015 83.7750227511 2.95686035893454 0 0
2015 02/14/2015 83.7750227511 2.95686035893454 0 0
2015 02/15/2015 83.7750227511 2.95686035893454 0 0
2015 02/16/2015 83.7750227511 2.95686035893454 0 0
2015 02/17/2015 83.7750227511 2.95686035893454 0 0
2015 02/18/2015 83.7750227511 2.95686035893454 0 0
2015 02/19/2015 83.7750227511 2.95686035893454 0 0
2015 02/20/2015 83.7750227511 2.95686035893454 0 0
2015 02/21/2015 83.7750227511 2.95686035893454 0 0
2015 02/22/2015 83.7750227511 2.95686035893454 0 0
2015 02/23/2015 83.7750227511 2.95686035893454 0 0
2015 02/24/2015 83.7750227511 2.95686035893454 0 0
2015 02/25/2015 83.7750227511 2.95686035893454 0 0
2015 02/26/2015 83.7750227511 2.95686035893454 0 0
2015 02/27/2015 83.7750227511 2.95686035893454 0 0
2015 02/28/2015 83.7750227511 2.95686035893454 0 0
2015 03/01/2015 83.7750227511 2.95686035893454 0 0
2015 03/02/2015 83.7750227511 2.95686035893454 0 0
2015 03/03/2015 83.7750227511 2.95686035893454 0 0
2015 03/04/2015 83.7750227511 2.95686035893454 0 0
2015 03/05/2015 83.7750227511 2.95686035893454 0 0
2015 03/06/2015 83.7750227511 2.95686035893454 0 0
2015 03/07/2015 83.7750227511 2.95686035893454 0 0
2015 03/08/2015 83.7750227511 2.95686035893454 0 0
2015 03/09/2015 83.7750227511 2.95686035893454 0 0
2015 03/10/2015 85.1525484001 3.03317527988914 0 0
2015 03/11/2015 95.0599733001 3.58204661934914 0 0
2015 03/12/2015 106.2793221001 4.62163147915714 0 0
2015 03/13/2015 120.4386501001 5.93363481163714 0 0
2015 03/14/2015 155.1377221001 9.14885082315714 0 0
2015 03/15/2015 172.9690071001 10.8010976912571 0 0
2015 03/16/2015 183.8489418001 11.8092324405591 0 0
2015 03/17/2015 193.2696580001 12.6821560036511 0 0
2015 03/18/2015 197.4355471001 13.0681672876571 0 0
2015 03/19/2015 199.8813774001 13.2947979232551 0 0
2015 03/20/2015 201.4566206001 13.4407599581671 0 0
2015 03/21/2015 202.2923846621 13.5182018561521 0 0
2015 03/22/2015 202.29364729115 13.5183188513598 0 0
2015 03/23/2015 202.29364729115 13.5183188513598 0 0
2015 03/24/2015 202.29364729115 13.5183188513598 0 0
2015 03/25/2015 212.92498828115 14.5034189074932 0 0
2015 03/26/2015 231.53844868115 15.7039871032932 0 0
2015 03/27/2015 240.87230808115 16.3060210345932 0 0
2015 03/28/2015 244.45635018115 16.5371917500432 0 0
2015 03/29/2015 246.47672348115 16.6675058278932 0 0
2015 03/30/2015 247.54703164115 16.7365407042132 0 0
2015 03/31/2015 247.86162169795 16.7568317628768 0 0
2015 04/01/2015 247.86162169795 16.7568317628768 0 0
2015 04/02/2015 247.86162169795 16.7568317628768 0 0
2015 04/03/2015 249.43383938795 16.8582398038818 0 0
2015 04/04/2015 257.24387528795 17.3619871194318 0 0
2015 04/05/2015 260.41817388795 17.5667293791318 0 0
2015 04/06/2015 262.24287588795 17.6844226581318 0 0
2015 04/07/2015 265.02645408795 17.8639634520318 0 0
2015 04/08/2015 277.19965048795 18.6491346198318 0 0
2015 04/09/2015 297.91295478795 19.9851427471818 0 0
2015 04/10/2015 317.08095478795 21.2214787471818 0 0
2015 04/11/2015 322.42853518795 21.5663976829818 0 0
2015 04/12/2015 324.66611518795 21.7107215929818 0 0
2015 04/13/2015 326.50908688795 21.8295932676318 0 0
2015 04/14/2015 327.79501707795 21.9125357648868 0 0
2015 04/15/2015 328.86854567795 21.9817783595868 0 0
2015 04/16/2015 329.85752214795 22.0455673419018 0 0
2015 04/17/2015 330.91097674795 22.1135151636018 0 0
2015 04/18/2015 332.42696022795 22.2043225740538 0 0
2015 04/19/2015 335.58993282795 22.3937846327938 0 0
2015 04/20/2015 349.06989282795 23.2012342367938 0 0
2015 04/21/2015 356.02724962795 23.6179799091138 0 0
2015 04/22/2015 360.14796072795 23.8648105040038 0 0
2015 04/23/2015 362.70121712795 24.0177505623638 0 0
2015 04/24/2015 364.71245242795 24.1382235568338 0 0
2015 04/25/2015 366.85880772795 24.2667902393038 0 0
2015 04/26/2015 368.92162132795 24.3903527739438 0 0
2015 04/27/2015 370.92329562795 24.5102530645138 0 0
2015 04/28/2015 372.67787537795 24.6153523915388 0 0
2015 04/29/2015 374.60880517795 24.7310150865588 0 0
2015 04/30/2015 376.60328077795 24.8504841749988 0 0
2015 05/01/2015 378.11704997795 24.9411589500788 0 0
2015 05/02/2015 379.46614821795 25.0219699346548 0 0
2015 05/03/2015 380.72392865795 25.0973109830108 0 0
2015 05/04/2015 381.88610574795 25.1669253907018 0 0
2015 05/05/2015 382.83146961795 25.2235526865148 0 0
2015 05/06/2015 383.78295248795 25.2805465104278 0 0
2015 05/07/2015 384.69302432795 25.3350598136438 0 0
2015 05/08/2015 385.63418352795 25.3914352497238 0 0
2015 05/09/2015 386.56462283795 25.4471685643928 0 0
2015 05/10/2015 387.40569379795 25.4975487148968 0 0
2015 05/11/2015 388.36384884795 25.5549422023918 0 0
2015 05/12/2015 389.45100305795 25.6200627395708 0 0
2015 05/13/2015 389.77371655733 25.6393932781837 0 0
2015 05/14/2015 390.19197745233 25.6982425861102 0 0
2015 05/15/2015 391.19390747233 25.8392141399242 0 0
2015 05/16/2015 394.64909255233 26.3253586806802 0 0
2015 05/17/2015 398.14705465233 26.8175219481502 0 0
2015 05/18/2015 400.10669525233 27.0932433805702 0 0
2015 05/19/2015 401.97378515233 27.3559429295002 0 0
2015 05/20/2015 403.75678965233 27.6068116626502 0 0
2015 05/21/2015 405.41025145233 27.8394537379102 0 0
2015 05/22/2015 406.73933532233 28.0264558384192 0 0
2015 05/23/2015 407.61528000233 28.1497012548952 0 0
2015 05/24/2015 408.45744690233 28.2681941377252 0 0
2015 05/25/2015 409.40736043233 28.4018469713962 0 0
2015 05/26/2015 411.22189961233 28.6571526340222 0 0
2015 05/27/2015 413.74241251233 29.0117887990522 0 0
2015 05/28/2015 415.15856992233 29.2110421466392 0 0
2015 05/29/2015 416.34641786233 29.3781723517972 0 0
2015 05/30/2015 419.12906776233 29.7696911927272 0 0
2015 05/31/2015 452.87069676233 34.5171383930272 0 0
2015 06/01/2015 476.87942336233 37.8951662256472 0 0
2015 06/02/2015 481.68673176233 38.5715545175272 0 0
2015 06/03/2015 483.96933456233 38.8927167314872 0 0
2015 06/04/2015 485.64966526233 39.0293276173972 0 0
2015 06/05/2015 487.10551526233 39.1476882223972 0 0
2015 06/06/2015 488.41597612233 39.2542286903152 0 0
2015 06/07/2015 489.69058674233 39.3578545337212 0 0
2015 06/08/2015 497.81403669233 40.0182910146562 0 0
2015 06/09/2015 518.35886549233 41.6885855960962 0 0
2015 06/10/2015 521.94662729233 41.9802706304362 0 0
2015 06/11/2015 523.60233029233 42.1148792843362 0 0
2015 06/12/2015 529.11646399233 42.5631783541462 0 0
2015 06/13/2015 541.14768349233 43.5413164994962 0 0
2015 06/14/2015 576.28289449233 46.3978091537962 0 0
2015 06/15/2015 600.19206819233 48.3416249756062 0 0
2015 06/16/2015 637.07363619233 51.3400964540062 0 0
2015 06/17/2015 673.95520419233 54.3385679324062 0 0
2015 06/18/2015 710.83677219233 57.3370394108062 0 0
2015 06/19/2015 747.71834019233 60.3355108892062 0 0
2015 06/20/2015 782.68830619233 63.1785691250062 0 0
2015 06/21/2015 786.69274109233 63.5041296823762 0 0
2015 06/22/2015 788.23891930233 63.6298339708492 0 0
2015 06/23/2015 789.60265520233 63.7407056995192 0 0
2015 06/24/2015 790.70952500233 63.8306942142592 0 0
2015 06/25/2015 791.98429492233 63.9343330087552 0 0
2015 06/26/2015 797.37114782233 64.3722841495252 0 0
2015 06/27/2015 833.84869882233 67.3379090458252 0 0
2015 06/28/2015 850.49232072233 68.6910355062952 0 0
2015 06/29/2015 856.14205462233 69.1503588723652 0 0
2015 06/30/2015 863.83796662233 69.7760365179652 0 0
2015 07/01/2015 867.81095592233 70.0990405480552 0 0
2015 07/02/2015 869.54497892233 70.2400166179552 0 0
2015 07/03/2015 870.99245472233 70.3576964004952 0 0
2015 07/04/2015 872.34046728233 70.4672898216232 0 0
2015 07/05/2015 873.33324009233 70.5480022510762 0 0
2015 07/06/2015 874.17973191233 70.6168220360422 0 0
2015 07/07/2015 888.60322972233 71.7894524079952 0 0
2015 07/08/2015 905.01384832233 73.1236357001752 0 0
2015 07/09/2015 912.49013922233 73.7314581503452 0 0
2015 07/10/2015 917.23281052233 74.1170373270352 0 0
2015 07/11/2015 919.33313982233 74.2877940991252 0 0
2015 07/12/2015 927.54380162233 74.9553209034652 0 0
2015 07/13/2015 949.98037712233 76.7794144916152 0 0
2015 07/14/2015 986.86194512233 79.7778859700152 0 0
2015 07/15/2015 1023.74351312233 82.7763574484152 0 0
2015 07/16/2015 1032.53457662233 83.4910709109652 0 0
2015 07/17/2015 1034.16185737233 83.6233688359402 0 0
2015 07/18/2015 1035.18985224233 83.7069448188712 0 0
2015 07/19/2015 1037.74027602233 83.9142942721852 0 0
2015 07/20/2015 1053.29653762233 85.1790183402652 0 0
2015 07/21/2015 1054.56798979233 85.2823874016862 0 0
2015 07/22/2015 1055.35993119233 85.3467722375062 0 0
2015 07/23/2015 1055.84959646233 85.3865820239572 0 0
2015 07/24/2015 1056.00934088658 85.3995692456487 0 0
2015 07/25/2015 1056.01350225156 85.3999075646216 0 0
2015 07/26/2015 1056.01350225156 85.3999075646216 0 0
2015 07/27/2015 1056.01350225156 85.3999075646216 0 0
2015 07/28/2015 1056.01350225156 85.3999075646216 0 0
2015 07/29/2015 1056.01350225156 85.3999075646216 0 0
2015 07/30/2015 1056.01350225156 85.3999075646216 0 0
2015 07/31/2015 1056.01350225156 85.3999075646216 0 0
2015 08/01/2015 1056.01350225156 85.3999075646216 0 0
2015 08/02/2015 1056.01350225156 85.3999075646216 0 0
2015 08/03/2015 1057.26105326156 85.5013334617346 0 0
2015 08/04/2015 1057.57331479446 85.5267203243594 0 0
2015 08/05/2015 1057.57331479446 85.5267203243594 0 0
2015 08/06/2015 1057.57331479446 85.5267203243594 0 0
2015 08/07/2015 1057.57331479446 85.5267203243594 0 0
2015 08/08/2015 1057.57331479446 85.5267203243594 0 0
2015 08/09/2015 1057.57331479446 85.5267203243594 0 0
2015 08/10/2015 1059.02487549446 85.6447322092694 0 0
2015 08/11/2015 1059.81885456146 85.7092827074165 0 0
2015 08/12/2015 1059.81896509586 85.7092916938632 0 0
2015 08/13/2015 1059.81896509586 85.7092916938632 0 0
2015 08/14/2015 1059.81896509586 85.7092916938632 0 0
2015 08/15/2015 1059.81896509586 85.7092916938632 0 0
2015 08/16/2015 1059.81896509586 85.7092916938632 0 0
2015 08/17/2015 1059.81896509586 85.7092916938632 0 0
2015 08/18/2015 1059.81896509586 85.7092916938632 0 0
2015 08/19/2015 1059.81896509586 85.7092916938632 0 0
2015 08/20/2015 1059.81896509586 85.7092916938632 0 0
2015 08/21/2015 1059.81896509586 85.7092916938632 0 0
2015 08/22/2015 1059.81896509586 85.7092916938632 0 0
2015 08/23/2015 1059.81896509586 85.7092916938632 0 0
2015 08/24/2015 1059.81896509586 85.7092916938632 0 0
2015 08/25/2015 1059.81896509586 85.7092916938632 0 0
2015 08/26/2015 1059.81896509586 85.7092916938632 0 0
2015 08/27/2015 1059.81896509586 85.7092916938632 0 0
2015 08/28/2015 1059.81896509586 85.7092916938632 0 0
2015 08/29/2015 1059.81896509586 85.7092916938632 0 0
2015 08/30/2015 1059.81896509586 85.7092916938632 0 0
2015 08/31/2015 1059.81896509586 85.7092916938632 0 0
2015 09/01/2015 1059.81896509586 85.7092916938632 0 0
2015 09/02/2015 1059.81896509586 85.7092916938632 0 0
2015 09/03/2015 1059.81896509586 85.7092916938632 0 0
2015 09/04/2015 1059.81896509586 85.7092916938632 0 0
2015 09/05/2015 1059.81896509586 85.7092916938632 0 0
2015 09/06/2015 1059.81896509586 85.7092916938632 0 0
2015 09/07/2015 1059.81896509586 85.7092916938632 0 0
2015 09/08/2015 1059.81896509586 85.7092916938632 0 0
2015 09/09/2015 1059.81896509586 85.7092916938632 0 0
2015 09/10/2015 1059.81896509586 85.7092916938632 0 0
2015 09/11/2015 1059.81896509586 85.7092916938632 0 0
2015 09/12/2015 1059.81896509586 85.7092916938632 0 0
2015 09/13/2015 1059.81896509586 85.7092916938632 0 0
2015 09/14/2015 1059.81896509586 85.7092916938632 0 0
2015 09/15/2015 1059.81896509586 85.7092916938632 0 0
2015 09/16/2015 1059.81896509586 85.7092916938632 0 0
2015 09/17/2015 1059.81896509586 85.7092916938632 0 0
2015 09/18/2015 1059.81896509586 85.7092916938632 0 0
2015 09/19/2015 1059.81896509586 85.7092916938632 0 0
2015 09/20/2015 1059.81896509586 85.7092916938632 0 0
2015 09/21/2015 1059.81896509586 85.7092916938632 0 0
2015 09/22/2015 1059.81896509586 85.7092916938632 0 0
2015 09/23/2015 1059.81896509586 85.7092916938632 0 0
2015 09/24/2015 1059.81896509586 85.7092916938632 0 0
2015 09/25/2015 1059.81896509586 85.7092916938632 0 0
2015 09/26/2015 1059.81896509586 85.7092916938632 0 0
2015 09/27/2015 1059.81896509586 85.7092916938632 0 0
2015 09/28/2015 1059.81896509586 85.7092916938632 0 0
2015 09/29/2015 1059.81896509586 85.7092916938632 0 0
2015 09/30/2015 1059.81896509586 85.7092916938632 0 0
2015 10/01/2015 1059.81896509586 85.7092916938632 0 0
2015 10/02/2015 1059.81896509586 85.7092916938632 0 0
2015 10/03/2015 1059.81896509586 85.7092916938632 0 0
2015 10/04/2015 1059.81896509586 85.7092916938632 0 0
2015 10/05/2015 1059.81896509586 85.7092916938632 0 0
2015 10/06/2015 1059.81896509586 85.7092916938632 0 0
2015 10/07/2015 1059.81896509586 85.7092916938632 0 0
2015 10/08/2015 1059.81896509586 85.7092916938632 0 0
2015 10/09/2015 1059.81896509586 85.7092916938632 0 0
2015 10/10/2015 1059.81896509586 85.7092916938632 0 0
2015 10/11/2015 1059.81896509586 85.7092916938632 0 0
2015 10/12/2015 1059.81896509586 85.7092916938632 0 0
2015 10/13/2015 1059.81896509586 85.7092916938632 0 0
2015 10/14/2015 1059.81896509586 85.7092916938632 0 0
2015 10/15/2015 1059.81896509586 85.7092916938632 0 0
2015 10/16/2015 1059.81896509586 85.7092916938632 0 0
2015 10/17/2015 1059.81896509586 85.7092916938632 0 0
2015 10/18/2015 1059.81896509586 85.7092916938632 0 0
2015 10/19/2015 1059.81896509586 85.7092916938632 0 0
2015 10/20/2015 1059.81896509586 85.7092916938632 0 0
2015 10/21/2015 1059.81896509586 85.7092916938632 0 0
2015 10/22/2015 1059.81896509586 85.7092916938632 0 0
2015 10/23/2015 1059.81896509586 85.7092916938632 0 0
2015 10/24/2015 1059.81896509586 85.7092916938632 0 0
2015 10/25/2015 1059.81896509586 85.7092916938632 0 0
2015 10/26/2015 1059.81896509586 85.7092916938632 0 0
2015 10/27/2015 1059.81896509586 85.7092916938632 0 0
2015 10/28/2015 1070.31267432086 86.5624302538557 0 0
2015 10/29/2015 1073.97183902086 86.8599203439657 0 0
2015 10/30/2015 1074.551418172 86.9070401289534 0 0
2015 10/31/2015 1074.55462705808 86.9073010113917 0 0
2015 11/01/2015 1074.55466455062 86.9073040595352 0 0
2015 11/02/2015 1074.55466455062 86.9073040595352 0 0
2015 11/03/2015 1074.55466455062 86.9073040595352 0 0
2015 11/04/2015 1074.55466455062 86.9073040595352 0 0
2015 11/05/2015 1074.55466455062 86.9073040595352 0 0
2015 11/06/2015 1074.55466455062 86.9073040595352 0 0
2015 11/07/2015 1074.55466455062 86.9073040595352 0 0
2015 11/08/2015 1074.55466455062 86.9073040595352 0 0
2015 11/09/2015 1074.55466455062 86.9073040595352 0 0
2015 11/10/2015 1074.55466455062 86.9073040595352 0 0
2015 11/11/2015 1074.55466455062 86.9073040595352 0 0
2015 11/12/2015 1074.55466455062 86.9073040595352 0 0
2015 11/13/2015 1074.55466455062 86.9073040595352 0 0
2015 11/14/2015 1074.55466455062 86.9073040595352 0 0
2015 11/15/2015 1074.55466455062 86.9073040595352 0 0
2015 11/16/2015 1074.55466455062 86.9073040595352 0 0
2015 11/17/2015 1074.55466455062 86.9073040595352 0 0
2015 11/18/2015 1074.55466455062 86.9073040595352 0 0
2015 11/19/2015 1074.55466455062 86.9073040595352 0 0
2015 11/20/2015 1074.55466455062 86.9073040595352 0 0
2015 11/21/2015 1074.55466455062 86.9073040595352 0 0
2015 11/22/2015 1074.55466455062 86.9073040595352 0 0
2015 11/23/2015 1074.55466455062 86.9073040595352 0 0
2015 11/24/2015 1074.55466455062 86.9073040595352 0 0
2015 11/25/2015 1074.55466455062 86.9073040595352 0 0
2015 11/26/2015 1074.55466455062 86.9073040595352 0 0
2015 11/27/2015 1074.55466455062 86.9073040595352 0 0
2015 11/28/2015 1074.55466455062 86.9073040595352 0 0
2015 11/29/2015 1074.55466455062 86.9073040595352 0 0
2015 11/30/2015 1074.55466455062 86.9073040595352 0 0
2015 12/01/2015 1074.55466455062 86.9073040595352 0 0
2015 12/02/2015 1074.55466455062 86.9073040595352 0 0
2015 12/03/2015 1074.55466455062 86.9073040595352 0 0
2015 12/04/2015 1074.55466455062 86.9073040595352 0 0
2015 12/05/2015 1074.55466455062 86.9073040595352 0 0
2015 12/06/2015 1074.55466455062 86.9073040595352 0 0
2015 12/07/2015 1074.55466455062 86.9073040595352 0 0
2015 12/08/2015 1074.55466455062 86.9073040595352 0 0
2015 12/09/2015 1074.55466455062 86.9073040595352 0 0
2015 12/10/2015 1074.55466455062 86.9073040595352 0 0
2015 12/11/2015 1074.55466455062 86.9073040595352 0 0
2015 12/12/2015 1074.55466455062 86.9073040595352 0 0
2015 12/13/2015 1074.55466455062 86.9073040595352 0 0
2015 12/14/2015 1074.55466455062 86.9073040595352 0 0
2015 12/15/2015 1074.55466455062 86.9073040595352 0 0
2015 12/16/2015 1074.55466455062 86.9073040595352 0 0
2015 12/17/2015 1074.55466455062 86.9073040595352 0 0
2015 12/18/2015 1074.55466455062 86.9073040595352 0 0
2015 12/19/2015 1074.55466455062 86.9073040595352 0 0
2015 12/20/2015 1074.55466455062 86.9073040595352 0 0
2015 12/21/2015 1074.55466455062 86.9073040595352 0 0
2015 12/22/2015 1074.55466455062 86.9073040595352 0 0
2015 12/23/2015 1074.55466455062 86.9073040595352 0 0
2015 12/24/2015 1074.55466455062 86.9073040595352 0 0
2015 12/25/2015 1074.55466455062 86.9073040595352 0 0
2015 12/26/2015 1074.55466455062 86.9073040595352 0 0
2015 12/27/2015 1074.55466455062 86.9073040595352 0 0
2015 12/28/2015 1074.55466455062 86.9073040595352 0 0
2015 12/29/2015 1074.55466455062 86.9073040595352 0 0
2015 12/30/2015 1074.55466455062 86.9073040595352 0 0
2015 12/31/2015 1074.55466455062 86.9073040595352 0 0
